[2m2021-04-25 21:08:07.936[0;39m [32m INFO[0;39m [35m1144[0;39m [2m---[0;39m [2m[           main][0;39m [36mcom.huiyi.campus.CampusStartApplication [0;39m [2m:[0;39m Starting CampusStartApplication on yukailideMacBook-Pro.local with PID 1144 (/Users/yukaili/huiyi/zx/campus_health_system/campus_startup/target/classes started by yukaili in /Users/yukaili/huiyi/zx/campus_health_system)
[2m2021-04-25 21:08:07.939[0;39m [32mDEBUG[0;39m [35m1144[0;39m [2m---[0;39m [2m[           main][0;39m [36mcom.huiyi.campus.CampusStartApplication [0;39m [2m:[0;39m Running with Spring Boot v2.2.5.RELEASE, Spring v5.2.4.RELEASE
[2m2021-04-25 21:08:07.940[0;39m [32m INFO[0;39m [35m1144[0;39m [2m---[0;39m [2m[           main][0;39m [36mcom.huiyi.campus.CampusStartApplication [0;39m [2m:[0;39m The following profiles are active: datasource,cache
[2m2021-04-25 21:08:09.284[0;39m [32m INFO[0;39m [35m1144[0;39m [2m---[0;39m [2m[           main][0;39m [36m.s.d.r.c.RepositoryConfigurationDelegate[0;39m [2m:[0;39m Multiple Spring Data modules found, entering strict repository configuration mode!
[2m2021-04-25 21:08:09.286[0;39m [32m INFO[0;39m [35m1144[0;39m [2m---[0;39m [2m[           main][0;39m [36m.s.d.r.c.RepositoryConfigurationDelegate[0;39m [2m:[0;39m Bootstrapping Spring Data Redis repositories in DEFAULT mode.
[2m2021-04-25 21:08:09.358[0;39m [32m INFO[0;39m [35m1144[0;39m [2m---[0;39m [2m[           main][0;39m [36m.s.d.r.c.RepositoryConfigurationDelegate[0;39m [2m:[0;39m Finished Spring Data repository scanning in 53ms. Found 0 Redis repository interfaces.
[2m2021-04-25 21:08:09.874[0;39m [32m INFO[0;39m [35m1144[0;39m [2m---[0;39m [2m[           main][0;39m [36mptablePropertiesBeanFactoryPostProcessor[0;39m [2m:[0;39m Post-processing PropertySource instances
[2m2021-04-25 21:08:09.982[0;39m [32m INFO[0;39m [35m1144[0;39m [2m---[0;39m [2m[           main][0;39m [36mc.u.j.EncryptablePropertySourceConverter[0;39m [2m:[0;39m Converting PropertySource configurationProperties [org.springframework.boot.context.properties.source.ConfigurationPropertySourcesPropertySource] to AOP Proxy
[2m2021-04-25 21:08:09.984[0;39m [32m INFO[0;39m [35m1144[0;39m [2m---[0;39m [2m[           main][0;39m [36mc.u.j.EncryptablePropertySourceConverter[0;39m [2m:[0;39m Converting PropertySource servletConfigInitParams [org.springframework.core.env.PropertySource$StubPropertySource] to EncryptablePropertySourceWrapper
[2m2021-04-25 21:08:09.984[0;39m [32m INFO[0;39m [35m1144[0;39m [2m---[0;39m [2m[           main][0;39m [36mc.u.j.EncryptablePropertySourceConverter[0;39m [2m:[0;39m Converting PropertySource servletContextInitParams [org.springframework.core.env.PropertySource$StubPropertySource] to EncryptablePropertySourceWrapper
[2m2021-04-25 21:08:09.984[0;39m [32m INFO[0;39m [35m1144[0;39m [2m---[0;39m [2m[           main][0;39m [36mc.u.j.EncryptablePropertySourceConverter[0;39m [2m:[0;39m Converting PropertySource systemProperties [org.springframework.core.env.PropertiesPropertySource] to EncryptableMapPropertySourceWrapper
[2m2021-04-25 21:08:09.984[0;39m [32m INFO[0;39m [35m1144[0;39m [2m---[0;39m [2m[           main][0;39m [36mc.u.j.EncryptablePropertySourceConverter[0;39m [2m:[0;39m Converting PropertySource systemEnvironment [org.springframework.boot.env.SystemEnvironmentPropertySourceEnvironmentPostProcessor$OriginAwareSystemEnvironmentPropertySource] to EncryptableMapPropertySourceWrapper
[2m2021-04-25 21:08:09.984[0;39m [32m INFO[0;39m [35m1144[0;39m [2m---[0;39m [2m[           main][0;39m [36mc.u.j.EncryptablePropertySourceConverter[0;39m [2m:[0;39m Converting PropertySource random [org.springframework.boot.env.RandomValuePropertySource] to EncryptablePropertySourceWrapper
[2m2021-04-25 21:08:09.984[0;39m [32m INFO[0;39m [35m1144[0;39m [2m---[0;39m [2m[           main][0;39m [36mc.u.j.EncryptablePropertySourceConverter[0;39m [2m:[0;39m Converting PropertySource applicationConfig: [classpath:/application-cache.yml] [org.springframework.boot.env.OriginTrackedMapPropertySource] to EncryptableMapPropertySourceWrapper
[2m2021-04-25 21:08:09.984[0;39m [32m INFO[0;39m [35m1144[0;39m [2m---[0;39m [2m[           main][0;39m [36mc.u.j.EncryptablePropertySourceConverter[0;39m [2m:[0;39m Converting PropertySource applicationConfig: [classpath:/application-datasource.yml] [org.springframework.boot.env.OriginTrackedMapPropertySource] to EncryptableMapPropertySourceWrapper
[2m2021-04-25 21:08:09.985[0;39m [32m INFO[0;39m [35m1144[0;39m [2m---[0;39m [2m[           main][0;39m [36mc.u.j.EncryptablePropertySourceConverter[0;39m [2m:[0;39m Converting PropertySource applicationConfig: [classpath:/application.yml] [org.springframework.boot.env.OriginTrackedMapPropertySource] to EncryptableMapPropertySourceWrapper
[2m2021-04-25 21:08:10.083[0;39m [32m INFO[0;39m [35m1144[0;39m [2m---[0;39m [2m[           main][0;39m [36mc.u.j.filter.DefaultLazyPropertyFilter  [0;39m [2m:[0;39m Property Filter custom Bean not found with name 'encryptablePropertyFilter'. Initializing Default Property Filter
[2m2021-04-25 21:08:10.368[0;39m [32m INFO[0;39m [35m1144[0;39m [2m---[0;39m [2m[           main][0;39m [36mtrationDelegate$BeanPostProcessorChecker[0;39m [2m:[0;39m Bean 'redisConfig' of type [com.huiyi.campus.common.config.redis.RedisConfig$$EnhancerBySpringCGLIB$$14893036] is not eligible for getting processed by all BeanPostProcessors (for example: not eligible for auto-proxying)
[2m2021-04-25 21:08:10.542[0;39m [32m INFO[0;39m [35m1144[0;39m [2m---[0;39m [2m[           main][0;39m [36mc.u.j.r.DefaultLazyPropertyResolver     [0;39m [2m:[0;39m Property Resolver custom Bean not found with name 'encryptablePropertyResolver'. Initializing Default Property Resolver
[2m2021-04-25 21:08:10.544[0;39m [32m INFO[0;39m [35m1144[0;39m [2m---[0;39m [2m[           main][0;39m [36mc.u.j.d.DefaultLazyPropertyDetector     [0;39m [2m:[0;39m Property Detector custom Bean not found with name 'encryptablePropertyDetector'. Initializing Default Property Detector
[2m2021-04-25 21:08:11.042[0;39m [32m INFO[0;39m [35m1144[0;39m [2m---[0;39m [2m[           main][0;39m [36mio.undertow.servlet                     [0;39m [2m:[0;39m Initializing Spring embedded WebApplicationContext
[2m2021-04-25 21:08:11.043[0;39m [32m INFO[0;39m [35m1144[0;39m [2m---[0;39m [2m[           main][0;39m [36mo.s.web.context.ContextLoader           [0;39m [2m:[0;39m Root WebApplicationContext: initialization completed in 3041 ms
[2m2021-04-25 21:08:13.468[0;39m [32mDEBUG[0;39m [35m1144[0;39m [2m---[0;39m [2m[           main][0;39m [36mc.h.c.common.utils.idworker.IdWorker    [0;39m [2m:[0;39m worker starting. timestamp left shift 21, worker id 0
[2m2021-04-25 21:08:14.026[0;39m [32m INFO[0;39m [35m1144[0;39m [2m---[0;39m [2m[           main][0;39m [36mpertySourcedRequestMappingHandlerMapping[0;39m [2m:[0;39m Mapped URL path [/v2/api-docs] onto method [springfox.documentation.swagger2.web.Swagger2Controller#getDocumentation(String, HttpServletRequest)]
[2m2021-04-25 21:08:14.391[0;39m [32m INFO[0;39m [35m1144[0;39m [2m---[0;39m [2m[           main][0;39m [36mo.s.s.concurrent.ThreadPoolTaskExecutor [0;39m [2m:[0;39m Initializing ExecutorService 'applicationTaskExecutor'
[2m2021-04-25 21:08:14.914[0;39m [32m INFO[0;39m [35m1144[0;39m [2m---[0;39m [2m[           main][0;39m [36morg.quartz.impl.StdSchedulerFactory     [0;39m [2m:[0;39m Using default implementation for ThreadExecutor
[2m2021-04-25 21:08:14.923[0;39m [32m INFO[0;39m [35m1144[0;39m [2m---[0;39m [2m[           main][0;39m [36morg.quartz.core.SchedulerSignalerImpl   [0;39m [2m:[0;39m Initialized Scheduler Signaller of type: class org.quartz.core.SchedulerSignalerImpl
[2m2021-04-25 21:08:14.923[0;39m [32m INFO[0;39m [35m1144[0;39m [2m---[0;39m [2m[           main][0;39m [36morg.quartz.core.QuartzScheduler         [0;39m [2m:[0;39m Quartz Scheduler v.2.3.2 created.
[2m2021-04-25 21:08:14.923[0;39m [32m INFO[0;39m [35m1144[0;39m [2m---[0;39m [2m[           main][0;39m [36morg.quartz.simpl.RAMJobStore            [0;39m [2m:[0;39m RAMJobStore initialized.
[2m2021-04-25 21:08:14.924[0;39m [32m INFO[0;39m [35m1144[0;39m [2m---[0;39m [2m[           main][0;39m [36morg.quartz.core.QuartzScheduler         [0;39m [2m:[0;39m Scheduler meta-data: Quartz Scheduler (v2.3.2) 'quartzScheduler' with instanceId 'NON_CLUSTERED'
  Scheduler class: 'org.quartz.core.QuartzScheduler' - running locally.
  NOT STARTED.
  Currently in standby mode.
  Number of jobs executed: 0
  Using thread pool 'org.quartz.simpl.SimpleThreadPool' - with 10 threads.
  Using job-store 'org.quartz.simpl.RAMJobStore' - which does not support persistence. and is not clustered.

[2m2021-04-25 21:08:14.927[0;39m [32m INFO[0;39m [35m1144[0;39m [2m---[0;39m [2m[           main][0;39m [36morg.quartz.impl.StdSchedulerFactory     [0;39m [2m:[0;39m Quartz scheduler 'quartzScheduler' initialized from an externally provided properties instance.
[2m2021-04-25 21:08:14.927[0;39m [32m INFO[0;39m [35m1144[0;39m [2m---[0;39m [2m[           main][0;39m [36morg.quartz.impl.StdSchedulerFactory     [0;39m [2m:[0;39m Quartz scheduler version: 2.3.2
[2m2021-04-25 21:08:14.927[0;39m [32m INFO[0;39m [35m1144[0;39m [2m---[0;39m [2m[           main][0;39m [36morg.quartz.core.QuartzScheduler         [0;39m [2m:[0;39m JobFactory set to: org.springframework.scheduling.quartz.SpringBeanJobFactory@6a7ea7c
[2m2021-04-25 21:08:15.020[0;39m [32m INFO[0;39m [35m1144[0;39m [2m---[0;39m [2m[           main][0;39m [36md.s.w.p.DocumentationPluginsBootstrapper[0;39m [2m:[0;39m Context refreshed
[2m2021-04-25 21:08:15.033[0;39m [32m INFO[0;39m [35m1144[0;39m [2m---[0;39m [2m[           main][0;39m [36md.s.w.p.DocumentationPluginsBootstrapper[0;39m [2m:[0;39m Found 1 custom documentation plugin(s)
[2m2021-04-25 21:08:15.062[0;39m [32m INFO[0;39m [35m1144[0;39m [2m---[0;39m [2m[           main][0;39m [36ms.d.s.w.s.ApiListingReferenceScanner    [0;39m [2m:[0;39m Scanning for api listing references
[2m2021-04-25 21:08:15.622[0;39m [32m INFO[0;39m [35m1144[0;39m [2m---[0;39m [2m[           main][0;39m [36mo.s.s.quartz.SchedulerFactoryBean       [0;39m [2m:[0;39m Starting Quartz Scheduler now
[2m2021-04-25 21:08:15.623[0;39m [32m INFO[0;39m [35m1144[0;39m [2m---[0;39m [2m[           main][0;39m [36morg.quartz.core.QuartzScheduler         [0;39m [2m:[0;39m Scheduler quartzScheduler_$_NON_CLUSTERED started.
[2m2021-04-25 21:08:15.699[0;39m [32m INFO[0;39m [35m1144[0;39m [2m---[0;39m [2m[           main][0;39m [36mio.undertow                             [0;39m [2m:[0;39m starting server: Undertow - 2.0.29.Final
[2m2021-04-25 21:08:15.707[0;39m [32m INFO[0;39m [35m1144[0;39m [2m---[0;39m [2m[           main][0;39m [36morg.xnio                                [0;39m [2m:[0;39m XNIO version 3.3.8.Final
[2m2021-04-25 21:08:15.728[0;39m [32m INFO[0;39m [35m1144[0;39m [2m---[0;39m [2m[           main][0;39m [36morg.xnio.nio                            [0;39m [2m:[0;39m XNIO NIO Implementation Version 3.3.8.Final
[2m2021-04-25 21:08:15.803[0;39m [32m INFO[0;39m [35m1144[0;39m [2m---[0;39m [2m[           main][0;39m [36mo.s.b.w.e.u.UndertowServletWebServer    [0;39m [2m:[0;39m Undertow started on port(s) 8021 (http) with context path '/campus'
[2m2021-04-25 21:08:15.815[0;39m [32m INFO[0;39m [35m1144[0;39m [2m---[0;39m [2m[           main][0;39m [36mcom.huiyi.campus.CampusStartApplication [0;39m [2m:[0;39m Started CampusStartApplication in 8.718 seconds (JVM running for 10.415)
[2m2021-04-25 21:08:15.819[0;39m [32m INFO[0;39m [35m1144[0;39m [2m---[0;39m [2m[           main][0;39m [36mcom.huiyi.campus.CampusStartApplication [0;39m [2m:[0;39m 




                                                                                                                                   dddddddd
                          tttt                                                         tttt                                          d::::::d
                       ttt:::t                                                      ttt:::t                                          d::::::d
                       t:::::t                                                      t:::::t                                          d::::::d
                       t:::::t                                                      t:::::t                                          d:::::d 
    ssssssssss   ttttttt:::::ttttttt      aaaaaaaaaaaaa   rrrrr   rrrrrrrrr   ttttttt:::::ttttttt        eeeeeeeeeeee        ddddddddd:::::d 
  ss::::::::::s  t:::::::::::::::::t      a::::::::::::a  r::::rrr:::::::::r  t:::::::::::::::::t      ee::::::::::::ee    dd::::::::::::::d 
ss:::::::::::::s t:::::::::::::::::t      aaaaaaaaa:::::a r:::::::::::::::::r t:::::::::::::::::t     e::::::eeeee:::::ee d::::::::::::::::d 
s::::::ssss:::::stttttt:::::::tttttt               a::::a rr::::::rrrrr::::::rtttttt:::::::tttttt    e::::::e     e:::::ed:::::::ddddd:::::d 
 s:::::s  ssssss       t:::::t              aaaaaaa:::::a  r:::::r     r:::::r      t:::::t          e:::::::eeeee::::::ed::::::d    d:::::d 
   s::::::s            t:::::t            aa::::::::::::a  r:::::r     rrrrrrr      t:::::t          e:::::::::::::::::e d:::::d     d:::::d 
      s::::::s         t:::::t           a::::aaaa::::::a  r:::::r                  t:::::t          e::::::eeeeeeeeeee  d:::::d     d:::::d 
ssssss   s:::::s       t:::::t    tttttta::::a    a:::::a  r:::::r                  t:::::t    tttttte:::::::e           d:::::d     d:::::d 
s:::::ssss::::::s      t::::::tttt:::::ta::::a    a:::::a  r:::::r                  t::::::tttt:::::te::::::::e          d::::::ddddd::::::dd
s::::::::::::::s       tt::::::::::::::ta:::::aaaa::::::a  r:::::r                  tt::::::::::::::t e::::::::eeeeeeee   d:::::::::::::::::d
 s:::::::::::ss          tt:::::::::::tt a::::::::::aa:::a r:::::r                    tt:::::::::::tt  ee:::::::::::::e    d:::::::::ddd::::d
  sssssssssss              ttttttttttt    aaaaaaaaaa  aaaa rrrrrrr                      ttttttttttt      eeeeeeeeeeeeee     ddddddddd   ddddd





[2m2021-04-25 21:09:15.602[0;39m [32m INFO[0;39m [35m1144[0;39m [2m---[0;39m [2m[  XNIO-1 task-1][0;39m [36mio.undertow.servlet                     [0;39m [2m:[0;39m Initializing Spring DispatcherServlet 'dispatcherServlet'
[2m2021-04-25 21:09:15.604[0;39m [32m INFO[0;39m [35m1144[0;39m [2m---[0;39m [2m[  XNIO-1 task-1][0;39m [36mo.s.web.servlet.DispatcherServlet       [0;39m [2m:[0;39m Initializing Servlet 'dispatcherServlet'
[2m2021-04-25 21:09:15.647[0;39m [32m INFO[0;39m [35m1144[0;39m [2m---[0;39m [2m[  XNIO-1 task-1][0;39m [36mo.s.web.servlet.DispatcherServlet       [0;39m [2m:[0;39m Completed initialization in 42 ms
[2m2021-04-25 21:09:15.676[0;39m [32m INFO[0;39m [35m1144[0;39m [2m---[0;39m [2m[  XNIO-1 task-1][0;39m [36mc.h.c.config.AuthenticationInterceptor  [0;39m [2m:[0;39m tokenæ— æ•ˆï¼Œæ— æ³•ç™»å½•
[2m2021-04-25 21:10:02.066[0;39m [32m INFO[0;39m [35m1144[0;39m [2m---[0;39m [2m[  XNIO-1 task-2][0;39m [36mc.h.c.config.AuthenticationInterceptor  [0;39m [2m:[0;39m tokenæ— æ•ˆï¼Œæ— æ³•ç™»å½•
[2m2021-04-25 21:10:11.361[0;39m [32m INFO[0;39m [35m1144[0;39m [2m---[0;39m [2m[extShutdownHook][0;39m [36morg.quartz.core.QuartzScheduler         [0;39m [2m:[0;39m Scheduler quartzScheduler_$_NON_CLUSTERED paused.
[2m2021-04-25 21:10:11.366[0;39m [32m INFO[0;39m [35m1144[0;39m [2m---[0;39m [2m[extShutdownHook][0;39m [36mo.s.s.quartz.SchedulerFactoryBean       [0;39m [2m:[0;39m Shutting down Quartz Scheduler
[2m2021-04-25 21:10:11.366[0;39m [32m INFO[0;39m [35m1144[0;39m [2m---[0;39m [2m[extShutdownHook][0;39m [36morg.quartz.core.QuartzScheduler         [0;39m [2m:[0;39m Scheduler quartzScheduler_$_NON_CLUSTERED shutting down.
[2m2021-04-25 21:10:11.366[0;39m [32m INFO[0;39m [35m1144[0;39m [2m---[0;39m [2m[extShutdownHook][0;39m [36morg.quartz.core.QuartzScheduler         [0;39m [2m:[0;39m Scheduler quartzScheduler_$_NON_CLUSTERED paused.
[2m2021-04-25 21:10:11.366[0;39m [32m INFO[0;39m [35m1144[0;39m [2m---[0;39m [2m[extShutdownHook][0;39m [36morg.quartz.core.QuartzScheduler         [0;39m [2m:[0;39m Scheduler quartzScheduler_$_NON_CLUSTERED shutdown complete.
[2m2021-04-25 21:10:11.371[0;39m [32m INFO[0;39m [35m1144[0;39m [2m---[0;39m [2m[extShutdownHook][0;39m [36mo.s.s.concurrent.ThreadPoolTaskExecutor [0;39m [2m:[0;39m Shutting down ExecutorService 'applicationTaskExecutor'
[2m2021-04-25 21:10:11.479[0;39m [32m INFO[0;39m [35m1144[0;39m [2m---[0;39m [2m[extShutdownHook][0;39m [36mcom.alibaba.druid.pool.DruidDataSource  [0;39m [2m:[0;39m {dataSource-0} closing ...
[2m2021-04-25 21:10:11.491[0;39m [32m INFO[0;39m [35m1144[0;39m [2m---[0;39m [2m[extShutdownHook][0;39m [36mio.undertow.servlet                     [0;39m [2m:[0;39m Destroying Spring FrameworkServlet 'dispatcherServlet'
[2m2021-04-25 21:10:11.509[0;39m [32m INFO[0;39m [35m1144[0;39m [2m---[0;39m [2m[extShutdownHook][0;39m [36mio.undertow                             [0;39m [2m:[0;39m stopping server: Undertow - 2.0.29.Final
[2m2021-04-25 21:10:16.249[0;39m [32m INFO[0;39m [35m1176[0;39m [2m---[0;39m [2m[           main][0;39m [36mcom.huiyi.campus.CampusStartApplication [0;39m [2m:[0;39m Starting CampusStartApplication on yukailideMacBook-Pro.local with PID 1176 (/Users/yukaili/huiyi/zx/campus_health_system/campus_startup/target/classes started by yukaili in /Users/yukaili/huiyi/zx/campus_health_system)
[2m2021-04-25 21:10:16.252[0;39m [32mDEBUG[0;39m [35m1176[0;39m [2m---[0;39m [2m[           main][0;39m [36mcom.huiyi.campus.CampusStartApplication [0;39m [2m:[0;39m Running with Spring Boot v2.2.5.RELEASE, Spring v5.2.4.RELEASE
[2m2021-04-25 21:10:16.252[0;39m [32m INFO[0;39m [35m1176[0;39m [2m---[0;39m [2m[           main][0;39m [36mcom.huiyi.campus.CampusStartApplication [0;39m [2m:[0;39m The following profiles are active: datasource,cache
[2m2021-04-25 21:10:17.659[0;39m [32m INFO[0;39m [35m1176[0;39m [2m---[0;39m [2m[           main][0;39m [36m.s.d.r.c.RepositoryConfigurationDelegate[0;39m [2m:[0;39m Multiple Spring Data modules found, entering strict repository configuration mode!
[2m2021-04-25 21:10:17.662[0;39m [32m INFO[0;39m [35m1176[0;39m [2m---[0;39m [2m[           main][0;39m [36m.s.d.r.c.RepositoryConfigurationDelegate[0;39m [2m:[0;39m Bootstrapping Spring Data Redis repositories in DEFAULT mode.
[2m2021-04-25 21:10:17.719[0;39m [32m INFO[0;39m [35m1176[0;39m [2m---[0;39m [2m[           main][0;39m [36m.s.d.r.c.RepositoryConfigurationDelegate[0;39m [2m:[0;39m Finished Spring Data repository scanning in 44ms. Found 0 Redis repository interfaces.
[2m2021-04-25 21:10:18.092[0;39m [32m INFO[0;39m [35m1176[0;39m [2m---[0;39m [2m[           main][0;39m [36mptablePropertiesBeanFactoryPostProcessor[0;39m [2m:[0;39m Post-processing PropertySource instances
[2m2021-04-25 21:10:18.182[0;39m [32m INFO[0;39m [35m1176[0;39m [2m---[0;39m [2m[           main][0;39m [36mc.u.j.EncryptablePropertySourceConverter[0;39m [2m:[0;39m Converting PropertySource configurationProperties [org.springframework.boot.context.properties.source.ConfigurationPropertySourcesPropertySource] to AOP Proxy
[2m2021-04-25 21:10:18.183[0;39m [32m INFO[0;39m [35m1176[0;39m [2m---[0;39m [2m[           main][0;39m [36mc.u.j.EncryptablePropertySourceConverter[0;39m [2m:[0;39m Converting PropertySource servletConfigInitParams [org.springframework.core.env.PropertySource$StubPropertySource] to EncryptablePropertySourceWrapper
[2m2021-04-25 21:10:18.183[0;39m [32m INFO[0;39m [35m1176[0;39m [2m---[0;39m [2m[           main][0;39m [36mc.u.j.EncryptablePropertySourceConverter[0;39m [2m:[0;39m Converting PropertySource servletContextInitParams [org.springframework.core.env.PropertySource$StubPropertySource] to EncryptablePropertySourceWrapper
[2m2021-04-25 21:10:18.183[0;39m [32m INFO[0;39m [35m1176[0;39m [2m---[0;39m [2m[           main][0;39m [36mc.u.j.EncryptablePropertySourceConverter[0;39m [2m:[0;39m Converting PropertySource systemProperties [org.springframework.core.env.PropertiesPropertySource] to EncryptableMapPropertySourceWrapper
[2m2021-04-25 21:10:18.183[0;39m [32m INFO[0;39m [35m1176[0;39m [2m---[0;39m [2m[           main][0;39m [36mc.u.j.EncryptablePropertySourceConverter[0;39m [2m:[0;39m Converting PropertySource systemEnvironment [org.springframework.boot.env.SystemEnvironmentPropertySourceEnvironmentPostProcessor$OriginAwareSystemEnvironmentPropertySource] to EncryptableMapPropertySourceWrapper
[2m2021-04-25 21:10:18.184[0;39m [32m INFO[0;39m [35m1176[0;39m [2m---[0;39m [2m[           main][0;39m [36mc.u.j.EncryptablePropertySourceConverter[0;39m [2m:[0;39m Converting PropertySource random [org.springframework.boot.env.RandomValuePropertySource] to EncryptablePropertySourceWrapper
[2m2021-04-25 21:10:18.184[0;39m [32m INFO[0;39m [35m1176[0;39m [2m---[0;39m [2m[           main][0;39m [36mc.u.j.EncryptablePropertySourceConverter[0;39m [2m:[0;39m Converting PropertySource applicationConfig: [classpath:/application-cache.yml] [org.springframework.boot.env.OriginTrackedMapPropertySource] to EncryptableMapPropertySourceWrapper
[2m2021-04-25 21:10:18.185[0;39m [32m INFO[0;39m [35m1176[0;39m [2m---[0;39m [2m[           main][0;39m [36mc.u.j.EncryptablePropertySourceConverter[0;39m [2m:[0;39m Converting PropertySource applicationConfig: [classpath:/application-datasource.yml] [org.springframework.boot.env.OriginTrackedMapPropertySource] to EncryptableMapPropertySourceWrapper
[2m2021-04-25 21:10:18.185[0;39m [32m INFO[0;39m [35m1176[0;39m [2m---[0;39m [2m[           main][0;39m [36mc.u.j.EncryptablePropertySourceConverter[0;39m [2m:[0;39m Converting PropertySource applicationConfig: [classpath:/application.yml] [org.springframework.boot.env.OriginTrackedMapPropertySource] to EncryptableMapPropertySourceWrapper
[2m2021-04-25 21:10:18.260[0;39m [32m INFO[0;39m [35m1176[0;39m [2m---[0;39m [2m[           main][0;39m [36mc.u.j.filter.DefaultLazyPropertyFilter  [0;39m [2m:[0;39m Property Filter custom Bean not found with name 'encryptablePropertyFilter'. Initializing Default Property Filter
[2m2021-04-25 21:10:18.430[0;39m [32m INFO[0;39m [35m1176[0;39m [2m---[0;39m [2m[           main][0;39m [36mtrationDelegate$BeanPostProcessorChecker[0;39m [2m:[0;39m Bean 'redisConfig' of type [com.huiyi.campus.common.config.redis.RedisConfig$$EnhancerBySpringCGLIB$$f95160d2] is not eligible for getting processed by all BeanPostProcessors (for example: not eligible for auto-proxying)
[2m2021-04-25 21:10:18.578[0;39m [32m INFO[0;39m [35m1176[0;39m [2m---[0;39m [2m[           main][0;39m [36mc.u.j.r.DefaultLazyPropertyResolver     [0;39m [2m:[0;39m Property Resolver custom Bean not found with name 'encryptablePropertyResolver'. Initializing Default Property Resolver
[2m2021-04-25 21:10:18.579[0;39m [32m INFO[0;39m [35m1176[0;39m [2m---[0;39m [2m[           main][0;39m [36mc.u.j.d.DefaultLazyPropertyDetector     [0;39m [2m:[0;39m Property Detector custom Bean not found with name 'encryptablePropertyDetector'. Initializing Default Property Detector
[2m2021-04-25 21:10:18.978[0;39m [32m INFO[0;39m [35m1176[0;39m [2m---[0;39m [2m[           main][0;39m [36mio.undertow.servlet                     [0;39m [2m:[0;39m Initializing Spring embedded WebApplicationContext
[2m2021-04-25 21:10:18.978[0;39m [32m INFO[0;39m [35m1176[0;39m [2m---[0;39m [2m[           main][0;39m [36mo.s.web.context.ContextLoader           [0;39m [2m:[0;39m Root WebApplicationContext: initialization completed in 2664 ms
[2m2021-04-25 21:10:21.373[0;39m [32mDEBUG[0;39m [35m1176[0;39m [2m---[0;39m [2m[           main][0;39m [36mc.h.c.common.utils.idworker.IdWorker    [0;39m [2m:[0;39m worker starting. timestamp left shift 21, worker id 0
[2m2021-04-25 21:10:21.928[0;39m [32m INFO[0;39m [35m1176[0;39m [2m---[0;39m [2m[           main][0;39m [36mpertySourcedRequestMappingHandlerMapping[0;39m [2m:[0;39m Mapped URL path [/v2/api-docs] onto method [springfox.documentation.swagger2.web.Swagger2Controller#getDocumentation(String, HttpServletRequest)]
[2m2021-04-25 21:10:22.271[0;39m [32m INFO[0;39m [35m1176[0;39m [2m---[0;39m [2m[           main][0;39m [36mo.s.s.concurrent.ThreadPoolTaskExecutor [0;39m [2m:[0;39m Initializing ExecutorService 'applicationTaskExecutor'
[2m2021-04-25 21:10:22.778[0;39m [32m INFO[0;39m [35m1176[0;39m [2m---[0;39m [2m[           main][0;39m [36morg.quartz.impl.StdSchedulerFactory     [0;39m [2m:[0;39m Using default implementation for ThreadExecutor
[2m2021-04-25 21:10:22.785[0;39m [32m INFO[0;39m [35m1176[0;39m [2m---[0;39m [2m[           main][0;39m [36morg.quartz.core.SchedulerSignalerImpl   [0;39m [2m:[0;39m Initialized Scheduler Signaller of type: class org.quartz.core.SchedulerSignalerImpl
[2m2021-04-25 21:10:22.786[0;39m [32m INFO[0;39m [35m1176[0;39m [2m---[0;39m [2m[           main][0;39m [36morg.quartz.core.QuartzScheduler         [0;39m [2m:[0;39m Quartz Scheduler v.2.3.2 created.
[2m2021-04-25 21:10:22.786[0;39m [32m INFO[0;39m [35m1176[0;39m [2m---[0;39m [2m[           main][0;39m [36morg.quartz.simpl.RAMJobStore            [0;39m [2m:[0;39m RAMJobStore initialized.
[2m2021-04-25 21:10:22.787[0;39m [32m INFO[0;39m [35m1176[0;39m [2m---[0;39m [2m[           main][0;39m [36morg.quartz.core.QuartzScheduler         [0;39m [2m:[0;39m Scheduler meta-data: Quartz Scheduler (v2.3.2) 'quartzScheduler' with instanceId 'NON_CLUSTERED'
  Scheduler class: 'org.quartz.core.QuartzScheduler' - running locally.
  NOT STARTED.
  Currently in standby mode.
  Number of jobs executed: 0
  Using thread pool 'org.quartz.simpl.SimpleThreadPool' - with 10 threads.
  Using job-store 'org.quartz.simpl.RAMJobStore' - which does not support persistence. and is not clustered.

[2m2021-04-25 21:10:22.789[0;39m [32m INFO[0;39m [35m1176[0;39m [2m---[0;39m [2m[           main][0;39m [36morg.quartz.impl.StdSchedulerFactory     [0;39m [2m:[0;39m Quartz scheduler 'quartzScheduler' initialized from an externally provided properties instance.
[2m2021-04-25 21:10:22.790[0;39m [32m INFO[0;39m [35m1176[0;39m [2m---[0;39m [2m[           main][0;39m [36morg.quartz.impl.StdSchedulerFactory     [0;39m [2m:[0;39m Quartz scheduler version: 2.3.2
[2m2021-04-25 21:10:22.791[0;39m [32m INFO[0;39m [35m1176[0;39m [2m---[0;39m [2m[           main][0;39m [36morg.quartz.core.QuartzScheduler         [0;39m [2m:[0;39m JobFactory set to: org.springframework.scheduling.quartz.SpringBeanJobFactory@6963b0bd
[2m2021-04-25 21:10:22.882[0;39m [32m INFO[0;39m [35m1176[0;39m [2m---[0;39m [2m[           main][0;39m [36md.s.w.p.DocumentationPluginsBootstrapper[0;39m [2m:[0;39m Context refreshed
[2m2021-04-25 21:10:22.893[0;39m [32m INFO[0;39m [35m1176[0;39m [2m---[0;39m [2m[           main][0;39m [36md.s.w.p.DocumentationPluginsBootstrapper[0;39m [2m:[0;39m Found 1 custom documentation plugin(s)
[2m2021-04-25 21:10:22.920[0;39m [32m INFO[0;39m [35m1176[0;39m [2m---[0;39m [2m[           main][0;39m [36ms.d.s.w.s.ApiListingReferenceScanner    [0;39m [2m:[0;39m Scanning for api listing references
[2m2021-04-25 21:10:23.521[0;39m [32m INFO[0;39m [35m1176[0;39m [2m---[0;39m [2m[           main][0;39m [36mo.s.s.quartz.SchedulerFactoryBean       [0;39m [2m:[0;39m Starting Quartz Scheduler now
[2m2021-04-25 21:10:23.522[0;39m [32m INFO[0;39m [35m1176[0;39m [2m---[0;39m [2m[           main][0;39m [36morg.quartz.core.QuartzScheduler         [0;39m [2m:[0;39m Scheduler quartzScheduler_$_NON_CLUSTERED started.
[2m2021-04-25 21:10:23.572[0;39m [32m INFO[0;39m [35m1176[0;39m [2m---[0;39m [2m[           main][0;39m [36mio.undertow                             [0;39m [2m:[0;39m starting server: Undertow - 2.0.29.Final
[2m2021-04-25 21:10:23.582[0;39m [32m INFO[0;39m [35m1176[0;39m [2m---[0;39m [2m[           main][0;39m [36morg.xnio                                [0;39m [2m:[0;39m XNIO version 3.3.8.Final
[2m2021-04-25 21:10:23.598[0;39m [32m INFO[0;39m [35m1176[0;39m [2m---[0;39m [2m[           main][0;39m [36morg.xnio.nio                            [0;39m [2m:[0;39m XNIO NIO Implementation Version 3.3.8.Final
[2m2021-04-25 21:10:23.687[0;39m [32m INFO[0;39m [35m1176[0;39m [2m---[0;39m [2m[           main][0;39m [36mo.s.b.w.e.u.UndertowServletWebServer    [0;39m [2m:[0;39m Undertow started on port(s) 8021 (http) with context path '/campus'
[2m2021-04-25 21:10:23.702[0;39m [32m INFO[0;39m [35m1176[0;39m [2m---[0;39m [2m[           main][0;39m [36mcom.huiyi.campus.CampusStartApplication [0;39m [2m:[0;39m Started CampusStartApplication in 8.317 seconds (JVM running for 9.401)
[2m2021-04-25 21:10:23.706[0;39m [32m INFO[0;39m [35m1176[0;39m [2m---[0;39m [2m[           main][0;39m [36mcom.huiyi.campus.CampusStartApplication [0;39m [2m:[0;39m 




                                                                                                                                   dddddddd
                          tttt                                                         tttt                                          d::::::d
                       ttt:::t                                                      ttt:::t                                          d::::::d
                       t:::::t                                                      t:::::t                                          d::::::d
                       t:::::t                                                      t:::::t                                          d:::::d 
    ssssssssss   ttttttt:::::ttttttt      aaaaaaaaaaaaa   rrrrr   rrrrrrrrr   ttttttt:::::ttttttt        eeeeeeeeeeee        ddddddddd:::::d 
  ss::::::::::s  t:::::::::::::::::t      a::::::::::::a  r::::rrr:::::::::r  t:::::::::::::::::t      ee::::::::::::ee    dd::::::::::::::d 
ss:::::::::::::s t:::::::::::::::::t      aaaaaaaaa:::::a r:::::::::::::::::r t:::::::::::::::::t     e::::::eeeee:::::ee d::::::::::::::::d 
s::::::ssss:::::stttttt:::::::tttttt               a::::a rr::::::rrrrr::::::rtttttt:::::::tttttt    e::::::e     e:::::ed:::::::ddddd:::::d 
 s:::::s  ssssss       t:::::t              aaaaaaa:::::a  r:::::r     r:::::r      t:::::t          e:::::::eeeee::::::ed::::::d    d:::::d 
   s::::::s            t:::::t            aa::::::::::::a  r:::::r     rrrrrrr      t:::::t          e:::::::::::::::::e d:::::d     d:::::d 
      s::::::s         t:::::t           a::::aaaa::::::a  r:::::r                  t:::::t          e::::::eeeeeeeeeee  d:::::d     d:::::d 
ssssss   s:::::s       t:::::t    tttttta::::a    a:::::a  r:::::r                  t:::::t    tttttte:::::::e           d:::::d     d:::::d 
s:::::ssss::::::s      t::::::tttt:::::ta::::a    a:::::a  r:::::r                  t::::::tttt:::::te::::::::e          d::::::ddddd::::::dd
s::::::::::::::s       tt::::::::::::::ta:::::aaaa::::::a  r:::::r                  tt::::::::::::::t e::::::::eeeeeeee   d:::::::::::::::::d
 s:::::::::::ss          tt:::::::::::tt a::::::::::aa:::a r:::::r                    tt:::::::::::tt  ee:::::::::::::e    d:::::::::ddd::::d
  sssssssssss              ttttttttttt    aaaaaaaaaa  aaaa rrrrrrr                      ttttttttttt      eeeeeeeeeeeeee     ddddddddd   ddddd





[2m2021-04-25 21:10:37.372[0;39m [32m INFO[0;39m [35m1176[0;39m [2m---[0;39m [2m[  XNIO-1 task-1][0;39m [36mio.undertow.servlet                     [0;39m [2m:[0;39m Initializing Spring DispatcherServlet 'dispatcherServlet'
[2m2021-04-25 21:10:37.373[0;39m [32m INFO[0;39m [35m1176[0;39m [2m---[0;39m [2m[  XNIO-1 task-1][0;39m [36mo.s.web.servlet.DispatcherServlet       [0;39m [2m:[0;39m Initializing Servlet 'dispatcherServlet'
[2m2021-04-25 21:10:37.412[0;39m [32m INFO[0;39m [35m1176[0;39m [2m---[0;39m [2m[  XNIO-1 task-1][0;39m [36mo.s.web.servlet.DispatcherServlet       [0;39m [2m:[0;39m Completed initialization in 39 ms
[2m2021-04-25 21:10:37.633[0;39m [32m INFO[0;39m [35m1176[0;39m [2m---[0;39m [2m[  XNIO-1 task-1][0;39m [36mc.h.c.w.h.s.i.CampusHRecordServiceImpl  [0;39m [2m:[0;39m èŽ·å–æ‰€æœ‰å­¦ç”Ÿæ¡£æ¡ˆä¿¡æ¯æŽ¥å£å¼€å§‹æ‰§è¡Œ--->{"schoolId":"","id":"210328BH5B4CXK1P","sex":1,"rows":100,"studentName":"","page":1}
[2m2021-04-25 21:10:45.433[0;39m [32m INFO[0;39m [35m1176[0;39m [2m---[0;39m [2m[  XNIO-1 task-1][0;39m [36mcom.alibaba.druid.pool.DruidDataSource  [0;39m [2m:[0;39m {dataSource-1} inited
[2m2021-04-25 21:10:45.453[0;39m [32mDEBUG[0;39m [35m1176[0;39m [2m---[0;39m [2m[  XNIO-1 task-1][0;39m [36mc.h.c.d.m.w.p.P.selectAll_COUNT         [0;39m [2m:[0;39m ==>  Preparing: SELECT count(0) FROM phy_student_info info LEFT JOIN sys_parent p ON info.parent_id = p.id LEFT JOIN sys_school school ON info.school_id = school.id LEFT JOIN sys_organ organ ON info.organ_id = organ.id LEFT JOIN sys_doctor doctor ON info.doctor_id = doctor.id LEFT JOIN sys_user u ON info.doctor_id = u.id LEFT JOIN sys_grade grade ON info.grade_id = grade.id LEFT JOIN sys_grade_class class ON info.class_id = class.id WHERE 1 = 1 AND info.id = ? AND info.sex = ?
[2m2021-04-25 21:10:45.495[0;39m [32mDEBUG[0;39m [35m1176[0;39m [2m---[0;39m [2m[  XNIO-1 task-1][0;39m [36mc.h.c.d.m.w.p.P.selectAll_COUNT         [0;39m [2m:[0;39m ==> Parameters: 210328BH5B4CXK1P(String), 1(Integer)
[2m2021-04-25 21:10:45.574[0;39m [32mDEBUG[0;39m [35m1176[0;39m [2m---[0;39m [2m[  XNIO-1 task-1][0;39m [36mc.h.c.d.m.w.p.P.selectAll_COUNT         [0;39m [2m:[0;39m <==      Total: 1
[2m2021-04-25 21:10:45.582[0;39m [32mDEBUG[0;39m [35m1176[0;39m [2m---[0;39m [2m[  XNIO-1 task-1][0;39m [36mc.h.c.d.m.w.p.P.selectAll               [0;39m [2m:[0;39m ==>  Preparing: SELECT info.id AS "id", info.student_name AS "studentName", info.sex AS "sex", info.age AS "age", info.birth_date AS "birthDate", info.parent_id AS "parentId", p.user_name AS "parentName", info.school_id AS "schoolId", school.school_name AS "schoolName", info.organ_id AS "organId", organ.organ_name AS "organName", info.student_number AS "studentNumber", info.grade_id AS "gradeId", grade.grade_name AS "gradeName", info.class_id AS "classId", class.class_name AS "className", info.nationality AS "nationality", info.id_card AS "idCard", info.phone_number AS "phoneNumber", info.image AS "image", info.family_address_prov AS "familyAddressProv", info.family_address_city AS "familyAddressCity", info.family_address_area AS "familyAddressArea", info.family_address AS "familyAddress", info.census_address_prov AS "censusAddressProv", info.census_address_city AS "censusAddressCity", info.census_address_area AS "censusAddressArea", info.census_address AS "censusAddress", info.enter_time AS "enterTime", info.doctor_id AS "doctorId", u.nick_name AS "doctorName", info.duty_doctor AS "dutyDoctor", info.phy_file_date AS "phyFileDate", info.create_time AS "createTime", info.operator_id AS "operatorId" FROM phy_student_info info LEFT JOIN sys_parent p ON info.parent_id = p.id LEFT JOIN sys_school school ON info.school_id = school.id LEFT JOIN sys_organ organ ON info.organ_id = organ.id LEFT JOIN sys_doctor doctor ON info.doctor_id = doctor.id LEFT JOIN sys_user u ON info.doctor_id = u.id LEFT JOIN sys_grade grade ON info.grade_id = grade.id LEFT JOIN sys_grade_class class ON info.class_id = class.id WHERE 1=1 AND info.id = ? AND info.sex = ? LIMIT ?
[2m2021-04-25 21:10:45.585[0;39m [32mDEBUG[0;39m [35m1176[0;39m [2m---[0;39m [2m[  XNIO-1 task-1][0;39m [36mc.h.c.d.m.w.p.P.selectAll               [0;39m [2m:[0;39m ==> Parameters: 210328BH5B4CXK1P(String), 1(Integer), 100(Integer)
[2m2021-04-25 21:10:45.649[0;39m [32mDEBUG[0;39m [35m1176[0;39m [2m---[0;39m [2m[  XNIO-1 task-1][0;39m [36mc.h.c.d.m.w.p.P.selectAll               [0;39m [2m:[0;39m <==      Total: 1
[2m2021-04-25 21:10:45.654[0;39m [32m INFO[0;39m [35m1176[0;39m [2m---[0;39m [2m[  XNIO-1 task-1][0;39m [36mc.h.c.w.h.s.i.CampusHRecordServiceImpl  [0;39m [2m:[0;39m èŽ·å–æ‰€æœ‰å­¦ç”Ÿæ¡£æ¡ˆä¿¡æ¯æŽ¥å£ç»“æŸæ‰§è¡Œ--->{"schoolId":"","id":"210328BH5B4CXK1P","sex":1,"rows":100,"studentName":"","page":1}
[2m2021-04-25 21:10:45.655[0;39m [32m INFO[0;39m [35m1176[0;39m [2m---[0;39m [2m[  XNIO-1 task-1][0;39m [36mcom.huiyi.campus.aspect.ServiceAspect   [0;39m [2m:[0;39m æ‰§è¡Œ com.huiyi.campus.web.health.service.impl.CampusHRecordServiceImpl.queryStudentInfoRecord è€—æ—¶ä¸ºï¼š8116ms
[2m2021-04-25 21:11:00.402[0;39m [32m INFO[0;39m [35m1176[0;39m [2m---[0;39m [2m[  XNIO-1 task-2][0;39m [36mc.h.c.w.h.s.i.CampusHRecordServiceImpl  [0;39m [2m:[0;39m èŽ·å–æ‰€æœ‰å­¦ç”Ÿæ¡£æ¡ˆä¿¡æ¯æŽ¥å£å¼€å§‹æ‰§è¡Œ--->{"schoolId":"","id":"","rows":100,"studentName":"","page":1}
[2m2021-04-25 21:11:00.439[0;39m [32mDEBUG[0;39m [35m1176[0;39m [2m---[0;39m [2m[  XNIO-1 task-2][0;39m [36mc.h.c.d.m.w.p.P.selectAll_COUNT         [0;39m [2m:[0;39m ==>  Preparing: SELECT count(0) FROM phy_student_info info LEFT JOIN sys_parent p ON info.parent_id = p.id LEFT JOIN sys_school school ON info.school_id = school.id LEFT JOIN sys_organ organ ON info.organ_id = organ.id LEFT JOIN sys_doctor doctor ON info.doctor_id = doctor.id LEFT JOIN sys_user u ON info.doctor_id = u.id LEFT JOIN sys_grade grade ON info.grade_id = grade.id LEFT JOIN sys_grade_class class ON info.class_id = class.id WHERE 1 = 1
[2m2021-04-25 21:11:00.440[0;39m [32mDEBUG[0;39m [35m1176[0;39m [2m---[0;39m [2m[  XNIO-1 task-2][0;39m [36mc.h.c.d.m.w.p.P.selectAll_COUNT         [0;39m [2m:[0;39m ==> Parameters: 
[2m2021-04-25 21:11:00.497[0;39m [32mDEBUG[0;39m [35m1176[0;39m [2m---[0;39m [2m[  XNIO-1 task-2][0;39m [36mc.h.c.d.m.w.p.P.selectAll_COUNT         [0;39m [2m:[0;39m <==      Total: 1
[2m2021-04-25 21:11:00.499[0;39m [32mDEBUG[0;39m [35m1176[0;39m [2m---[0;39m [2m[  XNIO-1 task-2][0;39m [36mc.h.c.d.m.w.p.P.selectAll               [0;39m [2m:[0;39m ==>  Preparing: SELECT info.id AS "id", info.student_name AS "studentName", info.sex AS "sex", info.age AS "age", info.birth_date AS "birthDate", info.parent_id AS "parentId", p.user_name AS "parentName", info.school_id AS "schoolId", school.school_name AS "schoolName", info.organ_id AS "organId", organ.organ_name AS "organName", info.student_number AS "studentNumber", info.grade_id AS "gradeId", grade.grade_name AS "gradeName", info.class_id AS "classId", class.class_name AS "className", info.nationality AS "nationality", info.id_card AS "idCard", info.phone_number AS "phoneNumber", info.image AS "image", info.family_address_prov AS "familyAddressProv", info.family_address_city AS "familyAddressCity", info.family_address_area AS "familyAddressArea", info.family_address AS "familyAddress", info.census_address_prov AS "censusAddressProv", info.census_address_city AS "censusAddressCity", info.census_address_area AS "censusAddressArea", info.census_address AS "censusAddress", info.enter_time AS "enterTime", info.doctor_id AS "doctorId", u.nick_name AS "doctorName", info.duty_doctor AS "dutyDoctor", info.phy_file_date AS "phyFileDate", info.create_time AS "createTime", info.operator_id AS "operatorId" FROM phy_student_info info LEFT JOIN sys_parent p ON info.parent_id = p.id LEFT JOIN sys_school school ON info.school_id = school.id LEFT JOIN sys_organ organ ON info.organ_id = organ.id LEFT JOIN sys_doctor doctor ON info.doctor_id = doctor.id LEFT JOIN sys_user u ON info.doctor_id = u.id LEFT JOIN sys_grade grade ON info.grade_id = grade.id LEFT JOIN sys_grade_class class ON info.class_id = class.id WHERE 1=1 LIMIT ?
[2m2021-04-25 21:11:00.501[0;39m [32mDEBUG[0;39m [35m1176[0;39m [2m---[0;39m [2m[  XNIO-1 task-2][0;39m [36mc.h.c.d.m.w.p.P.selectAll               [0;39m [2m:[0;39m ==> Parameters: 100(Integer)
[2m2021-04-25 21:11:00.661[0;39m [32mDEBUG[0;39m [35m1176[0;39m [2m---[0;39m [2m[  XNIO-1 task-2][0;39m [36mc.h.c.d.m.w.p.P.selectAll               [0;39m [2m:[0;39m <==      Total: 45
[2m2021-04-25 21:11:00.667[0;39m [32m INFO[0;39m [35m1176[0;39m [2m---[0;39m [2m[  XNIO-1 task-2][0;39m [36mc.h.c.w.h.s.i.CampusHRecordServiceImpl  [0;39m [2m:[0;39m èŽ·å–æ‰€æœ‰å­¦ç”Ÿæ¡£æ¡ˆä¿¡æ¯æŽ¥å£ç»“æŸæ‰§è¡Œ--->{"schoolId":"","id":"","rows":100,"studentName":"","page":1}
[2m2021-04-25 21:11:00.667[0;39m [32m INFO[0;39m [35m1176[0;39m [2m---[0;39m [2m[  XNIO-1 task-2][0;39m [36mcom.huiyi.campus.aspect.ServiceAspect   [0;39m [2m:[0;39m æ‰§è¡Œ com.huiyi.campus.web.health.service.impl.CampusHRecordServiceImpl.queryStudentInfoRecord è€—æ—¶ä¸ºï¼š267ms
[2m2021-04-25 21:11:18.286[0;39m [32m INFO[0;39m [35m1176[0;39m [2m---[0;39m [2m[  XNIO-1 task-3][0;39m [36mc.h.c.w.h.s.i.CampusHRecordServiceImpl  [0;39m [2m:[0;39m èŽ·å–æ‰€æœ‰å­¦ç”Ÿæ¡£æ¡ˆä¿¡æ¯æŽ¥å£å¼€å§‹æ‰§è¡Œ--->{"schoolId":"","id":"","rows":5,"studentName":"","page":1}
[2m2021-04-25 21:11:18.323[0;39m [32mDEBUG[0;39m [35m1176[0;39m [2m---[0;39m [2m[  XNIO-1 task-3][0;39m [36mc.h.c.d.m.w.p.P.selectAll_COUNT         [0;39m [2m:[0;39m ==>  Preparing: SELECT count(0) FROM phy_student_info info LEFT JOIN sys_parent p ON info.parent_id = p.id LEFT JOIN sys_school school ON info.school_id = school.id LEFT JOIN sys_organ organ ON info.organ_id = organ.id LEFT JOIN sys_doctor doctor ON info.doctor_id = doctor.id LEFT JOIN sys_user u ON info.doctor_id = u.id LEFT JOIN sys_grade grade ON info.grade_id = grade.id LEFT JOIN sys_grade_class class ON info.class_id = class.id WHERE 1 = 1
[2m2021-04-25 21:11:18.324[0;39m [32mDEBUG[0;39m [35m1176[0;39m [2m---[0;39m [2m[  XNIO-1 task-3][0;39m [36mc.h.c.d.m.w.p.P.selectAll_COUNT         [0;39m [2m:[0;39m ==> Parameters: 
[2m2021-04-25 21:11:18.398[0;39m [32mDEBUG[0;39m [35m1176[0;39m [2m---[0;39m [2m[  XNIO-1 task-3][0;39m [36mc.h.c.d.m.w.p.P.selectAll_COUNT         [0;39m [2m:[0;39m <==      Total: 1
[2m2021-04-25 21:11:18.404[0;39m [32mDEBUG[0;39m [35m1176[0;39m [2m---[0;39m [2m[  XNIO-1 task-3][0;39m [36mc.h.c.d.m.w.p.P.selectAll               [0;39m [2m:[0;39m ==>  Preparing: SELECT info.id AS "id", info.student_name AS "studentName", info.sex AS "sex", info.age AS "age", info.birth_date AS "birthDate", info.parent_id AS "parentId", p.user_name AS "parentName", info.school_id AS "schoolId", school.school_name AS "schoolName", info.organ_id AS "organId", organ.organ_name AS "organName", info.student_number AS "studentNumber", info.grade_id AS "gradeId", grade.grade_name AS "gradeName", info.class_id AS "classId", class.class_name AS "className", info.nationality AS "nationality", info.id_card AS "idCard", info.phone_number AS "phoneNumber", info.image AS "image", info.family_address_prov AS "familyAddressProv", info.family_address_city AS "familyAddressCity", info.family_address_area AS "familyAddressArea", info.family_address AS "familyAddress", info.census_address_prov AS "censusAddressProv", info.census_address_city AS "censusAddressCity", info.census_address_area AS "censusAddressArea", info.census_address AS "censusAddress", info.enter_time AS "enterTime", info.doctor_id AS "doctorId", u.nick_name AS "doctorName", info.duty_doctor AS "dutyDoctor", info.phy_file_date AS "phyFileDate", info.create_time AS "createTime", info.operator_id AS "operatorId" FROM phy_student_info info LEFT JOIN sys_parent p ON info.parent_id = p.id LEFT JOIN sys_school school ON info.school_id = school.id LEFT JOIN sys_organ organ ON info.organ_id = organ.id LEFT JOIN sys_doctor doctor ON info.doctor_id = doctor.id LEFT JOIN sys_user u ON info.doctor_id = u.id LEFT JOIN sys_grade grade ON info.grade_id = grade.id LEFT JOIN sys_grade_class class ON info.class_id = class.id WHERE 1=1 LIMIT ?
[2m2021-04-25 21:11:18.405[0;39m [32mDEBUG[0;39m [35m1176[0;39m [2m---[0;39m [2m[  XNIO-1 task-3][0;39m [36mc.h.c.d.m.w.p.P.selectAll               [0;39m [2m:[0;39m ==> Parameters: 5(Integer)
[2m2021-04-25 21:11:18.485[0;39m [32mDEBUG[0;39m [35m1176[0;39m [2m---[0;39m [2m[  XNIO-1 task-3][0;39m [36mc.h.c.d.m.w.p.P.selectAll               [0;39m [2m:[0;39m <==      Total: 5
[2m2021-04-25 21:11:18.487[0;39m [32m INFO[0;39m [35m1176[0;39m [2m---[0;39m [2m[  XNIO-1 task-3][0;39m [36mc.h.c.w.h.s.i.CampusHRecordServiceImpl  [0;39m [2m:[0;39m èŽ·å–æ‰€æœ‰å­¦ç”Ÿæ¡£æ¡ˆä¿¡æ¯æŽ¥å£ç»“æŸæ‰§è¡Œ--->{"schoolId":"","id":"","rows":5,"studentName":"","page":1}
[2m2021-04-25 21:11:18.487[0;39m [32m INFO[0;39m [35m1176[0;39m [2m---[0;39m [2m[  XNIO-1 task-3][0;39m [36mcom.huiyi.campus.aspect.ServiceAspect   [0;39m [2m:[0;39m æ‰§è¡Œ com.huiyi.campus.web.health.service.impl.CampusHRecordServiceImpl.queryStudentInfoRecord è€—æ—¶ä¸ºï¼š202ms
[2m2021-04-25 21:11:40.746[0;39m [32m INFO[0;39m [35m1176[0;39m [2m---[0;39m [2m[  XNIO-1 task-4][0;39m [36mc.h.c.w.h.s.i.CampusHRecordServiceImpl  [0;39m [2m:[0;39m èŽ·å–æ‰€æœ‰å­¦ç”Ÿæ¡£æ¡ˆä¿¡æ¯æŽ¥å£å¼€å§‹æ‰§è¡Œ--->{"schoolId":"","id":"","rows":100,"studentName":"","page":2}
[2m2021-04-25 21:11:40.772[0;39m [32mDEBUG[0;39m [35m1176[0;39m [2m---[0;39m [2m[  XNIO-1 task-4][0;39m [36mc.h.c.d.m.w.p.P.selectAll_COUNT         [0;39m [2m:[0;39m ==>  Preparing: SELECT count(0) FROM phy_student_info info LEFT JOIN sys_parent p ON info.parent_id = p.id LEFT JOIN sys_school school ON info.school_id = school.id LEFT JOIN sys_organ organ ON info.organ_id = organ.id LEFT JOIN sys_doctor doctor ON info.doctor_id = doctor.id LEFT JOIN sys_user u ON info.doctor_id = u.id LEFT JOIN sys_grade grade ON info.grade_id = grade.id LEFT JOIN sys_grade_class class ON info.class_id = class.id WHERE 1 = 1
[2m2021-04-25 21:11:40.773[0;39m [32mDEBUG[0;39m [35m1176[0;39m [2m---[0;39m [2m[  XNIO-1 task-4][0;39m [36mc.h.c.d.m.w.p.P.selectAll_COUNT         [0;39m [2m:[0;39m ==> Parameters: 
[2m2021-04-25 21:11:40.826[0;39m [32mDEBUG[0;39m [35m1176[0;39m [2m---[0;39m [2m[  XNIO-1 task-4][0;39m [36mc.h.c.d.m.w.p.P.selectAll_COUNT         [0;39m [2m:[0;39m <==      Total: 1
[2m2021-04-25 21:11:40.828[0;39m [32mDEBUG[0;39m [35m1176[0;39m [2m---[0;39m [2m[  XNIO-1 task-4][0;39m [36mc.h.c.d.m.w.p.P.selectAll               [0;39m [2m:[0;39m ==>  Preparing: SELECT info.id AS "id", info.student_name AS "studentName", info.sex AS "sex", info.age AS "age", info.birth_date AS "birthDate", info.parent_id AS "parentId", p.user_name AS "parentName", info.school_id AS "schoolId", school.school_name AS "schoolName", info.organ_id AS "organId", organ.organ_name AS "organName", info.student_number AS "studentNumber", info.grade_id AS "gradeId", grade.grade_name AS "gradeName", info.class_id AS "classId", class.class_name AS "className", info.nationality AS "nationality", info.id_card AS "idCard", info.phone_number AS "phoneNumber", info.image AS "image", info.family_address_prov AS "familyAddressProv", info.family_address_city AS "familyAddressCity", info.family_address_area AS "familyAddressArea", info.family_address AS "familyAddress", info.census_address_prov AS "censusAddressProv", info.census_address_city AS "censusAddressCity", info.census_address_area AS "censusAddressArea", info.census_address AS "censusAddress", info.enter_time AS "enterTime", info.doctor_id AS "doctorId", u.nick_name AS "doctorName", info.duty_doctor AS "dutyDoctor", info.phy_file_date AS "phyFileDate", info.create_time AS "createTime", info.operator_id AS "operatorId" FROM phy_student_info info LEFT JOIN sys_parent p ON info.parent_id = p.id LEFT JOIN sys_school school ON info.school_id = school.id LEFT JOIN sys_organ organ ON info.organ_id = organ.id LEFT JOIN sys_doctor doctor ON info.doctor_id = doctor.id LEFT JOIN sys_user u ON info.doctor_id = u.id LEFT JOIN sys_grade grade ON info.grade_id = grade.id LEFT JOIN sys_grade_class class ON info.class_id = class.id WHERE 1=1 LIMIT ?
[2m2021-04-25 21:11:40.831[0;39m [32mDEBUG[0;39m [35m1176[0;39m [2m---[0;39m [2m[  XNIO-1 task-4][0;39m [36mc.h.c.d.m.w.p.P.selectAll               [0;39m [2m:[0;39m ==> Parameters: 100(Integer)
[2m2021-04-25 21:11:40.959[0;39m [32mDEBUG[0;39m [35m1176[0;39m [2m---[0;39m [2m[  XNIO-1 task-4][0;39m [36mc.h.c.d.m.w.p.P.selectAll               [0;39m [2m:[0;39m <==      Total: 45
[2m2021-04-25 21:11:40.960[0;39m [32m INFO[0;39m [35m1176[0;39m [2m---[0;39m [2m[  XNIO-1 task-4][0;39m [36mc.h.c.w.h.s.i.CampusHRecordServiceImpl  [0;39m [2m:[0;39m èŽ·å–æ‰€æœ‰å­¦ç”Ÿæ¡£æ¡ˆä¿¡æ¯æŽ¥å£ç»“æŸæ‰§è¡Œ--->{"schoolId":"","id":"","rows":100,"studentName":"","page":2}
[2m2021-04-25 21:11:40.961[0;39m [32m INFO[0;39m [35m1176[0;39m [2m---[0;39m [2m[  XNIO-1 task-4][0;39m [36mcom.huiyi.campus.aspect.ServiceAspect   [0;39m [2m:[0;39m æ‰§è¡Œ com.huiyi.campus.web.health.service.impl.CampusHRecordServiceImpl.queryStudentInfoRecord è€—æ—¶ä¸ºï¼š215ms
[2m2021-04-25 21:22:26.927[0;39m [32m INFO[0;39m [35m1176[0;39m [2m---[0;39m [2m[extShutdownHook][0;39m [36morg.quartz.core.QuartzScheduler         [0;39m [2m:[0;39m Scheduler quartzScheduler_$_NON_CLUSTERED paused.
[2m2021-04-25 21:22:26.932[0;39m [32m INFO[0;39m [35m1176[0;39m [2m---[0;39m [2m[extShutdownHook][0;39m [36mo.s.s.quartz.SchedulerFactoryBean       [0;39m [2m:[0;39m Shutting down Quartz Scheduler
[2m2021-04-25 21:22:26.932[0;39m [32m INFO[0;39m [35m1176[0;39m [2m---[0;39m [2m[extShutdownHook][0;39m [36morg.quartz.core.QuartzScheduler         [0;39m [2m:[0;39m Scheduler quartzScheduler_$_NON_CLUSTERED shutting down.
[2m2021-04-25 21:22:26.932[0;39m [32m INFO[0;39m [35m1176[0;39m [2m---[0;39m [2m[extShutdownHook][0;39m [36morg.quartz.core.QuartzScheduler         [0;39m [2m:[0;39m Scheduler quartzScheduler_$_NON_CLUSTERED paused.
[2m2021-04-25 21:22:26.935[0;39m [32m INFO[0;39m [35m1176[0;39m [2m---[0;39m [2m[extShutdownHook][0;39m [36morg.quartz.core.QuartzScheduler         [0;39m [2m:[0;39m Scheduler quartzScheduler_$_NON_CLUSTERED shutdown complete.
[2m2021-04-25 21:22:26.942[0;39m [32m INFO[0;39m [35m1176[0;39m [2m---[0;39m [2m[extShutdownHook][0;39m [36mo.s.s.concurrent.ThreadPoolTaskExecutor [0;39m [2m:[0;39m Shutting down ExecutorService 'applicationTaskExecutor'
[2m2021-04-25 21:22:27.084[0;39m [32m INFO[0;39m [35m1176[0;39m [2m---[0;39m [2m[extShutdownHook][0;39m [36mcom.alibaba.druid.pool.DruidDataSource  [0;39m [2m:[0;39m {dataSource-1} closing ...
[2m2021-04-25 21:22:27.120[0;39m [32m INFO[0;39m [35m1176[0;39m [2m---[0;39m [2m[extShutdownHook][0;39m [36mcom.alibaba.druid.pool.DruidDataSource  [0;39m [2m:[0;39m {dataSource-1} closed
[2m2021-04-25 21:22:27.144[0;39m [32m INFO[0;39m [35m1176[0;39m [2m---[0;39m [2m[extShutdownHook][0;39m [36mio.undertow.servlet                     [0;39m [2m:[0;39m Destroying Spring FrameworkServlet 'dispatcherServlet'
[2m2021-04-25 21:22:27.150[0;39m [32m INFO[0;39m [35m1176[0;39m [2m---[0;39m [2m[extShutdownHook][0;39m [36mio.undertow                             [0;39m [2m:[0;39m stopping server: Undertow - 2.0.29.Final
