[2m2021-10-21 20:18:31.717[0;39m [32m INFO[0;39m [35m96525[0;39m [2m---[0;39m [2m[           main][0;39m [36mcom.huiyi.campus.CampusStartApplication [0;39m [2m:[0;39m Starting CampusStartApplication on yukailideMacBook-Pro.local with PID 96525 (/Users/yukaili/huiyi/zx/campus_health_system/campus_startup/target/classes started by yukaili in /Users/yukaili/huiyi/zx/campus_health_system)
[2m2021-10-21 20:18:31.720[0;39m [32mDEBUG[0;39m [35m96525[0;39m [2m---[0;39m [2m[           main][0;39m [36mcom.huiyi.campus.CampusStartApplication [0;39m [2m:[0;39m Running with Spring Boot v2.2.5.RELEASE, Spring v5.2.4.RELEASE
[2m2021-10-21 20:18:31.720[0;39m [32m INFO[0;39m [35m96525[0;39m [2m---[0;39m [2m[           main][0;39m [36mcom.huiyi.campus.CampusStartApplication [0;39m [2m:[0;39m The following profiles are active: datasource,cache
[2m2021-10-21 20:18:33.207[0;39m [32m INFO[0;39m [35m96525[0;39m [2m---[0;39m [2m[           main][0;39m [36m.s.d.r.c.RepositoryConfigurationDelegate[0;39m [2m:[0;39m Multiple Spring Data modules found, entering strict repository configuration mode!
[2m2021-10-21 20:18:33.210[0;39m [32m INFO[0;39m [35m96525[0;39m [2m---[0;39m [2m[           main][0;39m [36m.s.d.r.c.RepositoryConfigurationDelegate[0;39m [2m:[0;39m Bootstrapping Spring Data Redis repositories in DEFAULT mode.
[2m2021-10-21 20:18:33.280[0;39m [32m INFO[0;39m [35m96525[0;39m [2m---[0;39m [2m[           main][0;39m [36m.s.d.r.c.RepositoryConfigurationDelegate[0;39m [2m:[0;39m Finished Spring Data repository scanning in 51ms. Found 0 Redis repository interfaces.
[2m2021-10-21 20:18:33.675[0;39m [32m INFO[0;39m [35m96525[0;39m [2m---[0;39m [2m[           main][0;39m [36mptablePropertiesBeanFactoryPostProcessor[0;39m [2m:[0;39m Post-processing PropertySource instances
[2m2021-10-21 20:18:33.753[0;39m [32m INFO[0;39m [35m96525[0;39m [2m---[0;39m [2m[           main][0;39m [36mc.u.j.EncryptablePropertySourceConverter[0;39m [2m:[0;39m Converting PropertySource configurationProperties [org.springframework.boot.context.properties.source.ConfigurationPropertySourcesPropertySource] to AOP Proxy
[2m2021-10-21 20:18:33.755[0;39m [32m INFO[0;39m [35m96525[0;39m [2m---[0;39m [2m[           main][0;39m [36mc.u.j.EncryptablePropertySourceConverter[0;39m [2m:[0;39m Converting PropertySource servletConfigInitParams [org.springframework.core.env.PropertySource$StubPropertySource] to EncryptablePropertySourceWrapper
[2m2021-10-21 20:18:33.755[0;39m [32m INFO[0;39m [35m96525[0;39m [2m---[0;39m [2m[           main][0;39m [36mc.u.j.EncryptablePropertySourceConverter[0;39m [2m:[0;39m Converting PropertySource servletContextInitParams [org.springframework.core.env.PropertySource$StubPropertySource] to EncryptablePropertySourceWrapper
[2m2021-10-21 20:18:33.757[0;39m [32m INFO[0;39m [35m96525[0;39m [2m---[0;39m [2m[           main][0;39m [36mc.u.j.EncryptablePropertySourceConverter[0;39m [2m:[0;39m Converting PropertySource systemProperties [org.springframework.core.env.PropertiesPropertySource] to EncryptableMapPropertySourceWrapper
[2m2021-10-21 20:18:33.757[0;39m [32m INFO[0;39m [35m96525[0;39m [2m---[0;39m [2m[           main][0;39m [36mc.u.j.EncryptablePropertySourceConverter[0;39m [2m:[0;39m Converting PropertySource systemEnvironment [org.springframework.boot.env.SystemEnvironmentPropertySourceEnvironmentPostProcessor$OriginAwareSystemEnvironmentPropertySource] to EncryptableMapPropertySourceWrapper
[2m2021-10-21 20:18:33.757[0;39m [32m INFO[0;39m [35m96525[0;39m [2m---[0;39m [2m[           main][0;39m [36mc.u.j.EncryptablePropertySourceConverter[0;39m [2m:[0;39m Converting PropertySource random [org.springframework.boot.env.RandomValuePropertySource] to EncryptablePropertySourceWrapper
[2m2021-10-21 20:18:33.757[0;39m [32m INFO[0;39m [35m96525[0;39m [2m---[0;39m [2m[           main][0;39m [36mc.u.j.EncryptablePropertySourceConverter[0;39m [2m:[0;39m Converting PropertySource applicationConfig: [classpath:/application-cache.yml] [org.springframework.boot.env.OriginTrackedMapPropertySource] to EncryptableMapPropertySourceWrapper
[2m2021-10-21 20:18:33.757[0;39m [32m INFO[0;39m [35m96525[0;39m [2m---[0;39m [2m[           main][0;39m [36mc.u.j.EncryptablePropertySourceConverter[0;39m [2m:[0;39m Converting PropertySource applicationConfig: [classpath:/application-datasource.yml] [org.springframework.boot.env.OriginTrackedMapPropertySource] to EncryptableMapPropertySourceWrapper
[2m2021-10-21 20:18:33.757[0;39m [32m INFO[0;39m [35m96525[0;39m [2m---[0;39m [2m[           main][0;39m [36mc.u.j.EncryptablePropertySourceConverter[0;39m [2m:[0;39m Converting PropertySource applicationConfig: [classpath:/application.yml] [org.springframework.boot.env.OriginTrackedMapPropertySource] to EncryptableMapPropertySourceWrapper
[2m2021-10-21 20:18:33.882[0;39m [32m INFO[0;39m [35m96525[0;39m [2m---[0;39m [2m[           main][0;39m [36mc.u.j.filter.DefaultLazyPropertyFilter  [0;39m [2m:[0;39m Property Filter custom Bean not found with name 'encryptablePropertyFilter'. Initializing Default Property Filter
[2m2021-10-21 20:18:33.893[0;39m [32m INFO[0;39m [35m96525[0;39m [2m---[0;39m [2m[           main][0;39m [36mtrationDelegate$BeanPostProcessorChecker[0;39m [2m:[0;39m Bean 'com.alibaba.druid.spring.boot.autoconfigure.stat.DruidSpringAopConfiguration' of type [com.alibaba.druid.spring.boot.autoconfigure.stat.DruidSpringAopConfiguration] is not eligible for getting processed by all BeanPostProcessors (for example: not eligible for auto-proxying)
[2m2021-10-21 20:18:33.947[0;39m [32m INFO[0;39m [35m96525[0;39m [2m---[0;39m [2m[           main][0;39m [36mc.u.j.r.DefaultLazyPropertyResolver     [0;39m [2m:[0;39m Property Resolver custom Bean not found with name 'encryptablePropertyResolver'. Initializing Default Property Resolver
[2m2021-10-21 20:18:33.948[0;39m [32m INFO[0;39m [35m96525[0;39m [2m---[0;39m [2m[           main][0;39m [36mc.u.j.d.DefaultLazyPropertyDetector     [0;39m [2m:[0;39m Property Detector custom Bean not found with name 'encryptablePropertyDetector'. Initializing Default Property Detector
[2m2021-10-21 20:18:33.962[0;39m [32m INFO[0;39m [35m96525[0;39m [2m---[0;39m [2m[           main][0;39m [36mtrationDelegate$BeanPostProcessorChecker[0;39m [2m:[0;39m Bean 'spring.datasource.druid-com.alibaba.druid.spring.boot.autoconfigure.properties.DruidStatProperties' of type [com.alibaba.druid.spring.boot.autoconfigure.properties.DruidStatProperties] is not eligible for getting processed by all BeanPostProcessors (for example: not eligible for auto-proxying)
[2m2021-10-21 20:18:34.059[0;39m [32m INFO[0;39m [35m96525[0;39m [2m---[0;39m [2m[           main][0;39m [36mtrationDelegate$BeanPostProcessorChecker[0;39m [2m:[0;39m Bean 'advisor' of type [org.springframework.aop.support.RegexpMethodPointcutAdvisor] is not eligible for getting processed by all BeanPostProcessors (for example: not eligible for auto-proxying)
[2m2021-10-21 20:18:34.124[0;39m [32m INFO[0;39m [35m96525[0;39m [2m---[0;39m [2m[           main][0;39m [36mtrationDelegate$BeanPostProcessorChecker[0;39m [2m:[0;39m Bean 'redisConfig' of type [com.huiyi.campus.common.config.redis.RedisConfig$$EnhancerBySpringCGLIB$$4ee18f45] is not eligible for getting processed by all BeanPostProcessors (for example: not eligible for auto-proxying)
[2m2021-10-21 20:18:34.203[0;39m [32m INFO[0;39m [35m96525[0;39m [2m---[0;39m [2m[           main][0;39m [36mtrationDelegate$BeanPostProcessorChecker[0;39m [2m:[0;39m Bean 'org.springframework.boot.autoconfigure.jdbc.DataSourceTransactionManagerAutoConfiguration$DataSourceTransactionManagerConfiguration' of type [org.springframework.boot.autoconfigure.jdbc.DataSourceTransactionManagerAutoConfiguration$DataSourceTransactionManagerConfiguration] is not eligible for getting processed by all BeanPostProcessors (for example: not eligible for auto-proxying)
[2m2021-10-21 20:18:34.210[0;39m [32m INFO[0;39m [35m96525[0;39m [2m---[0;39m [2m[           main][0;39m [36mtrationDelegate$BeanPostProcessorChecker[0;39m [2m:[0;39m Bean 'druidConfig' of type [com.huiyi.campus.config.DruidConfig$$EnhancerBySpringCGLIB$$7e7acefc] is not eligible for getting processed by all BeanPostProcessors (for example: not eligible for auto-proxying)
[2m2021-10-21 20:18:34.234[0;39m [32m INFO[0;39m [35m96525[0;39m [2m---[0;39m [2m[           main][0;39m [36mtrationDelegate$BeanPostProcessorChecker[0;39m [2m:[0;39m Bean 'wallConfig' of type [com.alibaba.druid.wall.WallConfig] is not eligible for getting processed by all BeanPostProcessors (for example: not eligible for auto-proxying)
[2m2021-10-21 20:18:34.362[0;39m [32m INFO[0;39m [35m96525[0;39m [2m---[0;39m [2m[           main][0;39m [36mtrationDelegate$BeanPostProcessorChecker[0;39m [2m:[0;39m Bean 'wallFilter' of type [com.alibaba.druid.wall.WallFilter] is not eligible for getting processed by all BeanPostProcessors (for example: not eligible for auto-proxying)
[2m2021-10-21 20:18:34.715[0;39m [32m INFO[0;39m [35m96525[0;39m [2m---[0;39m [2m[           main][0;39m [36mtrationDelegate$BeanPostProcessorChecker[0;39m [2m:[0;39m Bean 'druidDataSource' of type [com.alibaba.druid.pool.DruidDataSource] is not eligible for getting processed by all BeanPostProcessors (for example: not eligible for auto-proxying)
[2m2021-10-21 20:18:34.835[0;39m [32m INFO[0;39m [35m96525[0;39m [2m---[0;39m [2m[           main][0;39m [36mtrationDelegate$BeanPostProcessorChecker[0;39m [2m:[0;39m Bean 'spring.datasource-org.springframework.boot.autoconfigure.jdbc.DataSourceProperties' of type [org.springframework.boot.autoconfigure.jdbc.DataSourceProperties] is not eligible for getting processed by all BeanPostProcessors (for example: not eligible for auto-proxying)
[2m2021-10-21 20:18:34.867[0;39m [32m INFO[0;39m [35m96525[0;39m [2m---[0;39m [2m[           main][0;39m [36mtrationDelegate$BeanPostProcessorChecker[0;39m [2m:[0;39m Bean 'org.springframework.boot.autoconfigure.jdbc.DataSourceInitializerInvoker' of type [org.springframework.boot.autoconfigure.jdbc.DataSourceInitializerInvoker] is not eligible for getting processed by all BeanPostProcessors (for example: not eligible for auto-proxying)
[2m2021-10-21 20:18:34.891[0;39m [32m INFO[0;39m [35m96525[0;39m [2m---[0;39m [2m[           main][0;39m [36mtrationDelegate$BeanPostProcessorChecker[0;39m [2m:[0;39m Bean 'org.springframework.boot.autoconfigure.transaction.TransactionAutoConfiguration' of type [org.springframework.boot.autoconfigure.transaction.TransactionAutoConfiguration] is not eligible for getting processed by all BeanPostProcessors (for example: not eligible for auto-proxying)
[2m2021-10-21 20:18:34.918[0;39m [32m INFO[0;39m [35m96525[0;39m [2m---[0;39m [2m[           main][0;39m [36mtrationDelegate$BeanPostProcessorChecker[0;39m [2m:[0;39m Bean 'spring.transaction-org.springframework.boot.autoconfigure.transaction.TransactionProperties' of type [org.springframework.boot.autoconfigure.transaction.TransactionProperties] is not eligible for getting processed by all BeanPostProcessors (for example: not eligible for auto-proxying)
[2m2021-10-21 20:18:34.921[0;39m [32m INFO[0;39m [35m96525[0;39m [2m---[0;39m [2m[           main][0;39m [36mtrationDelegate$BeanPostProcessorChecker[0;39m [2m:[0;39m Bean 'platformTransactionManagerCustomizers' of type [org.springframework.boot.autoconfigure.transaction.TransactionManagerCustomizers] is not eligible for getting processed by all BeanPostProcessors (for example: not eligible for auto-proxying)
[2m2021-10-21 20:18:34.926[0;39m [32m INFO[0;39m [35m96525[0;39m [2m---[0;39m [2m[           main][0;39m [36mtrationDelegate$BeanPostProcessorChecker[0;39m [2m:[0;39m Bean 'transactionManager' of type [org.springframework.jdbc.datasource.DataSourceTransactionManager] is not eligible for getting processed by all BeanPostProcessors (for example: not eligible for auto-proxying)
[2m2021-10-21 20:18:34.931[0;39m [32m INFO[0;39m [35m96525[0;39m [2m---[0;39m [2m[           main][0;39m [36mtrationDelegate$BeanPostProcessorChecker[0;39m [2m:[0;39m Bean 'transactionManagerConfig' of type [com.huiyi.campus.aspect.TransactionManagerConfig$$EnhancerBySpringCGLIB$$aa06868b] is not eligible for getting processed by all BeanPostProcessors (for example: not eligible for auto-proxying)
[2m2021-10-21 20:18:34.957[0;39m [32m INFO[0;39m [35m96525[0;39m [2m---[0;39m [2m[           main][0;39m [36mtrationDelegate$BeanPostProcessorChecker[0;39m [2m:[0;39m Bean 'TxAdvice' of type [org.springframework.transaction.interceptor.TransactionInterceptor] is not eligible for getting processed by all BeanPostProcessors (for example: not eligible for auto-proxying)
[2m2021-10-21 20:18:34.957[0;39m [32m INFO[0;39m [35m96525[0;39m [2m---[0;39m [2m[           main][0;39m [36mtrationDelegate$BeanPostProcessorChecker[0;39m [2m:[0;39m Bean 'txAdviceAdvisor' of type [org.springframework.aop.support.DefaultPointcutAdvisor] is not eligible for getting processed by all BeanPostProcessors (for example: not eligible for auto-proxying)
[2m2021-10-21 20:18:35.308[0;39m [32m INFO[0;39m [35m96525[0;39m [2m---[0;39m [2m[           main][0;39m [36mio.undertow.servlet                     [0;39m [2m:[0;39m Initializing Spring embedded WebApplicationContext
[2m2021-10-21 20:18:35.311[0;39m [32m INFO[0;39m [35m96525[0;39m [2m---[0;39m [2m[           main][0;39m [36mo.s.web.context.ContextLoader           [0;39m [2m:[0;39m Root WebApplicationContext: initialization completed in 3528 ms
[2m2021-10-21 20:18:38.001[0;39m [32mDEBUG[0;39m [35m96525[0;39m [2m---[0;39m [2m[           main][0;39m [36mc.h.c.common.utils.idworker.IdWorker    [0;39m [2m:[0;39m worker starting. timestamp left shift 21, worker id 0
[2m2021-10-21 20:18:38.866[0;39m [32m INFO[0;39m [35m96525[0;39m [2m---[0;39m [2m[           main][0;39m [36mpertySourcedRequestMappingHandlerMapping[0;39m [2m:[0;39m Mapped URL path [/v2/api-docs] onto method [springfox.documentation.swagger2.web.Swagger2Controller#getDocumentation(String, HttpServletRequest)]
[2m2021-10-21 20:18:39.401[0;39m [32m INFO[0;39m [35m96525[0;39m [2m---[0;39m [2m[           main][0;39m [36mo.s.s.concurrent.ThreadPoolTaskExecutor [0;39m [2m:[0;39m Initializing ExecutorService 'applicationTaskExecutor'
[2m2021-10-21 20:18:40.070[0;39m [32m INFO[0;39m [35m96525[0;39m [2m---[0;39m [2m[           main][0;39m [36morg.quartz.impl.StdSchedulerFactory     [0;39m [2m:[0;39m Using default implementation for ThreadExecutor
[2m2021-10-21 20:18:40.079[0;39m [32m INFO[0;39m [35m96525[0;39m [2m---[0;39m [2m[           main][0;39m [36morg.quartz.core.SchedulerSignalerImpl   [0;39m [2m:[0;39m Initialized Scheduler Signaller of type: class org.quartz.core.SchedulerSignalerImpl
[2m2021-10-21 20:18:40.079[0;39m [32m INFO[0;39m [35m96525[0;39m [2m---[0;39m [2m[           main][0;39m [36morg.quartz.core.QuartzScheduler         [0;39m [2m:[0;39m Quartz Scheduler v.2.3.2 created.
[2m2021-10-21 20:18:40.080[0;39m [32m INFO[0;39m [35m96525[0;39m [2m---[0;39m [2m[           main][0;39m [36morg.quartz.simpl.RAMJobStore            [0;39m [2m:[0;39m RAMJobStore initialized.
[2m2021-10-21 20:18:40.145[0;39m [32m INFO[0;39m [35m96525[0;39m [2m---[0;39m [2m[           main][0;39m [36morg.quartz.core.QuartzScheduler         [0;39m [2m:[0;39m Scheduler meta-data: Quartz Scheduler (v2.3.2) 'quartzScheduler' with instanceId 'NON_CLUSTERED'
  Scheduler class: 'org.quartz.core.QuartzScheduler' - running locally.
  NOT STARTED.
  Currently in standby mode.
  Number of jobs executed: 0
  Using thread pool 'org.quartz.simpl.SimpleThreadPool' - with 10 threads.
  Using job-store 'org.quartz.simpl.RAMJobStore' - which does not support persistence. and is not clustered.

[2m2021-10-21 20:18:40.147[0;39m [32m INFO[0;39m [35m96525[0;39m [2m---[0;39m [2m[           main][0;39m [36morg.quartz.impl.StdSchedulerFactory     [0;39m [2m:[0;39m Quartz scheduler 'quartzScheduler' initialized from an externally provided properties instance.
[2m2021-10-21 20:18:40.147[0;39m [32m INFO[0;39m [35m96525[0;39m [2m---[0;39m [2m[           main][0;39m [36morg.quartz.impl.StdSchedulerFactory     [0;39m [2m:[0;39m Quartz scheduler version: 2.3.2
[2m2021-10-21 20:18:40.147[0;39m [32m INFO[0;39m [35m96525[0;39m [2m---[0;39m [2m[           main][0;39m [36morg.quartz.core.QuartzScheduler         [0;39m [2m:[0;39m JobFactory set to: org.springframework.scheduling.quartz.SpringBeanJobFactory@55d87b73
[2m2021-10-21 20:18:40.296[0;39m [32m INFO[0;39m [35m96525[0;39m [2m---[0;39m [2m[           main][0;39m [36md.s.w.p.DocumentationPluginsBootstrapper[0;39m [2m:[0;39m Context refreshed
[2m2021-10-21 20:18:40.310[0;39m [32m INFO[0;39m [35m96525[0;39m [2m---[0;39m [2m[           main][0;39m [36md.s.w.p.DocumentationPluginsBootstrapper[0;39m [2m:[0;39m Found 1 custom documentation plugin(s)
[2m2021-10-21 20:18:40.346[0;39m [32m INFO[0;39m [35m96525[0;39m [2m---[0;39m [2m[           main][0;39m [36ms.d.s.w.s.ApiListingReferenceScanner    [0;39m [2m:[0;39m Scanning for api listing references
[2m2021-10-21 20:18:40.848[0;39m [32m INFO[0;39m [35m96525[0;39m [2m---[0;39m [2m[           main][0;39m [36mo.s.s.quartz.SchedulerFactoryBean       [0;39m [2m:[0;39m Starting Quartz Scheduler now
[2m2021-10-21 20:18:40.849[0;39m [32m INFO[0;39m [35m96525[0;39m [2m---[0;39m [2m[           main][0;39m [36morg.quartz.core.QuartzScheduler         [0;39m [2m:[0;39m Scheduler quartzScheduler_$_NON_CLUSTERED started.
[2m2021-10-21 20:18:40.881[0;39m [32m INFO[0;39m [35m96525[0;39m [2m---[0;39m [2m[           main][0;39m [36mio.undertow                             [0;39m [2m:[0;39m starting server: Undertow - 2.0.29.Final
[2m2021-10-21 20:18:40.888[0;39m [32m INFO[0;39m [35m96525[0;39m [2m---[0;39m [2m[           main][0;39m [36morg.xnio                                [0;39m [2m:[0;39m XNIO version 3.3.8.Final
[2m2021-10-21 20:18:40.898[0;39m [32m INFO[0;39m [35m96525[0;39m [2m---[0;39m [2m[           main][0;39m [36morg.xnio.nio                            [0;39m [2m:[0;39m XNIO NIO Implementation Version 3.3.8.Final
[2m2021-10-21 20:18:40.978[0;39m [32m INFO[0;39m [35m96525[0;39m [2m---[0;39m [2m[           main][0;39m [36mo.s.b.w.e.u.UndertowServletWebServer    [0;39m [2m:[0;39m Undertow started on port(s) 8021 (http) with context path '/campus'
[2m2021-10-21 20:18:40.986[0;39m [32m INFO[0;39m [35m96525[0;39m [2m---[0;39m [2m[           main][0;39m [36mcom.huiyi.campus.CampusStartApplication [0;39m [2m:[0;39m Started CampusStartApplication in 10.105 seconds (JVM running for 12.01)
[2m2021-10-21 20:18:40.989[0;39m [32m INFO[0;39m [35m96525[0;39m [2m---[0;39m [2m[           main][0;39m [36mcom.huiyi.campus.CampusStartApplication [0;39m [2m:[0;39m 




                                                                                                                                   dddddddd
                          tttt                                                         tttt                                          d::::::d
                       ttt:::t                                                      ttt:::t                                          d::::::d
                       t:::::t                                                      t:::::t                                          d::::::d
                       t:::::t                                                      t:::::t                                          d:::::d 
    ssssssssss   ttttttt:::::ttttttt      aaaaaaaaaaaaa   rrrrr   rrrrrrrrr   ttttttt:::::ttttttt        eeeeeeeeeeee        ddddddddd:::::d 
  ss::::::::::s  t:::::::::::::::::t      a::::::::::::a  r::::rrr:::::::::r  t:::::::::::::::::t      ee::::::::::::ee    dd::::::::::::::d 
ss:::::::::::::s t:::::::::::::::::t      aaaaaaaaa:::::a r:::::::::::::::::r t:::::::::::::::::t     e::::::eeeee:::::ee d::::::::::::::::d 
s::::::ssss:::::stttttt:::::::tttttt               a::::a rr::::::rrrrr::::::rtttttt:::::::tttttt    e::::::e     e:::::ed:::::::ddddd:::::d 
 s:::::s  ssssss       t:::::t              aaaaaaa:::::a  r:::::r     r:::::r      t:::::t          e:::::::eeeee::::::ed::::::d    d:::::d 
   s::::::s            t:::::t            aa::::::::::::a  r:::::r     rrrrrrr      t:::::t          e:::::::::::::::::e d:::::d     d:::::d 
      s::::::s         t:::::t           a::::aaaa::::::a  r:::::r                  t:::::t          e::::::eeeeeeeeeee  d:::::d     d:::::d 
ssssss   s:::::s       t:::::t    tttttta::::a    a:::::a  r:::::r                  t:::::t    tttttte:::::::e           d:::::d     d:::::d 
s:::::ssss::::::s      t::::::tttt:::::ta::::a    a:::::a  r:::::r                  t::::::tttt:::::te::::::::e          d::::::ddddd::::::dd
s::::::::::::::s       tt::::::::::::::ta:::::aaaa::::::a  r:::::r                  tt::::::::::::::t e::::::::eeeeeeee   d:::::::::::::::::d
 s:::::::::::ss          tt:::::::::::tt a::::::::::aa:::a r:::::r                    tt:::::::::::tt  ee:::::::::::::e    d:::::::::ddd::::d
  sssssssssss              ttttttttttt    aaaaaaaaaa  aaaa rrrrrrr                      ttttttttttt      eeeeeeeeeeeeee     ddddddddd   ddddd





[2m2021-10-21 20:19:12.841[0;39m [32m INFO[0;39m [35m96525[0;39m [2m---[0;39m [2m[  XNIO-1 task-1][0;39m [36mio.undertow.servlet                     [0;39m [2m:[0;39m Initializing Spring DispatcherServlet 'dispatcherServlet'
[2m2021-10-21 20:19:12.844[0;39m [32m INFO[0;39m [35m96525[0;39m [2m---[0;39m [2m[  XNIO-1 task-1][0;39m [36mo.s.web.servlet.DispatcherServlet       [0;39m [2m:[0;39m Initializing Servlet 'dispatcherServlet'
[2m2021-10-21 20:19:12.903[0;39m [32m INFO[0;39m [35m96525[0;39m [2m---[0;39m [2m[  XNIO-1 task-1][0;39m [36mo.s.web.servlet.DispatcherServlet       [0;39m [2m:[0;39m Completed initialization in 59 ms
