[2m2021-04-16 00:27:34.192[0;39m [32m INFO[0;39m [35m16122[0;39m [2m---[0;39m [2m[           main][0;39m [36mcom.huiyi.campus.CampusStartApplication [0;39m [2m:[0;39m Starting CampusStartApplication on yukailideMacBook-Pro.local with PID 16122 (/Users/yukaili/huiyi/zx/campus_health_system/campus_startup/target/classes started by yukaili in /Users/yukaili/huiyi/zx/campus_health_system)
[2m2021-04-16 00:27:34.196[0;39m [32mDEBUG[0;39m [35m16122[0;39m [2m---[0;39m [2m[           main][0;39m [36mcom.huiyi.campus.CampusStartApplication [0;39m [2m:[0;39m Running with Spring Boot v2.2.5.RELEASE, Spring v5.2.4.RELEASE
[2m2021-04-16 00:27:34.196[0;39m [32m INFO[0;39m [35m16122[0;39m [2m---[0;39m [2m[           main][0;39m [36mcom.huiyi.campus.CampusStartApplication [0;39m [2m:[0;39m The following profiles are active: datasource,cache
[2m2021-04-16 00:27:35.659[0;39m [32m INFO[0;39m [35m16122[0;39m [2m---[0;39m [2m[           main][0;39m [36m.s.d.r.c.RepositoryConfigurationDelegate[0;39m [2m:[0;39m Multiple Spring Data modules found, entering strict repository configuration mode!
[2m2021-04-16 00:27:35.662[0;39m [32m INFO[0;39m [35m16122[0;39m [2m---[0;39m [2m[           main][0;39m [36m.s.d.r.c.RepositoryConfigurationDelegate[0;39m [2m:[0;39m Bootstrapping Spring Data Redis repositories in DEFAULT mode.
[2m2021-04-16 00:27:35.761[0;39m [32m INFO[0;39m [35m16122[0;39m [2m---[0;39m [2m[           main][0;39m [36m.s.d.r.c.RepositoryConfigurationDelegate[0;39m [2m:[0;39m Finished Spring Data repository scanning in 82ms. Found 0 Redis repository interfaces.
[2m2021-04-16 00:27:36.199[0;39m [32m INFO[0;39m [35m16122[0;39m [2m---[0;39m [2m[           main][0;39m [36mptablePropertiesBeanFactoryPostProcessor[0;39m [2m:[0;39m Post-processing PropertySource instances
[2m2021-04-16 00:27:36.329[0;39m [32m INFO[0;39m [35m16122[0;39m [2m---[0;39m [2m[           main][0;39m [36mc.u.j.EncryptablePropertySourceConverter[0;39m [2m:[0;39m Converting PropertySource configurationProperties [org.springframework.boot.context.properties.source.ConfigurationPropertySourcesPropertySource] to AOP Proxy
[2m2021-04-16 00:27:36.330[0;39m [32m INFO[0;39m [35m16122[0;39m [2m---[0;39m [2m[           main][0;39m [36mc.u.j.EncryptablePropertySourceConverter[0;39m [2m:[0;39m Converting PropertySource servletConfigInitParams [org.springframework.core.env.PropertySource$StubPropertySource] to EncryptablePropertySourceWrapper
[2m2021-04-16 00:27:36.331[0;39m [32m INFO[0;39m [35m16122[0;39m [2m---[0;39m [2m[           main][0;39m [36mc.u.j.EncryptablePropertySourceConverter[0;39m [2m:[0;39m Converting PropertySource servletContextInitParams [org.springframework.core.env.PropertySource$StubPropertySource] to EncryptablePropertySourceWrapper
[2m2021-04-16 00:27:36.331[0;39m [32m INFO[0;39m [35m16122[0;39m [2m---[0;39m [2m[           main][0;39m [36mc.u.j.EncryptablePropertySourceConverter[0;39m [2m:[0;39m Converting PropertySource systemProperties [org.springframework.core.env.PropertiesPropertySource] to EncryptableMapPropertySourceWrapper
[2m2021-04-16 00:27:36.331[0;39m [32m INFO[0;39m [35m16122[0;39m [2m---[0;39m [2m[           main][0;39m [36mc.u.j.EncryptablePropertySourceConverter[0;39m [2m:[0;39m Converting PropertySource systemEnvironment [org.springframework.boot.env.SystemEnvironmentPropertySourceEnvironmentPostProcessor$OriginAwareSystemEnvironmentPropertySource] to EncryptableMapPropertySourceWrapper
[2m2021-04-16 00:27:36.333[0;39m [32m INFO[0;39m [35m16122[0;39m [2m---[0;39m [2m[           main][0;39m [36mc.u.j.EncryptablePropertySourceConverter[0;39m [2m:[0;39m Converting PropertySource random [org.springframework.boot.env.RandomValuePropertySource] to EncryptablePropertySourceWrapper
[2m2021-04-16 00:27:36.334[0;39m [32m INFO[0;39m [35m16122[0;39m [2m---[0;39m [2m[           main][0;39m [36mc.u.j.EncryptablePropertySourceConverter[0;39m [2m:[0;39m Converting PropertySource applicationConfig: [classpath:/application-cache.yml] [org.springframework.boot.env.OriginTrackedMapPropertySource] to EncryptableMapPropertySourceWrapper
[2m2021-04-16 00:27:36.334[0;39m [32m INFO[0;39m [35m16122[0;39m [2m---[0;39m [2m[           main][0;39m [36mc.u.j.EncryptablePropertySourceConverter[0;39m [2m:[0;39m Converting PropertySource applicationConfig: [classpath:/application-datasource.yml] [org.springframework.boot.env.OriginTrackedMapPropertySource] to EncryptableMapPropertySourceWrapper
[2m2021-04-16 00:27:36.334[0;39m [32m INFO[0;39m [35m16122[0;39m [2m---[0;39m [2m[           main][0;39m [36mc.u.j.EncryptablePropertySourceConverter[0;39m [2m:[0;39m Converting PropertySource applicationConfig: [classpath:/application.yml] [org.springframework.boot.env.OriginTrackedMapPropertySource] to EncryptableMapPropertySourceWrapper
[2m2021-04-16 00:27:36.422[0;39m [32m INFO[0;39m [35m16122[0;39m [2m---[0;39m [2m[           main][0;39m [36mc.u.j.filter.DefaultLazyPropertyFilter  [0;39m [2m:[0;39m Property Filter custom Bean not found with name 'encryptablePropertyFilter'. Initializing Default Property Filter
[2m2021-04-16 00:27:36.669[0;39m [32m INFO[0;39m [35m16122[0;39m [2m---[0;39m [2m[           main][0;39m [36mtrationDelegate$BeanPostProcessorChecker[0;39m [2m:[0;39m Bean 'redisConfig' of type [com.huiyi.campus.common.config.redis.RedisConfig$$EnhancerBySpringCGLIB$$3db8187c] is not eligible for getting processed by all BeanPostProcessors (for example: not eligible for auto-proxying)
[2m2021-04-16 00:27:36.901[0;39m [32m INFO[0;39m [35m16122[0;39m [2m---[0;39m [2m[           main][0;39m [36mc.u.j.r.DefaultLazyPropertyResolver     [0;39m [2m:[0;39m Property Resolver custom Bean not found with name 'encryptablePropertyResolver'. Initializing Default Property Resolver
[2m2021-04-16 00:27:36.907[0;39m [32m INFO[0;39m [35m16122[0;39m [2m---[0;39m [2m[           main][0;39m [36mc.u.j.d.DefaultLazyPropertyDetector     [0;39m [2m:[0;39m Property Detector custom Bean not found with name 'encryptablePropertyDetector'. Initializing Default Property Detector
[2m2021-04-16 00:27:37.342[0;39m [32m INFO[0;39m [35m16122[0;39m [2m---[0;39m [2m[           main][0;39m [36mio.undertow.servlet                     [0;39m [2m:[0;39m Initializing Spring embedded WebApplicationContext
[2m2021-04-16 00:27:37.343[0;39m [32m INFO[0;39m [35m16122[0;39m [2m---[0;39m [2m[           main][0;39m [36mo.s.web.context.ContextLoader           [0;39m [2m:[0;39m Root WebApplicationContext: initialization completed in 3078 ms
[2m2021-04-16 00:27:40.212[0;39m [32mDEBUG[0;39m [35m16122[0;39m [2m---[0;39m [2m[           main][0;39m [36mc.h.c.common.utils.idworker.IdWorker    [0;39m [2m:[0;39m worker starting. timestamp left shift 21, worker id 0
[2m2021-04-16 00:27:41.191[0;39m [32m INFO[0;39m [35m16122[0;39m [2m---[0;39m [2m[           main][0;39m [36mpertySourcedRequestMappingHandlerMapping[0;39m [2m:[0;39m Mapped URL path [/v2/api-docs] onto method [springfox.documentation.swagger2.web.Swagger2Controller#getDocumentation(String, HttpServletRequest)]
[2m2021-04-16 00:27:41.489[0;39m [32m INFO[0;39m [35m16122[0;39m [2m---[0;39m [2m[           main][0;39m [36mo.s.s.concurrent.ThreadPoolTaskExecutor [0;39m [2m:[0;39m Initializing ExecutorService 'applicationTaskExecutor'
[2m2021-04-16 00:27:42.206[0;39m [32m INFO[0;39m [35m16122[0;39m [2m---[0;39m [2m[           main][0;39m [36morg.quartz.impl.StdSchedulerFactory     [0;39m [2m:[0;39m Using default implementation for ThreadExecutor
[2m2021-04-16 00:27:42.218[0;39m [32m INFO[0;39m [35m16122[0;39m [2m---[0;39m [2m[           main][0;39m [36morg.quartz.core.SchedulerSignalerImpl   [0;39m [2m:[0;39m Initialized Scheduler Signaller of type: class org.quartz.core.SchedulerSignalerImpl
[2m2021-04-16 00:27:42.218[0;39m [32m INFO[0;39m [35m16122[0;39m [2m---[0;39m [2m[           main][0;39m [36morg.quartz.core.QuartzScheduler         [0;39m [2m:[0;39m Quartz Scheduler v.2.3.2 created.
[2m2021-04-16 00:27:42.219[0;39m [32m INFO[0;39m [35m16122[0;39m [2m---[0;39m [2m[           main][0;39m [36morg.quartz.simpl.RAMJobStore            [0;39m [2m:[0;39m RAMJobStore initialized.
[2m2021-04-16 00:27:42.222[0;39m [32m INFO[0;39m [35m16122[0;39m [2m---[0;39m [2m[           main][0;39m [36morg.quartz.core.QuartzScheduler         [0;39m [2m:[0;39m Scheduler meta-data: Quartz Scheduler (v2.3.2) 'quartzScheduler' with instanceId 'NON_CLUSTERED'
  Scheduler class: 'org.quartz.core.QuartzScheduler' - running locally.
  NOT STARTED.
  Currently in standby mode.
  Number of jobs executed: 0
  Using thread pool 'org.quartz.simpl.SimpleThreadPool' - with 10 threads.
  Using job-store 'org.quartz.simpl.RAMJobStore' - which does not support persistence. and is not clustered.

[2m2021-04-16 00:27:42.222[0;39m [32m INFO[0;39m [35m16122[0;39m [2m---[0;39m [2m[           main][0;39m [36morg.quartz.impl.StdSchedulerFactory     [0;39m [2m:[0;39m Quartz scheduler 'quartzScheduler' initialized from an externally provided properties instance.
[2m2021-04-16 00:27:42.222[0;39m [32m INFO[0;39m [35m16122[0;39m [2m---[0;39m [2m[           main][0;39m [36morg.quartz.impl.StdSchedulerFactory     [0;39m [2m:[0;39m Quartz scheduler version: 2.3.2
[2m2021-04-16 00:27:42.222[0;39m [32m INFO[0;39m [35m16122[0;39m [2m---[0;39m [2m[           main][0;39m [36morg.quartz.core.QuartzScheduler         [0;39m [2m:[0;39m JobFactory set to: org.springframework.scheduling.quartz.SpringBeanJobFactory@4f1a5b93
[2m2021-04-16 00:27:42.316[0;39m [32m INFO[0;39m [35m16122[0;39m [2m---[0;39m [2m[           main][0;39m [36md.s.w.p.DocumentationPluginsBootstrapper[0;39m [2m:[0;39m Context refreshed
[2m2021-04-16 00:27:42.328[0;39m [32m INFO[0;39m [35m16122[0;39m [2m---[0;39m [2m[           main][0;39m [36md.s.w.p.DocumentationPluginsBootstrapper[0;39m [2m:[0;39m Found 1 custom documentation plugin(s)
[2m2021-04-16 00:27:42.355[0;39m [32m INFO[0;39m [35m16122[0;39m [2m---[0;39m [2m[           main][0;39m [36ms.d.s.w.s.ApiListingReferenceScanner    [0;39m [2m:[0;39m Scanning for api listing references
[2m2021-04-16 00:27:42.815[0;39m [32m INFO[0;39m [35m16122[0;39m [2m---[0;39m [2m[           main][0;39m [36mo.s.s.quartz.SchedulerFactoryBean       [0;39m [2m:[0;39m Starting Quartz Scheduler now
[2m2021-04-16 00:27:42.815[0;39m [32m INFO[0;39m [35m16122[0;39m [2m---[0;39m [2m[           main][0;39m [36morg.quartz.core.QuartzScheduler         [0;39m [2m:[0;39m Scheduler quartzScheduler_$_NON_CLUSTERED started.
[2m2021-04-16 00:27:42.880[0;39m [32m INFO[0;39m [35m16122[0;39m [2m---[0;39m [2m[           main][0;39m [36mcom.huiyi.campus.netty.NWebSocketServer [0;39m [2m:[0;39m netty websocket server å¯åŠ¨å®Œæ¯•......
[2m2021-04-16 00:27:42.902[0;39m [32m INFO[0;39m [35m16122[0;39m [2m---[0;39m [2m[           main][0;39m [36mio.undertow                             [0;39m [2m:[0;39m starting server: Undertow - 2.0.29.Final
[2m2021-04-16 00:27:42.913[0;39m [32m INFO[0;39m [35m16122[0;39m [2m---[0;39m [2m[           main][0;39m [36morg.xnio                                [0;39m [2m:[0;39m XNIO version 3.3.8.Final
[2m2021-04-16 00:27:42.936[0;39m [32m INFO[0;39m [35m16122[0;39m [2m---[0;39m [2m[           main][0;39m [36morg.xnio.nio                            [0;39m [2m:[0;39m XNIO NIO Implementation Version 3.3.8.Final
[2m2021-04-16 00:27:42.998[0;39m [32m INFO[0;39m [35m16122[0;39m [2m---[0;39m [2m[           main][0;39m [36mo.s.b.w.e.u.UndertowServletWebServer    [0;39m [2m:[0;39m Undertow started on port(s) 8021 (http) with context path '/campus'
[2m2021-04-16 00:27:43.013[0;39m [32m INFO[0;39m [35m16122[0;39m [2m---[0;39m [2m[           main][0;39m [36mcom.huiyi.campus.CampusStartApplication [0;39m [2m:[0;39m Started CampusStartApplication in 9.647 seconds (JVM running for 11.77)
[2m2021-04-16 00:27:43.017[0;39m [32m INFO[0;39m [35m16122[0;39m [2m---[0;39m [2m[           main][0;39m [36mcom.huiyi.campus.CampusStartApplication [0;39m [2m:[0;39m 




                                                                                                                                   dddddddd
                          tttt                                                         tttt                                          d::::::d
                       ttt:::t                                                      ttt:::t                                          d::::::d
                       t:::::t                                                      t:::::t                                          d::::::d
                       t:::::t                                                      t:::::t                                          d:::::d 
    ssssssssss   ttttttt:::::ttttttt      aaaaaaaaaaaaa   rrrrr   rrrrrrrrr   ttttttt:::::ttttttt        eeeeeeeeeeee        ddddddddd:::::d 
  ss::::::::::s  t:::::::::::::::::t      a::::::::::::a  r::::rrr:::::::::r  t:::::::::::::::::t      ee::::::::::::ee    dd::::::::::::::d 
ss:::::::::::::s t:::::::::::::::::t      aaaaaaaaa:::::a r:::::::::::::::::r t:::::::::::::::::t     e::::::eeeee:::::ee d::::::::::::::::d 
s::::::ssss:::::stttttt:::::::tttttt               a::::a rr::::::rrrrr::::::rtttttt:::::::tttttt    e::::::e     e:::::ed:::::::ddddd:::::d 
 s:::::s  ssssss       t:::::t              aaaaaaa:::::a  r:::::r     r:::::r      t:::::t          e:::::::eeeee::::::ed::::::d    d:::::d 
   s::::::s            t:::::t            aa::::::::::::a  r:::::r     rrrrrrr      t:::::t          e:::::::::::::::::e d:::::d     d:::::d 
      s::::::s         t:::::t           a::::aaaa::::::a  r:::::r                  t:::::t          e::::::eeeeeeeeeee  d:::::d     d:::::d 
ssssss   s:::::s       t:::::t    tttttta::::a    a:::::a  r:::::r                  t:::::t    tttttte:::::::e           d:::::d     d:::::d 
s:::::ssss::::::s      t::::::tttt:::::ta::::a    a:::::a  r:::::r                  t::::::tttt:::::te::::::::e          d::::::ddddd::::::dd
s::::::::::::::s       tt::::::::::::::ta:::::aaaa::::::a  r:::::r                  tt::::::::::::::t e::::::::eeeeeeee   d:::::::::::::::::d
 s:::::::::::ss          tt:::::::::::tt a::::::::::aa:::a r:::::r                    tt:::::::::::tt  ee:::::::::::::e    d:::::::::ddd::::d
  sssssssssss              ttttttttttt    aaaaaaaaaa  aaaa rrrrrrr                      ttttttttttt      eeeeeeeeeeeeee     ddddddddd   ddddd





[2m2021-04-16 00:33:06.783[0;39m [32m INFO[0;39m [35m16122[0;39m [2m---[0;39m [2m[  XNIO-1 task-1][0;39m [36mio.undertow.servlet                     [0;39m [2m:[0;39m Initializing Spring DispatcherServlet 'dispatcherServlet'
[2m2021-04-16 00:33:06.785[0;39m [32m INFO[0;39m [35m16122[0;39m [2m---[0;39m [2m[  XNIO-1 task-1][0;39m [36mo.s.web.servlet.DispatcherServlet       [0;39m [2m:[0;39m Initializing Servlet 'dispatcherServlet'
[2m2021-04-16 00:33:06.832[0;39m [32m INFO[0;39m [35m16122[0;39m [2m---[0;39m [2m[  XNIO-1 task-1][0;39m [36mo.s.web.servlet.DispatcherServlet       [0;39m [2m:[0;39m Completed initialization in 46 ms
[2m2021-04-16 00:37:13.066[0;39m [32m INFO[0;39m [35m16122[0;39m [2m---[0;39m [2m[  XNIO-1 task-3][0;39m [36mcom.alibaba.druid.pool.DruidDataSource  [0;39m [2m:[0;39m {dataSource-1} inited
[2m2021-04-16 00:37:13.102[0;39m [32mDEBUG[0;39m [35m16122[0;39m [2m---[0;39m [2m[  XNIO-1 task-3][0;39m [36m.c.d.m.w.p.P.selectPhyDateByPhyStudentId[0;39m [2m:[0;39m ==>  Preparing: select id , phy_student_id, height, weight, blood, pulse, bust, vital_capacity, form_doctor, naked_left, naked_right, correct_left, correct_right, color_vision, color_vision_error_text, trach_left, trach_right, eyes_doctor, ear, nose, throat, nose_error_text, ear_error_text, ear_nose_doctor, tooth, periodontal, anamnesis, spleen, heart, lung, liver, internal_other, liver_error_text, barrel_chest, barrel_chest_text, breath_sounds, breath_sounds_error_text, rae, rae_text, heart_error_text, heart_rate, heart_rhythm, murmur, murmur_error_text, spleen_error_text, anamnesis_text, periodontal_error_text, internal_doctor, skin, lymph, thyroid, spine, limb_joints, flatfoot, pudendum, anus, anus_text, pudendum_error_text, flatfoot_text, limb_joints_error_text, spine_error_text, thyroid_text, lymph_text, skin_text, surgery_other, surgery_doctor, chest, chest_error_text, chest_doctor, liver_function, blood_routine, blood_routine_error_text, liver_function_error_text, phy_conclusion, phy_conclusion_error_text, review, referral, regular_censor, health_education, diet, forging, vaccination, phy_guide_text, phy_doctor, del_flag, phy_date,create_time, create_user, update_time, update_user, qualified_status, extend4, extend5 from phy_student_health_info where 1=1 AND phy_student_id = ?
[2m2021-04-16 00:37:13.149[0;39m [32mDEBUG[0;39m [35m16122[0;39m [2m---[0;39m [2m[  XNIO-1 task-3][0;39m [36m.c.d.m.w.p.P.selectPhyDateByPhyStudentId[0;39m [2m:[0;39m ==> Parameters: 210412C8X9AP30X4(String)
[2m2021-04-16 00:37:13.329[0;39m [32mDEBUG[0;39m [35m16122[0;39m [2m---[0;39m [2m[  XNIO-1 task-3][0;39m [36m.c.d.m.w.p.P.selectPhyDateByPhyStudentId[0;39m [2m:[0;39m <==      Total: 2
[2m2021-04-16 00:37:13.335[0;39m [32m INFO[0;39m [35m16122[0;39m [2m---[0;39m [2m[  XNIO-1 task-3][0;39m [36mcom.huiyi.campus.aspect.ServiceAspect   [0;39m [2m:[0;39m æ‰§è¡Œ com.huiyi.campus.web.health.service.impl.CampusHRecordServiceImpl.selectPhyDateByPhyStudentId è€—æ—¶ä¸ºï¼š8249ms
[2m2021-04-16 00:38:09.394[0;39m [32mDEBUG[0;39m [35m16122[0;39m [2m---[0;39m [2m[  XNIO-1 task-5][0;39m [36mc.h.c.d.m.w.p.P.selectAll_COUNT         [0;39m [2m:[0;39m ==>  Preparing: SELECT count(0) FROM phy_student_info info LEFT JOIN sys_parent p ON info.parent_id = p.id LEFT JOIN sys_school school ON info.school_id = school.id LEFT JOIN sys_organ organ ON info.organ_id = organ.id LEFT JOIN sys_grade_class class ON info.class_id = class.id LEFT JOIN sys_doctor doctor ON info.doctor_id = doctor.id WHERE 1 = 1
[2m2021-04-16 00:38:09.396[0;39m [32mDEBUG[0;39m [35m16122[0;39m [2m---[0;39m [2m[  XNIO-1 task-5][0;39m [36mc.h.c.d.m.w.p.P.selectAll_COUNT         [0;39m [2m:[0;39m ==> Parameters: 
[2m2021-04-16 00:38:09.550[0;39m [32mDEBUG[0;39m [35m16122[0;39m [2m---[0;39m [2m[  XNIO-1 task-5][0;39m [36mc.h.c.d.m.w.p.P.selectAll_COUNT         [0;39m [2m:[0;39m <==      Total: 1
[2m2021-04-16 00:38:09.570[0;39m [32mDEBUG[0;39m [35m16122[0;39m [2m---[0;39m [2m[  XNIO-1 task-5][0;39m [36mc.h.c.d.m.w.p.P.selectAll               [0;39m [2m:[0;39m ==>  Preparing: SELECT info.id as "id", info.student_name as "studentName", info.sex as "sex", info.age as "age", info.birth_date as "birthDate", p.user_name as "parentName", school.school_name as "schoolName", organ.organ_name as "organName", info.student_number as "studentNumber", info.major_class as "majorClass", info.class_id as "classId", info.nationality as "nationality", info.id_card as "idCard", info.phone_number as "phoneNumber", info.image as "image", info.family_address as "familyAddress", info.census_address as "censusAddress", info.enter_time as "enterTime", doctor.doctor_name as "doctorName", info.duty_doctor as "dutyDoctor", info.phy_file_date as "phyFileDate", info.create_time as "createTime", info.operator_id as "operatorId" FROM phy_student_info info LEFT JOIN sys_parent p on info.parent_id = p.id LEFT JOIN sys_school school on info.school_id = school.id LEFT JOIN sys_organ organ on info.organ_id = organ.id LEFT JOIN sys_grade_class class on info.class_id = class.id LEFT JOIN sys_doctor doctor on info.doctor_id = doctor.id WHERE 1=1 LIMIT ?
[2m2021-04-16 00:38:09.573[0;39m [32mDEBUG[0;39m [35m16122[0;39m [2m---[0;39m [2m[  XNIO-1 task-5][0;39m [36mc.h.c.d.m.w.p.P.selectAll               [0;39m [2m:[0;39m ==> Parameters: 100(Integer)
[2m2021-04-16 00:38:09.711[0;39m [32mDEBUG[0;39m [35m16122[0;39m [2m---[0;39m [2m[  XNIO-1 task-5][0;39m [36mc.h.c.d.m.w.p.P.selectAll               [0;39m [2m:[0;39m <==      Total: 40
[2m2021-04-16 00:38:18.162[0;39m [32m INFO[0;39m [35m16122[0;39m [2m---[0;39m [2m[  XNIO-1 task-5][0;39m [36mcom.huiyi.campus.aspect.ServiceAspect   [0;39m [2m:[0;39m æ‰§è¡Œ com.huiyi.campus.web.health.service.impl.CampusHRecordServiceImpl.queryStudentInfoRecord è€—æ—¶ä¸ºï¼š8979ms
[2m2021-04-16 00:40:23.612[0;39m [32m INFO[0;39m [35m16122[0;39m [2m---[0;39m [2m[extShutdownHook][0;39m [36morg.quartz.core.QuartzScheduler         [0;39m [2m:[0;39m Scheduler quartzScheduler_$_NON_CLUSTERED paused.
[2m2021-04-16 00:40:23.618[0;39m [32m INFO[0;39m [35m16122[0;39m [2m---[0;39m [2m[extShutdownHook][0;39m [36mo.s.s.quartz.SchedulerFactoryBean       [0;39m [2m:[0;39m Shutting down Quartz Scheduler
[2m2021-04-16 00:40:23.619[0;39m [32m INFO[0;39m [35m16122[0;39m [2m---[0;39m [2m[extShutdownHook][0;39m [36morg.quartz.core.QuartzScheduler         [0;39m [2m:[0;39m Scheduler quartzScheduler_$_NON_CLUSTERED shutting down.
[2m2021-04-16 00:40:23.619[0;39m [32m INFO[0;39m [35m16122[0;39m [2m---[0;39m [2m[extShutdownHook][0;39m [36morg.quartz.core.QuartzScheduler         [0;39m [2m:[0;39m Scheduler quartzScheduler_$_NON_CLUSTERED paused.
[2m2021-04-16 00:40:23.620[0;39m [32m INFO[0;39m [35m16122[0;39m [2m---[0;39m [2m[extShutdownHook][0;39m [36morg.quartz.core.QuartzScheduler         [0;39m [2m:[0;39m Scheduler quartzScheduler_$_NON_CLUSTERED shutdown complete.
[2m2021-04-16 00:40:23.630[0;39m [32m INFO[0;39m [35m16122[0;39m [2m---[0;39m [2m[extShutdownHook][0;39m [36mo.s.s.concurrent.ThreadPoolTaskExecutor [0;39m [2m:[0;39m Shutting down ExecutorService 'applicationTaskExecutor'
[2m2021-04-16 00:40:23.706[0;39m [32m INFO[0;39m [35m16122[0;39m [2m---[0;39m [2m[extShutdownHook][0;39m [36mcom.alibaba.druid.pool.DruidDataSource  [0;39m [2m:[0;39m {dataSource-1} closing ...
[2m2021-04-16 00:40:23.747[0;39m [32m INFO[0;39m [35m16122[0;39m [2m---[0;39m [2m[extShutdownHook][0;39m [36mcom.alibaba.druid.pool.DruidDataSource  [0;39m [2m:[0;39m {dataSource-1} closed
[2m2021-04-16 00:40:23.764[0;39m [32m INFO[0;39m [35m16122[0;39m [2m---[0;39m [2m[extShutdownHook][0;39m [36mio.undertow.servlet                     [0;39m [2m:[0;39m Destroying Spring FrameworkServlet 'dispatcherServlet'
[2m2021-04-16 00:40:23.771[0;39m [32m INFO[0;39m [35m16122[0;39m [2m---[0;39m [2m[extShutdownHook][0;39m [36mio.undertow                             [0;39m [2m:[0;39m stopping server: Undertow - 2.0.29.Final
[2m2021-04-16 20:45:21.946[0;39m [32m INFO[0;39m [35m18259[0;39m [2m---[0;39m [2m[           main][0;39m [36mcom.huiyi.campus.CampusStartApplication [0;39m [2m:[0;39m Starting CampusStartApplication on yukailideMacBook-Pro.local with PID 18259 (/Users/yukaili/huiyi/zx/campus_health_system/campus_startup/target/classes started by yukaili in /Users/yukaili/huiyi/zx/campus_health_system)
[2m2021-04-16 20:45:21.950[0;39m [32mDEBUG[0;39m [35m18259[0;39m [2m---[0;39m [2m[           main][0;39m [36mcom.huiyi.campus.CampusStartApplication [0;39m [2m:[0;39m Running with Spring Boot v2.2.5.RELEASE, Spring v5.2.4.RELEASE
[2m2021-04-16 20:45:21.951[0;39m [32m INFO[0;39m [35m18259[0;39m [2m---[0;39m [2m[           main][0;39m [36mcom.huiyi.campus.CampusStartApplication [0;39m [2m:[0;39m The following profiles are active: datasource,cache
[2m2021-04-16 20:45:23.501[0;39m [32m INFO[0;39m [35m18259[0;39m [2m---[0;39m [2m[           main][0;39m [36m.s.d.r.c.RepositoryConfigurationDelegate[0;39m [2m:[0;39m Multiple Spring Data modules found, entering strict repository configuration mode!
[2m2021-04-16 20:45:23.503[0;39m [32m INFO[0;39m [35m18259[0;39m [2m---[0;39m [2m[           main][0;39m [36m.s.d.r.c.RepositoryConfigurationDelegate[0;39m [2m:[0;39m Bootstrapping Spring Data Redis repositories in DEFAULT mode.
[2m2021-04-16 20:45:23.586[0;39m [32m INFO[0;39m [35m18259[0;39m [2m---[0;39m [2m[           main][0;39m [36m.s.d.r.c.RepositoryConfigurationDelegate[0;39m [2m:[0;39m Finished Spring Data repository scanning in 62ms. Found 0 Redis repository interfaces.
[2m2021-04-16 20:45:24.079[0;39m [32m INFO[0;39m [35m18259[0;39m [2m---[0;39m [2m[           main][0;39m [36mptablePropertiesBeanFactoryPostProcessor[0;39m [2m:[0;39m Post-processing PropertySource instances
[2m2021-04-16 20:45:24.178[0;39m [32m INFO[0;39m [35m18259[0;39m [2m---[0;39m [2m[           main][0;39m [36mc.u.j.EncryptablePropertySourceConverter[0;39m [2m:[0;39m Converting PropertySource configurationProperties [org.springframework.boot.context.properties.source.ConfigurationPropertySourcesPropertySource] to AOP Proxy
[2m2021-04-16 20:45:24.179[0;39m [32m INFO[0;39m [35m18259[0;39m [2m---[0;39m [2m[           main][0;39m [36mc.u.j.EncryptablePropertySourceConverter[0;39m [2m:[0;39m Converting PropertySource servletConfigInitParams [org.springframework.core.env.PropertySource$StubPropertySource] to EncryptablePropertySourceWrapper
[2m2021-04-16 20:45:24.179[0;39m [32m INFO[0;39m [35m18259[0;39m [2m---[0;39m [2m[           main][0;39m [36mc.u.j.EncryptablePropertySourceConverter[0;39m [2m:[0;39m Converting PropertySource servletContextInitParams [org.springframework.core.env.PropertySource$StubPropertySource] to EncryptablePropertySourceWrapper
[2m2021-04-16 20:45:24.180[0;39m [32m INFO[0;39m [35m18259[0;39m [2m---[0;39m [2m[           main][0;39m [36mc.u.j.EncryptablePropertySourceConverter[0;39m [2m:[0;39m Converting PropertySource systemProperties [org.springframework.core.env.PropertiesPropertySource] to EncryptableMapPropertySourceWrapper
[2m2021-04-16 20:45:24.180[0;39m [32m INFO[0;39m [35m18259[0;39m [2m---[0;39m [2m[           main][0;39m [36mc.u.j.EncryptablePropertySourceConverter[0;39m [2m:[0;39m Converting PropertySource systemEnvironment [org.springframework.boot.env.SystemEnvironmentPropertySourceEnvironmentPostProcessor$OriginAwareSystemEnvironmentPropertySource] to EncryptableMapPropertySourceWrapper
[2m2021-04-16 20:45:24.181[0;39m [32m INFO[0;39m [35m18259[0;39m [2m---[0;39m [2m[           main][0;39m [36mc.u.j.EncryptablePropertySourceConverter[0;39m [2m:[0;39m Converting PropertySource random [org.springframework.boot.env.RandomValuePropertySource] to EncryptablePropertySourceWrapper
[2m2021-04-16 20:45:24.181[0;39m [32m INFO[0;39m [35m18259[0;39m [2m---[0;39m [2m[           main][0;39m [36mc.u.j.EncryptablePropertySourceConverter[0;39m [2m:[0;39m Converting PropertySource applicationConfig: [classpath:/application-cache.yml] [org.springframework.boot.env.OriginTrackedMapPropertySource] to EncryptableMapPropertySourceWrapper
[2m2021-04-16 20:45:24.182[0;39m [32m INFO[0;39m [35m18259[0;39m [2m---[0;39m [2m[           main][0;39m [36mc.u.j.EncryptablePropertySourceConverter[0;39m [2m:[0;39m Converting PropertySource applicationConfig: [classpath:/application-datasource.yml] [org.springframework.boot.env.OriginTrackedMapPropertySource] to EncryptableMapPropertySourceWrapper
[2m2021-04-16 20:45:24.182[0;39m [32m INFO[0;39m [35m18259[0;39m [2m---[0;39m [2m[           main][0;39m [36mc.u.j.EncryptablePropertySourceConverter[0;39m [2m:[0;39m Converting PropertySource applicationConfig: [classpath:/application.yml] [org.springframework.boot.env.OriginTrackedMapPropertySource] to EncryptableMapPropertySourceWrapper
[2m2021-04-16 20:45:24.314[0;39m [32m INFO[0;39m [35m18259[0;39m [2m---[0;39m [2m[           main][0;39m [36mc.u.j.filter.DefaultLazyPropertyFilter  [0;39m [2m:[0;39m Property Filter custom Bean not found with name 'encryptablePropertyFilter'. Initializing Default Property Filter
[2m2021-04-16 20:45:24.518[0;39m [32m INFO[0;39m [35m18259[0;39m [2m---[0;39m [2m[           main][0;39m [36mtrationDelegate$BeanPostProcessorChecker[0;39m [2m:[0;39m Bean 'redisConfig' of type [com.huiyi.campus.common.config.redis.RedisConfig$$EnhancerBySpringCGLIB$$caf67408] is not eligible for getting processed by all BeanPostProcessors (for example: not eligible for auto-proxying)
[2m2021-04-16 20:45:24.706[0;39m [32m INFO[0;39m [35m18259[0;39m [2m---[0;39m [2m[           main][0;39m [36mc.u.j.r.DefaultLazyPropertyResolver     [0;39m [2m:[0;39m Property Resolver custom Bean not found with name 'encryptablePropertyResolver'. Initializing Default Property Resolver
[2m2021-04-16 20:45:24.708[0;39m [32m INFO[0;39m [35m18259[0;39m [2m---[0;39m [2m[           main][0;39m [36mc.u.j.d.DefaultLazyPropertyDetector     [0;39m [2m:[0;39m Property Detector custom Bean not found with name 'encryptablePropertyDetector'. Initializing Default Property Detector
[2m2021-04-16 20:45:25.142[0;39m [32m INFO[0;39m [35m18259[0;39m [2m---[0;39m [2m[           main][0;39m [36mio.undertow.servlet                     [0;39m [2m:[0;39m Initializing Spring embedded WebApplicationContext
[2m2021-04-16 20:45:25.143[0;39m [32m INFO[0;39m [35m18259[0;39m [2m---[0;39m [2m[           main][0;39m [36mo.s.web.context.ContextLoader           [0;39m [2m:[0;39m Root WebApplicationContext: initialization completed in 3128 ms
[2m2021-04-16 20:45:28.251[0;39m [32mDEBUG[0;39m [35m18259[0;39m [2m---[0;39m [2m[           main][0;39m [36mc.h.c.common.utils.idworker.IdWorker    [0;39m [2m:[0;39m worker starting. timestamp left shift 21, worker id 0
[2m2021-04-16 20:45:28.951[0;39m [32m INFO[0;39m [35m18259[0;39m [2m---[0;39m [2m[           main][0;39m [36mpertySourcedRequestMappingHandlerMapping[0;39m [2m:[0;39m Mapped URL path [/v2/api-docs] onto method [springfox.documentation.swagger2.web.Swagger2Controller#getDocumentation(String, HttpServletRequest)]
[2m2021-04-16 20:45:29.348[0;39m [32m INFO[0;39m [35m18259[0;39m [2m---[0;39m [2m[           main][0;39m [36mo.s.s.concurrent.ThreadPoolTaskExecutor [0;39m [2m:[0;39m Initializing ExecutorService 'applicationTaskExecutor'
[2m2021-04-16 20:45:30.017[0;39m [32m INFO[0;39m [35m18259[0;39m [2m---[0;39m [2m[           main][0;39m [36morg.quartz.impl.StdSchedulerFactory     [0;39m [2m:[0;39m Using default implementation for ThreadExecutor
[2m2021-04-16 20:45:30.027[0;39m [32m INFO[0;39m [35m18259[0;39m [2m---[0;39m [2m[           main][0;39m [36morg.quartz.core.SchedulerSignalerImpl   [0;39m [2m:[0;39m Initialized Scheduler Signaller of type: class org.quartz.core.SchedulerSignalerImpl
[2m2021-04-16 20:45:30.028[0;39m [32m INFO[0;39m [35m18259[0;39m [2m---[0;39m [2m[           main][0;39m [36morg.quartz.core.QuartzScheduler         [0;39m [2m:[0;39m Quartz Scheduler v.2.3.2 created.
[2m2021-04-16 20:45:30.028[0;39m [32m INFO[0;39m [35m18259[0;39m [2m---[0;39m [2m[           main][0;39m [36morg.quartz.simpl.RAMJobStore            [0;39m [2m:[0;39m RAMJobStore initialized.
[2m2021-04-16 20:45:30.029[0;39m [32m INFO[0;39m [35m18259[0;39m [2m---[0;39m [2m[           main][0;39m [36morg.quartz.core.QuartzScheduler         [0;39m [2m:[0;39m Scheduler meta-data: Quartz Scheduler (v2.3.2) 'quartzScheduler' with instanceId 'NON_CLUSTERED'
  Scheduler class: 'org.quartz.core.QuartzScheduler' - running locally.
  NOT STARTED.
  Currently in standby mode.
  Number of jobs executed: 0
  Using thread pool 'org.quartz.simpl.SimpleThreadPool' - with 10 threads.
  Using job-store 'org.quartz.simpl.RAMJobStore' - which does not support persistence. and is not clustered.

[2m2021-04-16 20:45:30.031[0;39m [32m INFO[0;39m [35m18259[0;39m [2m---[0;39m [2m[           main][0;39m [36morg.quartz.impl.StdSchedulerFactory     [0;39m [2m:[0;39m Quartz scheduler 'quartzScheduler' initialized from an externally provided properties instance.
[2m2021-04-16 20:45:30.031[0;39m [32m INFO[0;39m [35m18259[0;39m [2m---[0;39m [2m[           main][0;39m [36morg.quartz.impl.StdSchedulerFactory     [0;39m [2m:[0;39m Quartz scheduler version: 2.3.2
[2m2021-04-16 20:45:30.031[0;39m [32m INFO[0;39m [35m18259[0;39m [2m---[0;39m [2m[           main][0;39m [36morg.quartz.core.QuartzScheduler         [0;39m [2m:[0;39m JobFactory set to: org.springframework.scheduling.quartz.SpringBeanJobFactory@7535307c
[2m2021-04-16 20:45:30.137[0;39m [32m INFO[0;39m [35m18259[0;39m [2m---[0;39m [2m[           main][0;39m [36md.s.w.p.DocumentationPluginsBootstrapper[0;39m [2m:[0;39m Context refreshed
[2m2021-04-16 20:45:30.151[0;39m [32m INFO[0;39m [35m18259[0;39m [2m---[0;39m [2m[           main][0;39m [36md.s.w.p.DocumentationPluginsBootstrapper[0;39m [2m:[0;39m Found 1 custom documentation plugin(s)
[2m2021-04-16 20:45:30.181[0;39m [32m INFO[0;39m [35m18259[0;39m [2m---[0;39m [2m[           main][0;39m [36ms.d.s.w.s.ApiListingReferenceScanner    [0;39m [2m:[0;39m Scanning for api listing references
[2m2021-04-16 20:45:30.643[0;39m [32m INFO[0;39m [35m18259[0;39m [2m---[0;39m [2m[           main][0;39m [36mo.s.s.quartz.SchedulerFactoryBean       [0;39m [2m:[0;39m Starting Quartz Scheduler now
[2m2021-04-16 20:45:30.644[0;39m [32m INFO[0;39m [35m18259[0;39m [2m---[0;39m [2m[           main][0;39m [36morg.quartz.core.QuartzScheduler         [0;39m [2m:[0;39m Scheduler quartzScheduler_$_NON_CLUSTERED started.
[2m2021-04-16 20:45:30.774[0;39m [32m INFO[0;39m [35m18259[0;39m [2m---[0;39m [2m[           main][0;39m [36mcom.huiyi.campus.netty.NWebSocketServer [0;39m [2m:[0;39m netty websocket server å¯åŠ¨å®Œæ¯•......
[2m2021-04-16 20:45:30.807[0;39m [32m INFO[0;39m [35m18259[0;39m [2m---[0;39m [2m[           main][0;39m [36mio.undertow                             [0;39m [2m:[0;39m starting server: Undertow - 2.0.29.Final
[2m2021-04-16 20:45:30.817[0;39m [32m INFO[0;39m [35m18259[0;39m [2m---[0;39m [2m[           main][0;39m [36morg.xnio                                [0;39m [2m:[0;39m XNIO version 3.3.8.Final
[2m2021-04-16 20:45:30.836[0;39m [32m INFO[0;39m [35m18259[0;39m [2m---[0;39m [2m[           main][0;39m [36morg.xnio.nio                            [0;39m [2m:[0;39m XNIO NIO Implementation Version 3.3.8.Final
[2m2021-04-16 20:45:30.909[0;39m [32m INFO[0;39m [35m18259[0;39m [2m---[0;39m [2m[           main][0;39m [36mo.s.b.w.e.u.UndertowServletWebServer    [0;39m [2m:[0;39m Undertow started on port(s) 8021 (http) with context path '/campus'
[2m2021-04-16 20:45:30.926[0;39m [32m INFO[0;39m [35m18259[0;39m [2m---[0;39m [2m[           main][0;39m [36mcom.huiyi.campus.CampusStartApplication [0;39m [2m:[0;39m Started CampusStartApplication in 9.865 seconds (JVM running for 11.507)
[2m2021-04-16 20:45:30.931[0;39m [32m INFO[0;39m [35m18259[0;39m [2m---[0;39m [2m[           main][0;39m [36mcom.huiyi.campus.CampusStartApplication [0;39m [2m:[0;39m 




                                                                                                                                   dddddddd
                          tttt                                                         tttt                                          d::::::d
                       ttt:::t                                                      ttt:::t                                          d::::::d
                       t:::::t                                                      t:::::t                                          d::::::d
                       t:::::t                                                      t:::::t                                          d:::::d 
    ssssssssss   ttttttt:::::ttttttt      aaaaaaaaaaaaa   rrrrr   rrrrrrrrr   ttttttt:::::ttttttt        eeeeeeeeeeee        ddddddddd:::::d 
  ss::::::::::s  t:::::::::::::::::t      a::::::::::::a  r::::rrr:::::::::r  t:::::::::::::::::t      ee::::::::::::ee    dd::::::::::::::d 
ss:::::::::::::s t:::::::::::::::::t      aaaaaaaaa:::::a r:::::::::::::::::r t:::::::::::::::::t     e::::::eeeee:::::ee d::::::::::::::::d 
s::::::ssss:::::stttttt:::::::tttttt               a::::a rr::::::rrrrr::::::rtttttt:::::::tttttt    e::::::e     e:::::ed:::::::ddddd:::::d 
 s:::::s  ssssss       t:::::t              aaaaaaa:::::a  r:::::r     r:::::r      t:::::t          e:::::::eeeee::::::ed::::::d    d:::::d 
   s::::::s            t:::::t            aa::::::::::::a  r:::::r     rrrrrrr      t:::::t          e:::::::::::::::::e d:::::d     d:::::d 
      s::::::s         t:::::t           a::::aaaa::::::a  r:::::r                  t:::::t          e::::::eeeeeeeeeee  d:::::d     d:::::d 
ssssss   s:::::s       t:::::t    tttttta::::a    a:::::a  r:::::r                  t:::::t    tttttte:::::::e           d:::::d     d:::::d 
s:::::ssss::::::s      t::::::tttt:::::ta::::a    a:::::a  r:::::r                  t::::::tttt:::::te::::::::e          d::::::ddddd::::::dd
s::::::::::::::s       tt::::::::::::::ta:::::aaaa::::::a  r:::::r                  tt::::::::::::::t e::::::::eeeeeeee   d:::::::::::::::::d
 s:::::::::::ss          tt:::::::::::tt a::::::::::aa:::a r:::::r                    tt:::::::::::tt  ee:::::::::::::e    d:::::::::ddd::::d
  sssssssssss              ttttttttttt    aaaaaaaaaa  aaaa rrrrrrr                      ttttttttttt      eeeeeeeeeeeeee     ddddddddd   ddddd





[2m2021-04-16 22:10:41.960[0;39m [32m INFO[0;39m [35m18259[0;39m [2m---[0;39m [2m[extShutdownHook][0;39m [36morg.quartz.core.QuartzScheduler         [0;39m [2m:[0;39m Scheduler quartzScheduler_$_NON_CLUSTERED paused.
[2m2021-04-16 22:10:41.982[0;39m [32m INFO[0;39m [35m18259[0;39m [2m---[0;39m [2m[extShutdownHook][0;39m [36mo.s.s.quartz.SchedulerFactoryBean       [0;39m [2m:[0;39m Shutting down Quartz Scheduler
[2m2021-04-16 22:10:41.982[0;39m [32m INFO[0;39m [35m18259[0;39m [2m---[0;39m [2m[extShutdownHook][0;39m [36morg.quartz.core.QuartzScheduler         [0;39m [2m:[0;39m Scheduler quartzScheduler_$_NON_CLUSTERED shutting down.
[2m2021-04-16 22:10:41.982[0;39m [32m INFO[0;39m [35m18259[0;39m [2m---[0;39m [2m[extShutdownHook][0;39m [36morg.quartz.core.QuartzScheduler         [0;39m [2m:[0;39m Scheduler quartzScheduler_$_NON_CLUSTERED paused.
[2m2021-04-16 22:10:41.983[0;39m [32m INFO[0;39m [35m18259[0;39m [2m---[0;39m [2m[extShutdownHook][0;39m [36morg.quartz.core.QuartzScheduler         [0;39m [2m:[0;39m Scheduler quartzScheduler_$_NON_CLUSTERED shutdown complete.
[2m2021-04-16 22:10:42.006[0;39m [32m INFO[0;39m [35m18259[0;39m [2m---[0;39m [2m[extShutdownHook][0;39m [36mo.s.s.concurrent.ThreadPoolTaskExecutor [0;39m [2m:[0;39m Shutting down ExecutorService 'applicationTaskExecutor'
[2m2021-04-16 22:10:42.160[0;39m [32m INFO[0;39m [35m18259[0;39m [2m---[0;39m [2m[extShutdownHook][0;39m [36mcom.alibaba.druid.pool.DruidDataSource  [0;39m [2m:[0;39m {dataSource-0} closing ...
[2m2021-04-16 22:10:42.186[0;39m [32m INFO[0;39m [35m18259[0;39m [2m---[0;39m [2m[extShutdownHook][0;39m [36mio.undertow                             [0;39m [2m:[0;39m stopping server: Undertow - 2.0.29.Final
[2m2021-04-16 22:11:21.611[0;39m [32m INFO[0;39m [35m20086[0;39m [2m---[0;39m [2m[           main][0;39m [36mcom.huiyi.campus.CampusStartApplication [0;39m [2m:[0;39m Starting CampusStartApplication on yukailideMacBook-Pro.local with PID 20086 (/Users/yukaili/huiyi/zx/campus_health_system/campus_startup/target/classes started by yukaili in /Users/yukaili/huiyi/zx/campus_health_system)
[2m2021-04-16 22:11:21.613[0;39m [32mDEBUG[0;39m [35m20086[0;39m [2m---[0;39m [2m[           main][0;39m [36mcom.huiyi.campus.CampusStartApplication [0;39m [2m:[0;39m Running with Spring Boot v2.2.5.RELEASE, Spring v5.2.4.RELEASE
[2m2021-04-16 22:11:21.613[0;39m [32m INFO[0;39m [35m20086[0;39m [2m---[0;39m [2m[           main][0;39m [36mcom.huiyi.campus.CampusStartApplication [0;39m [2m:[0;39m The following profiles are active: datasource,cache
[2m2021-04-16 22:11:22.983[0;39m [32m INFO[0;39m [35m20086[0;39m [2m---[0;39m [2m[           main][0;39m [36m.s.d.r.c.RepositoryConfigurationDelegate[0;39m [2m:[0;39m Multiple Spring Data modules found, entering strict repository configuration mode!
[2m2021-04-16 22:11:22.985[0;39m [32m INFO[0;39m [35m20086[0;39m [2m---[0;39m [2m[           main][0;39m [36m.s.d.r.c.RepositoryConfigurationDelegate[0;39m [2m:[0;39m Bootstrapping Spring Data Redis repositories in DEFAULT mode.
[2m2021-04-16 22:11:23.062[0;39m [32m INFO[0;39m [35m20086[0;39m [2m---[0;39m [2m[           main][0;39m [36m.s.d.r.c.RepositoryConfigurationDelegate[0;39m [2m:[0;39m Finished Spring Data repository scanning in 58ms. Found 0 Redis repository interfaces.
[2m2021-04-16 22:11:23.538[0;39m [32m INFO[0;39m [35m20086[0;39m [2m---[0;39m [2m[           main][0;39m [36mptablePropertiesBeanFactoryPostProcessor[0;39m [2m:[0;39m Post-processing PropertySource instances
[2m2021-04-16 22:11:23.657[0;39m [32m INFO[0;39m [35m20086[0;39m [2m---[0;39m [2m[           main][0;39m [36mc.u.j.EncryptablePropertySourceConverter[0;39m [2m:[0;39m Converting PropertySource configurationProperties [org.springframework.boot.context.properties.source.ConfigurationPropertySourcesPropertySource] to AOP Proxy
[2m2021-04-16 22:11:23.658[0;39m [32m INFO[0;39m [35m20086[0;39m [2m---[0;39m [2m[           main][0;39m [36mc.u.j.EncryptablePropertySourceConverter[0;39m [2m:[0;39m Converting PropertySource servletConfigInitParams [org.springframework.core.env.PropertySource$StubPropertySource] to EncryptablePropertySourceWrapper
[2m2021-04-16 22:11:23.658[0;39m [32m INFO[0;39m [35m20086[0;39m [2m---[0;39m [2m[           main][0;39m [36mc.u.j.EncryptablePropertySourceConverter[0;39m [2m:[0;39m Converting PropertySource servletContextInitParams [org.springframework.core.env.PropertySource$StubPropertySource] to EncryptablePropertySourceWrapper
[2m2021-04-16 22:11:23.658[0;39m [32m INFO[0;39m [35m20086[0;39m [2m---[0;39m [2m[           main][0;39m [36mc.u.j.EncryptablePropertySourceConverter[0;39m [2m:[0;39m Converting PropertySource systemProperties [org.springframework.core.env.PropertiesPropertySource] to EncryptableMapPropertySourceWrapper
[2m2021-04-16 22:11:23.658[0;39m [32m INFO[0;39m [35m20086[0;39m [2m---[0;39m [2m[           main][0;39m [36mc.u.j.EncryptablePropertySourceConverter[0;39m [2m:[0;39m Converting PropertySource systemEnvironment [org.springframework.boot.env.SystemEnvironmentPropertySourceEnvironmentPostProcessor$OriginAwareSystemEnvironmentPropertySource] to EncryptableMapPropertySourceWrapper
[2m2021-04-16 22:11:23.658[0;39m [32m INFO[0;39m [35m20086[0;39m [2m---[0;39m [2m[           main][0;39m [36mc.u.j.EncryptablePropertySourceConverter[0;39m [2m:[0;39m Converting PropertySource random [org.springframework.boot.env.RandomValuePropertySource] to EncryptablePropertySourceWrapper
[2m2021-04-16 22:11:23.658[0;39m [32m INFO[0;39m [35m20086[0;39m [2m---[0;39m [2m[           main][0;39m [36mc.u.j.EncryptablePropertySourceConverter[0;39m [2m:[0;39m Converting PropertySource applicationConfig: [classpath:/application-cache.yml] [org.springframework.boot.env.OriginTrackedMapPropertySource] to EncryptableMapPropertySourceWrapper
[2m2021-04-16 22:11:23.658[0;39m [32m INFO[0;39m [35m20086[0;39m [2m---[0;39m [2m[           main][0;39m [36mc.u.j.EncryptablePropertySourceConverter[0;39m [2m:[0;39m Converting PropertySource applicationConfig: [classpath:/application-datasource.yml] [org.springframework.boot.env.OriginTrackedMapPropertySource] to EncryptableMapPropertySourceWrapper
[2m2021-04-16 22:11:23.658[0;39m [32m INFO[0;39m [35m20086[0;39m [2m---[0;39m [2m[           main][0;39m [36mc.u.j.EncryptablePropertySourceConverter[0;39m [2m:[0;39m Converting PropertySource applicationConfig: [classpath:/application.yml] [org.springframework.boot.env.OriginTrackedMapPropertySource] to EncryptableMapPropertySourceWrapper
[2m2021-04-16 22:11:23.786[0;39m [32m INFO[0;39m [35m20086[0;39m [2m---[0;39m [2m[           main][0;39m [36mc.u.j.filter.DefaultLazyPropertyFilter  [0;39m [2m:[0;39m Property Filter custom Bean not found with name 'encryptablePropertyFilter'. Initializing Default Property Filter
[2m2021-04-16 22:11:24.014[0;39m [32m INFO[0;39m [35m20086[0;39m [2m---[0;39m [2m[           main][0;39m [36mtrationDelegate$BeanPostProcessorChecker[0;39m [2m:[0;39m Bean 'redisConfig' of type [com.huiyi.campus.common.config.redis.RedisConfig$$EnhancerBySpringCGLIB$$f6fb20fd] is not eligible for getting processed by all BeanPostProcessors (for example: not eligible for auto-proxying)
[2m2021-04-16 22:11:24.322[0;39m [32m INFO[0;39m [35m20086[0;39m [2m---[0;39m [2m[           main][0;39m [36mc.u.j.r.DefaultLazyPropertyResolver     [0;39m [2m:[0;39m Property Resolver custom Bean not found with name 'encryptablePropertyResolver'. Initializing Default Property Resolver
[2m2021-04-16 22:11:24.332[0;39m [32m INFO[0;39m [35m20086[0;39m [2m---[0;39m [2m[           main][0;39m [36mc.u.j.d.DefaultLazyPropertyDetector     [0;39m [2m:[0;39m Property Detector custom Bean not found with name 'encryptablePropertyDetector'. Initializing Default Property Detector
[2m2021-04-16 22:11:24.770[0;39m [32m INFO[0;39m [35m20086[0;39m [2m---[0;39m [2m[           main][0;39m [36mio.undertow.servlet                     [0;39m [2m:[0;39m Initializing Spring embedded WebApplicationContext
[2m2021-04-16 22:11:24.771[0;39m [32m INFO[0;39m [35m20086[0;39m [2m---[0;39m [2m[           main][0;39m [36mo.s.web.context.ContextLoader           [0;39m [2m:[0;39m Root WebApplicationContext: initialization completed in 3099 ms
[2m2021-04-16 22:11:27.720[0;39m [32mDEBUG[0;39m [35m20086[0;39m [2m---[0;39m [2m[           main][0;39m [36mc.h.c.common.utils.idworker.IdWorker    [0;39m [2m:[0;39m worker starting. timestamp left shift 21, worker id 0
[2m2021-04-16 22:11:28.356[0;39m [32m INFO[0;39m [35m20086[0;39m [2m---[0;39m [2m[           main][0;39m [36mpertySourcedRequestMappingHandlerMapping[0;39m [2m:[0;39m Mapped URL path [/v2/api-docs] onto method [springfox.documentation.swagger2.web.Swagger2Controller#getDocumentation(String, HttpServletRequest)]
[2m2021-04-16 22:11:28.575[0;39m [32m INFO[0;39m [35m20086[0;39m [2m---[0;39m [2m[           main][0;39m [36mo.s.s.concurrent.ThreadPoolTaskExecutor [0;39m [2m:[0;39m Initializing ExecutorService 'applicationTaskExecutor'
[2m2021-04-16 22:11:29.325[0;39m [32m INFO[0;39m [35m20086[0;39m [2m---[0;39m [2m[           main][0;39m [36morg.quartz.impl.StdSchedulerFactory     [0;39m [2m:[0;39m Using default implementation for ThreadExecutor
[2m2021-04-16 22:11:29.339[0;39m [32m INFO[0;39m [35m20086[0;39m [2m---[0;39m [2m[           main][0;39m [36morg.quartz.core.SchedulerSignalerImpl   [0;39m [2m:[0;39m Initialized Scheduler Signaller of type: class org.quartz.core.SchedulerSignalerImpl
[2m2021-04-16 22:11:29.339[0;39m [32m INFO[0;39m [35m20086[0;39m [2m---[0;39m [2m[           main][0;39m [36morg.quartz.core.QuartzScheduler         [0;39m [2m:[0;39m Quartz Scheduler v.2.3.2 created.
[2m2021-04-16 22:11:29.340[0;39m [32m INFO[0;39m [35m20086[0;39m [2m---[0;39m [2m[           main][0;39m [36morg.quartz.simpl.RAMJobStore            [0;39m [2m:[0;39m RAMJobStore initialized.
[2m2021-04-16 22:11:29.340[0;39m [32m INFO[0;39m [35m20086[0;39m [2m---[0;39m [2m[           main][0;39m [36morg.quartz.core.QuartzScheduler         [0;39m [2m:[0;39m Scheduler meta-data: Quartz Scheduler (v2.3.2) 'quartzScheduler' with instanceId 'NON_CLUSTERED'
  Scheduler class: 'org.quartz.core.QuartzScheduler' - running locally.
  NOT STARTED.
  Currently in standby mode.
  Number of jobs executed: 0
  Using thread pool 'org.quartz.simpl.SimpleThreadPool' - with 10 threads.
  Using job-store 'org.quartz.simpl.RAMJobStore' - which does not support persistence. and is not clustered.

[2m2021-04-16 22:11:29.344[0;39m [32m INFO[0;39m [35m20086[0;39m [2m---[0;39m [2m[           main][0;39m [36morg.quartz.impl.StdSchedulerFactory     [0;39m [2m:[0;39m Quartz scheduler 'quartzScheduler' initialized from an externally provided properties instance.
[2m2021-04-16 22:11:29.344[0;39m [32m INFO[0;39m [35m20086[0;39m [2m---[0;39m [2m[           main][0;39m [36morg.quartz.impl.StdSchedulerFactory     [0;39m [2m:[0;39m Quartz scheduler version: 2.3.2
[2m2021-04-16 22:11:29.344[0;39m [32m INFO[0;39m [35m20086[0;39m [2m---[0;39m [2m[           main][0;39m [36morg.quartz.core.QuartzScheduler         [0;39m [2m:[0;39m JobFactory set to: org.springframework.scheduling.quartz.SpringBeanJobFactory@2ee5c08d
[2m2021-04-16 22:11:29.469[0;39m [32m INFO[0;39m [35m20086[0;39m [2m---[0;39m [2m[           main][0;39m [36md.s.w.p.DocumentationPluginsBootstrapper[0;39m [2m:[0;39m Context refreshed
[2m2021-04-16 22:11:29.482[0;39m [32m INFO[0;39m [35m20086[0;39m [2m---[0;39m [2m[           main][0;39m [36md.s.w.p.DocumentationPluginsBootstrapper[0;39m [2m:[0;39m Found 1 custom documentation plugin(s)
[2m2021-04-16 22:11:29.512[0;39m [32m INFO[0;39m [35m20086[0;39m [2m---[0;39m [2m[           main][0;39m [36ms.d.s.w.s.ApiListingReferenceScanner    [0;39m [2m:[0;39m Scanning for api listing references
[2m2021-04-16 22:11:30.125[0;39m [32m INFO[0;39m [35m20086[0;39m [2m---[0;39m [2m[           main][0;39m [36mo.s.s.quartz.SchedulerFactoryBean       [0;39m [2m:[0;39m Starting Quartz Scheduler now
[2m2021-04-16 22:11:30.126[0;39m [32m INFO[0;39m [35m20086[0;39m [2m---[0;39m [2m[           main][0;39m [36morg.quartz.core.QuartzScheduler         [0;39m [2m:[0;39m Scheduler quartzScheduler_$_NON_CLUSTERED started.
[2m2021-04-16 22:11:30.193[0;39m [32m INFO[0;39m [35m20086[0;39m [2m---[0;39m [2m[           main][0;39m [36mcom.huiyi.campus.netty.NWebSocketServer [0;39m [2m:[0;39m netty websocket server å¯åŠ¨å®Œæ¯•......
[2m2021-04-16 22:11:30.236[0;39m [32m INFO[0;39m [35m20086[0;39m [2m---[0;39m [2m[           main][0;39m [36mio.undertow                             [0;39m [2m:[0;39m starting server: Undertow - 2.0.29.Final
[2m2021-04-16 22:11:30.244[0;39m [32m INFO[0;39m [35m20086[0;39m [2m---[0;39m [2m[           main][0;39m [36morg.xnio                                [0;39m [2m:[0;39m XNIO version 3.3.8.Final
[2m2021-04-16 22:11:30.269[0;39m [32m INFO[0;39m [35m20086[0;39m [2m---[0;39m [2m[           main][0;39m [36morg.xnio.nio                            [0;39m [2m:[0;39m XNIO NIO Implementation Version 3.3.8.Final
[2m2021-04-16 22:11:30.346[0;39m [32m INFO[0;39m [35m20086[0;39m [2m---[0;39m [2m[           main][0;39m [36mo.s.b.w.e.u.UndertowServletWebServer    [0;39m [2m:[0;39m Undertow started on port(s) 8021 (http) with context path '/campus'
[2m2021-04-16 22:11:30.362[0;39m [32m INFO[0;39m [35m20086[0;39m [2m---[0;39m [2m[           main][0;39m [36mcom.huiyi.campus.CampusStartApplication [0;39m [2m:[0;39m Started CampusStartApplication in 9.689 seconds (JVM running for 11.06)
[2m2021-04-16 22:11:30.366[0;39m [32m INFO[0;39m [35m20086[0;39m [2m---[0;39m [2m[           main][0;39m [36mcom.huiyi.campus.CampusStartApplication [0;39m [2m:[0;39m 




                                                                                                                                   dddddddd
                          tttt                                                         tttt                                          d::::::d
                       ttt:::t                                                      ttt:::t                                          d::::::d
                       t:::::t                                                      t:::::t                                          d::::::d
                       t:::::t                                                      t:::::t                                          d:::::d 
    ssssssssss   ttttttt:::::ttttttt      aaaaaaaaaaaaa   rrrrr   rrrrrrrrr   ttttttt:::::ttttttt        eeeeeeeeeeee        ddddddddd:::::d 
  ss::::::::::s  t:::::::::::::::::t      a::::::::::::a  r::::rrr:::::::::r  t:::::::::::::::::t      ee::::::::::::ee    dd::::::::::::::d 
ss:::::::::::::s t:::::::::::::::::t      aaaaaaaaa:::::a r:::::::::::::::::r t:::::::::::::::::t     e::::::eeeee:::::ee d::::::::::::::::d 
s::::::ssss:::::stttttt:::::::tttttt               a::::a rr::::::rrrrr::::::rtttttt:::::::tttttt    e::::::e     e:::::ed:::::::ddddd:::::d 
 s:::::s  ssssss       t:::::t              aaaaaaa:::::a  r:::::r     r:::::r      t:::::t          e:::::::eeeee::::::ed::::::d    d:::::d 
   s::::::s            t:::::t            aa::::::::::::a  r:::::r     rrrrrrr      t:::::t          e:::::::::::::::::e d:::::d     d:::::d 
      s::::::s         t:::::t           a::::aaaa::::::a  r:::::r                  t:::::t          e::::::eeeeeeeeeee  d:::::d     d:::::d 
ssssss   s:::::s       t:::::t    tttttta::::a    a:::::a  r:::::r                  t:::::t    tttttte:::::::e           d:::::d     d:::::d 
s:::::ssss::::::s      t::::::tttt:::::ta::::a    a:::::a  r:::::r                  t::::::tttt:::::te::::::::e          d::::::ddddd::::::dd
s::::::::::::::s       tt::::::::::::::ta:::::aaaa::::::a  r:::::r                  tt::::::::::::::t e::::::::eeeeeeee   d:::::::::::::::::d
 s:::::::::::ss          tt:::::::::::tt a::::::::::aa:::a r:::::r                    tt:::::::::::tt  ee:::::::::::::e    d:::::::::ddd::::d
  sssssssssss              ttttttttttt    aaaaaaaaaa  aaaa rrrrrrr                      ttttttttttt      eeeeeeeeeeeeee     ddddddddd   ddddd





[2m2021-04-16 22:12:40.070[0;39m [32m INFO[0;39m [35m20086[0;39m [2m---[0;39m [2m[extShutdownHook][0;39m [36morg.quartz.core.QuartzScheduler         [0;39m [2m:[0;39m Scheduler quartzScheduler_$_NON_CLUSTERED paused.
[2m2021-04-16 22:12:40.074[0;39m [32m INFO[0;39m [35m20086[0;39m [2m---[0;39m [2m[extShutdownHook][0;39m [36mo.s.s.quartz.SchedulerFactoryBean       [0;39m [2m:[0;39m Shutting down Quartz Scheduler
[2m2021-04-16 22:12:40.075[0;39m [32m INFO[0;39m [35m20086[0;39m [2m---[0;39m [2m[extShutdownHook][0;39m [36morg.quartz.core.QuartzScheduler         [0;39m [2m:[0;39m Scheduler quartzScheduler_$_NON_CLUSTERED shutting down.
[2m2021-04-16 22:12:40.075[0;39m [32m INFO[0;39m [35m20086[0;39m [2m---[0;39m [2m[extShutdownHook][0;39m [36morg.quartz.core.QuartzScheduler         [0;39m [2m:[0;39m Scheduler quartzScheduler_$_NON_CLUSTERED paused.
[2m2021-04-16 22:12:40.076[0;39m [32m INFO[0;39m [35m20086[0;39m [2m---[0;39m [2m[extShutdownHook][0;39m [36morg.quartz.core.QuartzScheduler         [0;39m [2m:[0;39m Scheduler quartzScheduler_$_NON_CLUSTERED shutdown complete.
[2m2021-04-16 22:12:40.084[0;39m [32m INFO[0;39m [35m20086[0;39m [2m---[0;39m [2m[extShutdownHook][0;39m [36mo.s.s.concurrent.ThreadPoolTaskExecutor [0;39m [2m:[0;39m Shutting down ExecutorService 'applicationTaskExecutor'
