[2m2021-04-19 22:45:40.112[0;39m [32m INFO[0;39m [35m2226[0;39m [2m---[0;39m [2m[           main][0;39m [36mcom.huiyi.campus.CampusStartApplication [0;39m [2m:[0;39m Starting CampusStartApplication on yukailideMacBook-Pro.local with PID 2226 (/Users/yukaili/huiyi/zx/campus_health_system/campus_startup/target/classes started by yukaili in /Users/yukaili/huiyi/zx/campus_health_system)
[2m2021-04-19 22:45:40.116[0;39m [32mDEBUG[0;39m [35m2226[0;39m [2m---[0;39m [2m[           main][0;39m [36mcom.huiyi.campus.CampusStartApplication [0;39m [2m:[0;39m Running with Spring Boot v2.2.5.RELEASE, Spring v5.2.4.RELEASE
[2m2021-04-19 22:45:40.116[0;39m [32m INFO[0;39m [35m2226[0;39m [2m---[0;39m [2m[           main][0;39m [36mcom.huiyi.campus.CampusStartApplication [0;39m [2m:[0;39m The following profiles are active: datasource,cache
[2m2021-04-19 22:45:41.545[0;39m [32m INFO[0;39m [35m2226[0;39m [2m---[0;39m [2m[           main][0;39m [36m.s.d.r.c.RepositoryConfigurationDelegate[0;39m [2m:[0;39m Multiple Spring Data modules found, entering strict repository configuration mode!
[2m2021-04-19 22:45:41.547[0;39m [32m INFO[0;39m [35m2226[0;39m [2m---[0;39m [2m[           main][0;39m [36m.s.d.r.c.RepositoryConfigurationDelegate[0;39m [2m:[0;39m Bootstrapping Spring Data Redis repositories in DEFAULT mode.
[2m2021-04-19 22:45:41.600[0;39m [32m INFO[0;39m [35m2226[0;39m [2m---[0;39m [2m[           main][0;39m [36m.s.d.r.c.RepositoryConfigurationDelegate[0;39m [2m:[0;39m Finished Spring Data repository scanning in 39ms. Found 0 Redis repository interfaces.
[2m2021-04-19 22:45:41.975[0;39m [32m INFO[0;39m [35m2226[0;39m [2m---[0;39m [2m[           main][0;39m [36mptablePropertiesBeanFactoryPostProcessor[0;39m [2m:[0;39m Post-processing PropertySource instances
[2m2021-04-19 22:45:42.063[0;39m [32m INFO[0;39m [35m2226[0;39m [2m---[0;39m [2m[           main][0;39m [36mc.u.j.EncryptablePropertySourceConverter[0;39m [2m:[0;39m Converting PropertySource configurationProperties [org.springframework.boot.context.properties.source.ConfigurationPropertySourcesPropertySource] to AOP Proxy
[2m2021-04-19 22:45:42.064[0;39m [32m INFO[0;39m [35m2226[0;39m [2m---[0;39m [2m[           main][0;39m [36mc.u.j.EncryptablePropertySourceConverter[0;39m [2m:[0;39m Converting PropertySource servletConfigInitParams [org.springframework.core.env.PropertySource$StubPropertySource] to EncryptablePropertySourceWrapper
[2m2021-04-19 22:45:42.064[0;39m [32m INFO[0;39m [35m2226[0;39m [2m---[0;39m [2m[           main][0;39m [36mc.u.j.EncryptablePropertySourceConverter[0;39m [2m:[0;39m Converting PropertySource servletContextInitParams [org.springframework.core.env.PropertySource$StubPropertySource] to EncryptablePropertySourceWrapper
[2m2021-04-19 22:45:42.065[0;39m [32m INFO[0;39m [35m2226[0;39m [2m---[0;39m [2m[           main][0;39m [36mc.u.j.EncryptablePropertySourceConverter[0;39m [2m:[0;39m Converting PropertySource systemProperties [org.springframework.core.env.PropertiesPropertySource] to EncryptableMapPropertySourceWrapper
[2m2021-04-19 22:45:42.065[0;39m [32m INFO[0;39m [35m2226[0;39m [2m---[0;39m [2m[           main][0;39m [36mc.u.j.EncryptablePropertySourceConverter[0;39m [2m:[0;39m Converting PropertySource systemEnvironment [org.springframework.boot.env.SystemEnvironmentPropertySourceEnvironmentPostProcessor$OriginAwareSystemEnvironmentPropertySource] to EncryptableMapPropertySourceWrapper
[2m2021-04-19 22:45:42.065[0;39m [32m INFO[0;39m [35m2226[0;39m [2m---[0;39m [2m[           main][0;39m [36mc.u.j.EncryptablePropertySourceConverter[0;39m [2m:[0;39m Converting PropertySource random [org.springframework.boot.env.RandomValuePropertySource] to EncryptablePropertySourceWrapper
[2m2021-04-19 22:45:42.066[0;39m [32m INFO[0;39m [35m2226[0;39m [2m---[0;39m [2m[           main][0;39m [36mc.u.j.EncryptablePropertySourceConverter[0;39m [2m:[0;39m Converting PropertySource applicationConfig: [classpath:/application-cache.yml] [org.springframework.boot.env.OriginTrackedMapPropertySource] to EncryptableMapPropertySourceWrapper
[2m2021-04-19 22:45:42.066[0;39m [32m INFO[0;39m [35m2226[0;39m [2m---[0;39m [2m[           main][0;39m [36mc.u.j.EncryptablePropertySourceConverter[0;39m [2m:[0;39m Converting PropertySource applicationConfig: [classpath:/application-datasource.yml] [org.springframework.boot.env.OriginTrackedMapPropertySource] to EncryptableMapPropertySourceWrapper
[2m2021-04-19 22:45:42.067[0;39m [32m INFO[0;39m [35m2226[0;39m [2m---[0;39m [2m[           main][0;39m [36mc.u.j.EncryptablePropertySourceConverter[0;39m [2m:[0;39m Converting PropertySource applicationConfig: [classpath:/application.yml] [org.springframework.boot.env.OriginTrackedMapPropertySource] to EncryptableMapPropertySourceWrapper
[2m2021-04-19 22:45:42.146[0;39m [32m INFO[0;39m [35m2226[0;39m [2m---[0;39m [2m[           main][0;39m [36mc.u.j.filter.DefaultLazyPropertyFilter  [0;39m [2m:[0;39m Property Filter custom Bean not found with name 'encryptablePropertyFilter'. Initializing Default Property Filter
[2m2021-04-19 22:45:42.332[0;39m [32m INFO[0;39m [35m2226[0;39m [2m---[0;39m [2m[           main][0;39m [36mtrationDelegate$BeanPostProcessorChecker[0;39m [2m:[0;39m Bean 'redisConfig' of type [com.huiyi.campus.common.config.redis.RedisConfig$$EnhancerBySpringCGLIB$$39384a67] is not eligible for getting processed by all BeanPostProcessors (for example: not eligible for auto-proxying)
[2m2021-04-19 22:45:42.495[0;39m [32m INFO[0;39m [35m2226[0;39m [2m---[0;39m [2m[           main][0;39m [36mc.u.j.r.DefaultLazyPropertyResolver     [0;39m [2m:[0;39m Property Resolver custom Bean not found with name 'encryptablePropertyResolver'. Initializing Default Property Resolver
[2m2021-04-19 22:45:42.498[0;39m [32m INFO[0;39m [35m2226[0;39m [2m---[0;39m [2m[           main][0;39m [36mc.u.j.d.DefaultLazyPropertyDetector     [0;39m [2m:[0;39m Property Detector custom Bean not found with name 'encryptablePropertyDetector'. Initializing Default Property Detector
[2m2021-04-19 22:45:42.922[0;39m [32m INFO[0;39m [35m2226[0;39m [2m---[0;39m [2m[           main][0;39m [36mio.undertow.servlet                     [0;39m [2m:[0;39m Initializing Spring embedded WebApplicationContext
[2m2021-04-19 22:45:42.924[0;39m [32m INFO[0;39m [35m2226[0;39m [2m---[0;39m [2m[           main][0;39m [36mo.s.web.context.ContextLoader           [0;39m [2m:[0;39m Root WebApplicationContext: initialization completed in 2701 ms
[2m2021-04-19 22:45:45.171[0;39m [32mDEBUG[0;39m [35m2226[0;39m [2m---[0;39m [2m[           main][0;39m [36mc.h.c.common.utils.idworker.IdWorker    [0;39m [2m:[0;39m worker starting. timestamp left shift 21, worker id 0
[2m2021-04-19 22:45:45.697[0;39m [32m INFO[0;39m [35m2226[0;39m [2m---[0;39m [2m[           main][0;39m [36mpertySourcedRequestMappingHandlerMapping[0;39m [2m:[0;39m Mapped URL path [/v2/api-docs] onto method [springfox.documentation.swagger2.web.Swagger2Controller#getDocumentation(String, HttpServletRequest)]
[2m2021-04-19 22:45:45.999[0;39m [32m INFO[0;39m [35m2226[0;39m [2m---[0;39m [2m[           main][0;39m [36mo.s.s.concurrent.ThreadPoolTaskExecutor [0;39m [2m:[0;39m Initializing ExecutorService 'applicationTaskExecutor'
[2m2021-04-19 22:45:46.547[0;39m [32m INFO[0;39m [35m2226[0;39m [2m---[0;39m [2m[           main][0;39m [36morg.quartz.impl.StdSchedulerFactory     [0;39m [2m:[0;39m Using default implementation for ThreadExecutor
[2m2021-04-19 22:45:46.557[0;39m [32m INFO[0;39m [35m2226[0;39m [2m---[0;39m [2m[           main][0;39m [36morg.quartz.core.SchedulerSignalerImpl   [0;39m [2m:[0;39m Initialized Scheduler Signaller of type: class org.quartz.core.SchedulerSignalerImpl
[2m2021-04-19 22:45:46.558[0;39m [32m INFO[0;39m [35m2226[0;39m [2m---[0;39m [2m[           main][0;39m [36morg.quartz.core.QuartzScheduler         [0;39m [2m:[0;39m Quartz Scheduler v.2.3.2 created.
[2m2021-04-19 22:45:46.558[0;39m [32m INFO[0;39m [35m2226[0;39m [2m---[0;39m [2m[           main][0;39m [36morg.quartz.simpl.RAMJobStore            [0;39m [2m:[0;39m RAMJobStore initialized.
[2m2021-04-19 22:45:46.561[0;39m [32m INFO[0;39m [35m2226[0;39m [2m---[0;39m [2m[           main][0;39m [36morg.quartz.core.QuartzScheduler         [0;39m [2m:[0;39m Scheduler meta-data: Quartz Scheduler (v2.3.2) 'quartzScheduler' with instanceId 'NON_CLUSTERED'
  Scheduler class: 'org.quartz.core.QuartzScheduler' - running locally.
  NOT STARTED.
  Currently in standby mode.
  Number of jobs executed: 0
  Using thread pool 'org.quartz.simpl.SimpleThreadPool' - with 10 threads.
  Using job-store 'org.quartz.simpl.RAMJobStore' - which does not support persistence. and is not clustered.

[2m2021-04-19 22:45:46.561[0;39m [32m INFO[0;39m [35m2226[0;39m [2m---[0;39m [2m[           main][0;39m [36morg.quartz.impl.StdSchedulerFactory     [0;39m [2m:[0;39m Quartz scheduler 'quartzScheduler' initialized from an externally provided properties instance.
[2m2021-04-19 22:45:46.561[0;39m [32m INFO[0;39m [35m2226[0;39m [2m---[0;39m [2m[           main][0;39m [36morg.quartz.impl.StdSchedulerFactory     [0;39m [2m:[0;39m Quartz scheduler version: 2.3.2
[2m2021-04-19 22:45:46.562[0;39m [32m INFO[0;39m [35m2226[0;39m [2m---[0;39m [2m[           main][0;39m [36morg.quartz.core.QuartzScheduler         [0;39m [2m:[0;39m JobFactory set to: org.springframework.scheduling.quartz.SpringBeanJobFactory@fe09374
[2m2021-04-19 22:45:46.647[0;39m [32m INFO[0;39m [35m2226[0;39m [2m---[0;39m [2m[           main][0;39m [36md.s.w.p.DocumentationPluginsBootstrapper[0;39m [2m:[0;39m Context refreshed
[2m2021-04-19 22:45:46.658[0;39m [32m INFO[0;39m [35m2226[0;39m [2m---[0;39m [2m[           main][0;39m [36md.s.w.p.DocumentationPluginsBootstrapper[0;39m [2m:[0;39m Found 1 custom documentation plugin(s)
[2m2021-04-19 22:45:46.683[0;39m [32m INFO[0;39m [35m2226[0;39m [2m---[0;39m [2m[           main][0;39m [36ms.d.s.w.s.ApiListingReferenceScanner    [0;39m [2m:[0;39m Scanning for api listing references
[2m2021-04-19 22:45:47.081[0;39m [32m INFO[0;39m [35m2226[0;39m [2m---[0;39m [2m[           main][0;39m [36mo.s.s.quartz.SchedulerFactoryBean       [0;39m [2m:[0;39m Starting Quartz Scheduler now
[2m2021-04-19 22:45:47.082[0;39m [32m INFO[0;39m [35m2226[0;39m [2m---[0;39m [2m[           main][0;39m [36morg.quartz.core.QuartzScheduler         [0;39m [2m:[0;39m Scheduler quartzScheduler_$_NON_CLUSTERED started.
[2m2021-04-19 22:45:47.122[0;39m [32m INFO[0;39m [35m2226[0;39m [2m---[0;39m [2m[           main][0;39m [36mio.undertow                             [0;39m [2m:[0;39m starting server: Undertow - 2.0.29.Final
[2m2021-04-19 22:45:47.129[0;39m [32m INFO[0;39m [35m2226[0;39m [2m---[0;39m [2m[           main][0;39m [36morg.xnio                                [0;39m [2m:[0;39m XNIO version 3.3.8.Final
[2m2021-04-19 22:45:47.139[0;39m [32m INFO[0;39m [35m2226[0;39m [2m---[0;39m [2m[           main][0;39m [36morg.xnio.nio                            [0;39m [2m:[0;39m XNIO NIO Implementation Version 3.3.8.Final
[2m2021-04-19 22:45:47.274[0;39m [32m INFO[0;39m [35m2226[0;39m [2m---[0;39m [2m[           main][0;39m [36mo.s.b.w.e.u.UndertowServletWebServer    [0;39m [2m:[0;39m Undertow started on port(s) 8021 (http) with context path '/campus'
[2m2021-04-19 22:45:47.288[0;39m [32m INFO[0;39m [35m2226[0;39m [2m---[0;39m [2m[           main][0;39m [36mcom.huiyi.campus.CampusStartApplication [0;39m [2m:[0;39m Started CampusStartApplication in 8.519 seconds (JVM running for 10.081)
[2m2021-04-19 22:45:47.294[0;39m [32m INFO[0;39m [35m2226[0;39m [2m---[0;39m [2m[           main][0;39m [36mcom.huiyi.campus.CampusStartApplication [0;39m [2m:[0;39m 




                                                                                                                                   dddddddd
                          tttt                                                         tttt                                          d::::::d
                       ttt:::t                                                      ttt:::t                                          d::::::d
                       t:::::t                                                      t:::::t                                          d::::::d
                       t:::::t                                                      t:::::t                                          d:::::d 
    ssssssssss   ttttttt:::::ttttttt      aaaaaaaaaaaaa   rrrrr   rrrrrrrrr   ttttttt:::::ttttttt        eeeeeeeeeeee        ddddddddd:::::d 
  ss::::::::::s  t:::::::::::::::::t      a::::::::::::a  r::::rrr:::::::::r  t:::::::::::::::::t      ee::::::::::::ee    dd::::::::::::::d 
ss:::::::::::::s t:::::::::::::::::t      aaaaaaaaa:::::a r:::::::::::::::::r t:::::::::::::::::t     e::::::eeeee:::::ee d::::::::::::::::d 
s::::::ssss:::::stttttt:::::::tttttt               a::::a rr::::::rrrrr::::::rtttttt:::::::tttttt    e::::::e     e:::::ed:::::::ddddd:::::d 
 s:::::s  ssssss       t:::::t              aaaaaaa:::::a  r:::::r     r:::::r      t:::::t          e:::::::eeeee::::::ed::::::d    d:::::d 
   s::::::s            t:::::t            aa::::::::::::a  r:::::r     rrrrrrr      t:::::t          e:::::::::::::::::e d:::::d     d:::::d 
      s::::::s         t:::::t           a::::aaaa::::::a  r:::::r                  t:::::t          e::::::eeeeeeeeeee  d:::::d     d:::::d 
ssssss   s:::::s       t:::::t    tttttta::::a    a:::::a  r:::::r                  t:::::t    tttttte:::::::e           d:::::d     d:::::d 
s:::::ssss::::::s      t::::::tttt:::::ta::::a    a:::::a  r:::::r                  t::::::tttt:::::te::::::::e          d::::::ddddd::::::dd
s::::::::::::::s       tt::::::::::::::ta:::::aaaa::::::a  r:::::r                  tt::::::::::::::t e::::::::eeeeeeee   d:::::::::::::::::d
 s:::::::::::ss          tt:::::::::::tt a::::::::::aa:::a r:::::r                    tt:::::::::::tt  ee:::::::::::::e    d:::::::::ddd::::d
  sssssssssss              ttttttttttt    aaaaaaaaaa  aaaa rrrrrrr                      ttttttttttt      eeeeeeeeeeeeee     ddddddddd   ddddd





[2m2021-04-19 22:45:50.705[0;39m [32m INFO[0;39m [35m2226[0;39m [2m---[0;39m [2m[extShutdownHook][0;39m [36morg.quartz.core.QuartzScheduler         [0;39m [2m:[0;39m Scheduler quartzScheduler_$_NON_CLUSTERED paused.
[2m2021-04-19 22:45:50.708[0;39m [32m INFO[0;39m [35m2226[0;39m [2m---[0;39m [2m[extShutdownHook][0;39m [36mo.s.s.quartz.SchedulerFactoryBean       [0;39m [2m:[0;39m Shutting down Quartz Scheduler
[2m2021-04-19 22:45:50.708[0;39m [32m INFO[0;39m [35m2226[0;39m [2m---[0;39m [2m[extShutdownHook][0;39m [36morg.quartz.core.QuartzScheduler         [0;39m [2m:[0;39m Scheduler quartzScheduler_$_NON_CLUSTERED shutting down.
[2m2021-04-19 22:45:50.708[0;39m [32m INFO[0;39m [35m2226[0;39m [2m---[0;39m [2m[extShutdownHook][0;39m [36morg.quartz.core.QuartzScheduler         [0;39m [2m:[0;39m Scheduler quartzScheduler_$_NON_CLUSTERED paused.
[2m2021-04-19 22:45:50.709[0;39m [32m INFO[0;39m [35m2226[0;39m [2m---[0;39m [2m[extShutdownHook][0;39m [36morg.quartz.core.QuartzScheduler         [0;39m [2m:[0;39m Scheduler quartzScheduler_$_NON_CLUSTERED shutdown complete.
[2m2021-04-19 22:45:50.714[0;39m [32m INFO[0;39m [35m2226[0;39m [2m---[0;39m [2m[extShutdownHook][0;39m [36mo.s.s.concurrent.ThreadPoolTaskExecutor [0;39m [2m:[0;39m Shutting down ExecutorService 'applicationTaskExecutor'
[2m2021-04-19 22:45:50.754[0;39m [32m INFO[0;39m [35m2226[0;39m [2m---[0;39m [2m[extShutdownHook][0;39m [36mcom.alibaba.druid.pool.DruidDataSource  [0;39m [2m:[0;39m {dataSource-0} closing ...
[2m2021-04-19 22:45:50.762[0;39m [32m INFO[0;39m [35m2226[0;39m [2m---[0;39m [2m[extShutdownHook][0;39m [36mio.undertow                             [0;39m [2m:[0;39m stopping server: Undertow - 2.0.29.Final
[2m2021-04-19 23:08:15.082[0;39m [32m INFO[0;39m [35m3056[0;39m [2m---[0;39m [2m[           main][0;39m [36mcom.huiyi.campus.CampusStartApplication [0;39m [2m:[0;39m Starting CampusStartApplication on yukailideMacBook-Pro.local with PID 3056 (/Users/yukaili/huiyi/zx/campus_health_system/campus_startup/target/classes started by yukaili in /Users/yukaili/huiyi/zx/campus_health_system)
[2m2021-04-19 23:08:15.084[0;39m [32mDEBUG[0;39m [35m3056[0;39m [2m---[0;39m [2m[           main][0;39m [36mcom.huiyi.campus.CampusStartApplication [0;39m [2m:[0;39m Running with Spring Boot v2.2.5.RELEASE, Spring v5.2.4.RELEASE
[2m2021-04-19 23:08:15.085[0;39m [32m INFO[0;39m [35m3056[0;39m [2m---[0;39m [2m[           main][0;39m [36mcom.huiyi.campus.CampusStartApplication [0;39m [2m:[0;39m The following profiles are active: datasource,cache
[2m2021-04-19 23:08:16.341[0;39m [32m INFO[0;39m [35m3056[0;39m [2m---[0;39m [2m[           main][0;39m [36m.s.d.r.c.RepositoryConfigurationDelegate[0;39m [2m:[0;39m Multiple Spring Data modules found, entering strict repository configuration mode!
[2m2021-04-19 23:08:16.343[0;39m [32m INFO[0;39m [35m3056[0;39m [2m---[0;39m [2m[           main][0;39m [36m.s.d.r.c.RepositoryConfigurationDelegate[0;39m [2m:[0;39m Bootstrapping Spring Data Redis repositories in DEFAULT mode.
[2m2021-04-19 23:08:16.408[0;39m [32m INFO[0;39m [35m3056[0;39m [2m---[0;39m [2m[           main][0;39m [36m.s.d.r.c.RepositoryConfigurationDelegate[0;39m [2m:[0;39m Finished Spring Data repository scanning in 47ms. Found 0 Redis repository interfaces.
[2m2021-04-19 23:08:16.725[0;39m [32m INFO[0;39m [35m3056[0;39m [2m---[0;39m [2m[           main][0;39m [36mptablePropertiesBeanFactoryPostProcessor[0;39m [2m:[0;39m Post-processing PropertySource instances
[2m2021-04-19 23:08:16.802[0;39m [32m INFO[0;39m [35m3056[0;39m [2m---[0;39m [2m[           main][0;39m [36mc.u.j.EncryptablePropertySourceConverter[0;39m [2m:[0;39m Converting PropertySource configurationProperties [org.springframework.boot.context.properties.source.ConfigurationPropertySourcesPropertySource] to AOP Proxy
[2m2021-04-19 23:08:16.803[0;39m [32m INFO[0;39m [35m3056[0;39m [2m---[0;39m [2m[           main][0;39m [36mc.u.j.EncryptablePropertySourceConverter[0;39m [2m:[0;39m Converting PropertySource servletConfigInitParams [org.springframework.core.env.PropertySource$StubPropertySource] to EncryptablePropertySourceWrapper
[2m2021-04-19 23:08:16.804[0;39m [32m INFO[0;39m [35m3056[0;39m [2m---[0;39m [2m[           main][0;39m [36mc.u.j.EncryptablePropertySourceConverter[0;39m [2m:[0;39m Converting PropertySource servletContextInitParams [org.springframework.core.env.PropertySource$StubPropertySource] to EncryptablePropertySourceWrapper
[2m2021-04-19 23:08:16.805[0;39m [32m INFO[0;39m [35m3056[0;39m [2m---[0;39m [2m[           main][0;39m [36mc.u.j.EncryptablePropertySourceConverter[0;39m [2m:[0;39m Converting PropertySource systemProperties [org.springframework.core.env.PropertiesPropertySource] to EncryptableMapPropertySourceWrapper
[2m2021-04-19 23:08:16.805[0;39m [32m INFO[0;39m [35m3056[0;39m [2m---[0;39m [2m[           main][0;39m [36mc.u.j.EncryptablePropertySourceConverter[0;39m [2m:[0;39m Converting PropertySource systemEnvironment [org.springframework.boot.env.SystemEnvironmentPropertySourceEnvironmentPostProcessor$OriginAwareSystemEnvironmentPropertySource] to EncryptableMapPropertySourceWrapper
[2m2021-04-19 23:08:16.805[0;39m [32m INFO[0;39m [35m3056[0;39m [2m---[0;39m [2m[           main][0;39m [36mc.u.j.EncryptablePropertySourceConverter[0;39m [2m:[0;39m Converting PropertySource random [org.springframework.boot.env.RandomValuePropertySource] to EncryptablePropertySourceWrapper
[2m2021-04-19 23:08:16.805[0;39m [32m INFO[0;39m [35m3056[0;39m [2m---[0;39m [2m[           main][0;39m [36mc.u.j.EncryptablePropertySourceConverter[0;39m [2m:[0;39m Converting PropertySource applicationConfig: [classpath:/application-cache.yml] [org.springframework.boot.env.OriginTrackedMapPropertySource] to EncryptableMapPropertySourceWrapper
[2m2021-04-19 23:08:16.805[0;39m [32m INFO[0;39m [35m3056[0;39m [2m---[0;39m [2m[           main][0;39m [36mc.u.j.EncryptablePropertySourceConverter[0;39m [2m:[0;39m Converting PropertySource applicationConfig: [classpath:/application-datasource.yml] [org.springframework.boot.env.OriginTrackedMapPropertySource] to EncryptableMapPropertySourceWrapper
[2m2021-04-19 23:08:16.805[0;39m [32m INFO[0;39m [35m3056[0;39m [2m---[0;39m [2m[           main][0;39m [36mc.u.j.EncryptablePropertySourceConverter[0;39m [2m:[0;39m Converting PropertySource applicationConfig: [classpath:/application.yml] [org.springframework.boot.env.OriginTrackedMapPropertySource] to EncryptableMapPropertySourceWrapper
[2m2021-04-19 23:08:16.914[0;39m [32m INFO[0;39m [35m3056[0;39m [2m---[0;39m [2m[           main][0;39m [36mc.u.j.filter.DefaultLazyPropertyFilter  [0;39m [2m:[0;39m Property Filter custom Bean not found with name 'encryptablePropertyFilter'. Initializing Default Property Filter
[2m2021-04-19 23:08:17.080[0;39m [32m INFO[0;39m [35m3056[0;39m [2m---[0;39m [2m[           main][0;39m [36mtrationDelegate$BeanPostProcessorChecker[0;39m [2m:[0;39m Bean 'redisConfig' of type [com.huiyi.campus.common.config.redis.RedisConfig$$EnhancerBySpringCGLIB$$d957eee2] is not eligible for getting processed by all BeanPostProcessors (for example: not eligible for auto-proxying)
[2m2021-04-19 23:08:17.226[0;39m [32m INFO[0;39m [35m3056[0;39m [2m---[0;39m [2m[           main][0;39m [36mc.u.j.r.DefaultLazyPropertyResolver     [0;39m [2m:[0;39m Property Resolver custom Bean not found with name 'encryptablePropertyResolver'. Initializing Default Property Resolver
[2m2021-04-19 23:08:17.227[0;39m [32m INFO[0;39m [35m3056[0;39m [2m---[0;39m [2m[           main][0;39m [36mc.u.j.d.DefaultLazyPropertyDetector     [0;39m [2m:[0;39m Property Detector custom Bean not found with name 'encryptablePropertyDetector'. Initializing Default Property Detector
[2m2021-04-19 23:08:17.614[0;39m [32m INFO[0;39m [35m3056[0;39m [2m---[0;39m [2m[           main][0;39m [36mio.undertow.servlet                     [0;39m [2m:[0;39m Initializing Spring embedded WebApplicationContext
[2m2021-04-19 23:08:17.615[0;39m [32m INFO[0;39m [35m3056[0;39m [2m---[0;39m [2m[           main][0;39m [36mo.s.web.context.ContextLoader           [0;39m [2m:[0;39m Root WebApplicationContext: initialization completed in 2474 ms
[2m2021-04-19 23:08:19.945[0;39m [32mDEBUG[0;39m [35m3056[0;39m [2m---[0;39m [2m[           main][0;39m [36mc.h.c.common.utils.idworker.IdWorker    [0;39m [2m:[0;39m worker starting. timestamp left shift 21, worker id 0
[2m2021-04-19 23:08:20.510[0;39m [32m INFO[0;39m [35m3056[0;39m [2m---[0;39m [2m[           main][0;39m [36mpertySourcedRequestMappingHandlerMapping[0;39m [2m:[0;39m Mapped URL path [/v2/api-docs] onto method [springfox.documentation.swagger2.web.Swagger2Controller#getDocumentation(String, HttpServletRequest)]
[2m2021-04-19 23:08:20.791[0;39m [32m INFO[0;39m [35m3056[0;39m [2m---[0;39m [2m[           main][0;39m [36mo.s.s.concurrent.ThreadPoolTaskExecutor [0;39m [2m:[0;39m Initializing ExecutorService 'applicationTaskExecutor'
[2m2021-04-19 23:08:21.349[0;39m [32m INFO[0;39m [35m3056[0;39m [2m---[0;39m [2m[           main][0;39m [36morg.quartz.impl.StdSchedulerFactory     [0;39m [2m:[0;39m Using default implementation for ThreadExecutor
[2m2021-04-19 23:08:21.359[0;39m [32m INFO[0;39m [35m3056[0;39m [2m---[0;39m [2m[           main][0;39m [36morg.quartz.core.SchedulerSignalerImpl   [0;39m [2m:[0;39m Initialized Scheduler Signaller of type: class org.quartz.core.SchedulerSignalerImpl
[2m2021-04-19 23:08:21.359[0;39m [32m INFO[0;39m [35m3056[0;39m [2m---[0;39m [2m[           main][0;39m [36morg.quartz.core.QuartzScheduler         [0;39m [2m:[0;39m Quartz Scheduler v.2.3.2 created.
[2m2021-04-19 23:08:21.360[0;39m [32m INFO[0;39m [35m3056[0;39m [2m---[0;39m [2m[           main][0;39m [36morg.quartz.simpl.RAMJobStore            [0;39m [2m:[0;39m RAMJobStore initialized.
[2m2021-04-19 23:08:21.363[0;39m [32m INFO[0;39m [35m3056[0;39m [2m---[0;39m [2m[           main][0;39m [36morg.quartz.core.QuartzScheduler         [0;39m [2m:[0;39m Scheduler meta-data: Quartz Scheduler (v2.3.2) 'quartzScheduler' with instanceId 'NON_CLUSTERED'
  Scheduler class: 'org.quartz.core.QuartzScheduler' - running locally.
  NOT STARTED.
  Currently in standby mode.
  Number of jobs executed: 0
  Using thread pool 'org.quartz.simpl.SimpleThreadPool' - with 10 threads.
  Using job-store 'org.quartz.simpl.RAMJobStore' - which does not support persistence. and is not clustered.

[2m2021-04-19 23:08:21.363[0;39m [32m INFO[0;39m [35m3056[0;39m [2m---[0;39m [2m[           main][0;39m [36morg.quartz.impl.StdSchedulerFactory     [0;39m [2m:[0;39m Quartz scheduler 'quartzScheduler' initialized from an externally provided properties instance.
[2m2021-04-19 23:08:21.363[0;39m [32m INFO[0;39m [35m3056[0;39m [2m---[0;39m [2m[           main][0;39m [36morg.quartz.impl.StdSchedulerFactory     [0;39m [2m:[0;39m Quartz scheduler version: 2.3.2
[2m2021-04-19 23:08:21.363[0;39m [32m INFO[0;39m [35m3056[0;39m [2m---[0;39m [2m[           main][0;39m [36morg.quartz.core.QuartzScheduler         [0;39m [2m:[0;39m JobFactory set to: org.springframework.scheduling.quartz.SpringBeanJobFactory@591ba330
[2m2021-04-19 23:08:21.454[0;39m [32m INFO[0;39m [35m3056[0;39m [2m---[0;39m [2m[           main][0;39m [36md.s.w.p.DocumentationPluginsBootstrapper[0;39m [2m:[0;39m Context refreshed
[2m2021-04-19 23:08:21.464[0;39m [32m INFO[0;39m [35m3056[0;39m [2m---[0;39m [2m[           main][0;39m [36md.s.w.p.DocumentationPluginsBootstrapper[0;39m [2m:[0;39m Found 1 custom documentation plugin(s)
[2m2021-04-19 23:08:21.489[0;39m [32m INFO[0;39m [35m3056[0;39m [2m---[0;39m [2m[           main][0;39m [36ms.d.s.w.s.ApiListingReferenceScanner    [0;39m [2m:[0;39m Scanning for api listing references
[2m2021-04-19 23:08:21.890[0;39m [32m INFO[0;39m [35m3056[0;39m [2m---[0;39m [2m[           main][0;39m [36mo.s.s.quartz.SchedulerFactoryBean       [0;39m [2m:[0;39m Starting Quartz Scheduler now
[2m2021-04-19 23:08:21.891[0;39m [32m INFO[0;39m [35m3056[0;39m [2m---[0;39m [2m[           main][0;39m [36morg.quartz.core.QuartzScheduler         [0;39m [2m:[0;39m Scheduler quartzScheduler_$_NON_CLUSTERED started.
[2m2021-04-19 23:08:21.925[0;39m [32m INFO[0;39m [35m3056[0;39m [2m---[0;39m [2m[           main][0;39m [36mio.undertow                             [0;39m [2m:[0;39m starting server: Undertow - 2.0.29.Final
[2m2021-04-19 23:08:21.932[0;39m [32m INFO[0;39m [35m3056[0;39m [2m---[0;39m [2m[           main][0;39m [36morg.xnio                                [0;39m [2m:[0;39m XNIO version 3.3.8.Final
[2m2021-04-19 23:08:21.941[0;39m [32m INFO[0;39m [35m3056[0;39m [2m---[0;39m [2m[           main][0;39m [36morg.xnio.nio                            [0;39m [2m:[0;39m XNIO NIO Implementation Version 3.3.8.Final
[2m2021-04-19 23:08:22.079[0;39m [32m INFO[0;39m [35m3056[0;39m [2m---[0;39m [2m[           main][0;39m [36mo.s.b.w.e.u.UndertowServletWebServer    [0;39m [2m:[0;39m Undertow started on port(s) 8021 (http) with context path '/campus'
[2m2021-04-19 23:08:22.091[0;39m [32m INFO[0;39m [35m3056[0;39m [2m---[0;39m [2m[           main][0;39m [36mcom.huiyi.campus.CampusStartApplication [0;39m [2m:[0;39m Started CampusStartApplication in 7.718 seconds (JVM running for 9.04)
[2m2021-04-19 23:08:22.095[0;39m [32m INFO[0;39m [35m3056[0;39m [2m---[0;39m [2m[           main][0;39m [36mcom.huiyi.campus.CampusStartApplication [0;39m [2m:[0;39m 




                                                                                                                                   dddddddd
                          tttt                                                         tttt                                          d::::::d
                       ttt:::t                                                      ttt:::t                                          d::::::d
                       t:::::t                                                      t:::::t                                          d::::::d
                       t:::::t                                                      t:::::t                                          d:::::d 
    ssssssssss   ttttttt:::::ttttttt      aaaaaaaaaaaaa   rrrrr   rrrrrrrrr   ttttttt:::::ttttttt        eeeeeeeeeeee        ddddddddd:::::d 
  ss::::::::::s  t:::::::::::::::::t      a::::::::::::a  r::::rrr:::::::::r  t:::::::::::::::::t      ee::::::::::::ee    dd::::::::::::::d 
ss:::::::::::::s t:::::::::::::::::t      aaaaaaaaa:::::a r:::::::::::::::::r t:::::::::::::::::t     e::::::eeeee:::::ee d::::::::::::::::d 
s::::::ssss:::::stttttt:::::::tttttt               a::::a rr::::::rrrrr::::::rtttttt:::::::tttttt    e::::::e     e:::::ed:::::::ddddd:::::d 
 s:::::s  ssssss       t:::::t              aaaaaaa:::::a  r:::::r     r:::::r      t:::::t          e:::::::eeeee::::::ed::::::d    d:::::d 
   s::::::s            t:::::t            aa::::::::::::a  r:::::r     rrrrrrr      t:::::t          e:::::::::::::::::e d:::::d     d:::::d 
      s::::::s         t:::::t           a::::aaaa::::::a  r:::::r                  t:::::t          e::::::eeeeeeeeeee  d:::::d     d:::::d 
ssssss   s:::::s       t:::::t    tttttta::::a    a:::::a  r:::::r                  t:::::t    tttttte:::::::e           d:::::d     d:::::d 
s:::::ssss::::::s      t::::::tttt:::::ta::::a    a:::::a  r:::::r                  t::::::tttt:::::te::::::::e          d::::::ddddd::::::dd
s::::::::::::::s       tt::::::::::::::ta:::::aaaa::::::a  r:::::r                  tt::::::::::::::t e::::::::eeeeeeee   d:::::::::::::::::d
 s:::::::::::ss          tt:::::::::::tt a::::::::::aa:::a r:::::r                    tt:::::::::::tt  ee:::::::::::::e    d:::::::::ddd::::d
  sssssssssss              ttttttttttt    aaaaaaaaaa  aaaa rrrrrrr                      ttttttttttt      eeeeeeeeeeeeee     ddddddddd   ddddd





[2m2021-04-19 23:08:37.372[0;39m [32m INFO[0;39m [35m3056[0;39m [2m---[0;39m [2m[extShutdownHook][0;39m [36morg.quartz.core.QuartzScheduler         [0;39m [2m:[0;39m Scheduler quartzScheduler_$_NON_CLUSTERED paused.
[2m2021-04-19 23:08:37.376[0;39m [32m INFO[0;39m [35m3056[0;39m [2m---[0;39m [2m[extShutdownHook][0;39m [36mo.s.s.quartz.SchedulerFactoryBean       [0;39m [2m:[0;39m Shutting down Quartz Scheduler
[2m2021-04-19 23:08:37.376[0;39m [32m INFO[0;39m [35m3056[0;39m [2m---[0;39m [2m[extShutdownHook][0;39m [36morg.quartz.core.QuartzScheduler         [0;39m [2m:[0;39m Scheduler quartzScheduler_$_NON_CLUSTERED shutting down.
[2m2021-04-19 23:08:37.376[0;39m [32m INFO[0;39m [35m3056[0;39m [2m---[0;39m [2m[extShutdownHook][0;39m [36morg.quartz.core.QuartzScheduler         [0;39m [2m:[0;39m Scheduler quartzScheduler_$_NON_CLUSTERED paused.
[2m2021-04-19 23:08:37.377[0;39m [32m INFO[0;39m [35m3056[0;39m [2m---[0;39m [2m[extShutdownHook][0;39m [36morg.quartz.core.QuartzScheduler         [0;39m [2m:[0;39m Scheduler quartzScheduler_$_NON_CLUSTERED shutdown complete.
[2m2021-04-19 23:08:37.382[0;39m [32m INFO[0;39m [35m3056[0;39m [2m---[0;39m [2m[extShutdownHook][0;39m [36mo.s.s.concurrent.ThreadPoolTaskExecutor [0;39m [2m:[0;39m Shutting down ExecutorService 'applicationTaskExecutor'
[2m2021-04-19 23:08:37.424[0;39m [32m INFO[0;39m [35m3056[0;39m [2m---[0;39m [2m[extShutdownHook][0;39m [36mcom.alibaba.druid.pool.DruidDataSource  [0;39m [2m:[0;39m {dataSource-0} closing ...
[2m2021-04-19 23:08:37.430[0;39m [32m INFO[0;39m [35m3056[0;39m [2m---[0;39m [2m[extShutdownHook][0;39m [36mio.undertow                             [0;39m [2m:[0;39m stopping server: Undertow - 2.0.29.Final
