2021-03-31 18:28:16.754 INFO  com.huiyi.campus.CampusStartApplication - Starting CampusStartApplication on DESKTOP-T0CPH60 with PID 1500 (E:\qkl\zx\campus_health_system\campus_startup\target\classes started by wwwxi in E:\qkl\zx\campus_health_system)
2021-03-31 18:28:16.761 INFO  com.huiyi.campus.CampusStartApplication - The following profiles are active: datasource,cache
2021-03-31 18:28:20.257 INFO  org.springframework.data.repository.config.RepositoryConfigurationDelegate - Multiple Spring Data modules found, entering strict repository configuration mode!
2021-03-31 18:28:20.262 INFO  org.springframework.data.repository.config.RepositoryConfigurationDelegate - Bootstrapping Spring Data Redis repositories in DEFAULT mode.
2021-03-31 18:28:20.354 INFO  org.springframework.data.repository.config.RepositoryConfigurationDelegate - Finished Spring Data repository scanning in 59ms. Found 0 Redis repository interfaces.
2021-03-31 18:28:20.794 INFO  com.ulisesbocchio.jasyptspringboot.configuration.EnableEncryptablePropertiesBeanFactoryPostProcessor - Post-processing PropertySource instances
2021-03-31 18:28:20.885 INFO  com.ulisesbocchio.jasyptspringboot.EncryptablePropertySourceConverter - Converting PropertySource configurationProperties [org.springframework.boot.context.properties.source.ConfigurationPropertySourcesPropertySource] to AOP Proxy
2021-03-31 18:28:20.886 INFO  com.ulisesbocchio.jasyptspringboot.EncryptablePropertySourceConverter - Converting PropertySource servletConfigInitParams [org.springframework.core.env.PropertySource$StubPropertySource] to EncryptablePropertySourceWrapper
2021-03-31 18:28:20.886 INFO  com.ulisesbocchio.jasyptspringboot.EncryptablePropertySourceConverter - Converting PropertySource servletContextInitParams [org.springframework.core.env.PropertySource$StubPropertySource] to EncryptablePropertySourceWrapper
2021-03-31 18:28:20.887 INFO  com.ulisesbocchio.jasyptspringboot.EncryptablePropertySourceConverter - Converting PropertySource systemProperties [org.springframework.core.env.PropertiesPropertySource] to EncryptableMapPropertySourceWrapper
2021-03-31 18:28:20.887 INFO  com.ulisesbocchio.jasyptspringboot.EncryptablePropertySourceConverter - Converting PropertySource systemEnvironment [org.springframework.boot.env.SystemEnvironmentPropertySourceEnvironmentPostProcessor$OriginAwareSystemEnvironmentPropertySource] to EncryptableMapPropertySourceWrapper
2021-03-31 18:28:20.887 INFO  com.ulisesbocchio.jasyptspringboot.EncryptablePropertySourceConverter - Converting PropertySource random [org.springframework.boot.env.RandomValuePropertySource] to EncryptablePropertySourceWrapper
2021-03-31 18:28:20.887 INFO  com.ulisesbocchio.jasyptspringboot.EncryptablePropertySourceConverter - Converting PropertySource applicationConfig: [classpath:/application-cache.yml] [org.springframework.boot.env.OriginTrackedMapPropertySource] to EncryptableMapPropertySourceWrapper
2021-03-31 18:28:20.888 INFO  com.ulisesbocchio.jasyptspringboot.EncryptablePropertySourceConverter - Converting PropertySource applicationConfig: [classpath:/application-datasource.yml] [org.springframework.boot.env.OriginTrackedMapPropertySource] to EncryptableMapPropertySourceWrapper
2021-03-31 18:28:20.888 INFO  com.ulisesbocchio.jasyptspringboot.EncryptablePropertySourceConverter - Converting PropertySource applicationConfig: [classpath:/application.yml] [org.springframework.boot.env.OriginTrackedMapPropertySource] to EncryptableMapPropertySourceWrapper
2021-03-31 18:28:20.982 INFO  com.ulisesbocchio.jasyptspringboot.filter.DefaultLazyPropertyFilter - Property Filter custom Bean not found with name 'encryptablePropertyFilter'. Initializing Default Property Filter
2021-03-31 18:28:21.067 INFO  org.springframework.context.support.PostProcessorRegistrationDelegate$BeanPostProcessorChecker - Bean 'redisConfig' of type [com.huiyi.campus.common.config.redis.RedisConfig$$EnhancerBySpringCGLIB$$427953e2] is not eligible for getting processed by all BeanPostProcessors (for example: not eligible for auto-proxying)
2021-03-31 18:28:21.304 INFO  com.ulisesbocchio.jasyptspringboot.resolver.DefaultLazyPropertyResolver - Property Resolver custom Bean not found with name 'encryptablePropertyResolver'. Initializing Default Property Resolver
2021-03-31 18:28:21.310 INFO  com.ulisesbocchio.jasyptspringboot.detector.DefaultLazyPropertyDetector - Property Detector custom Bean not found with name 'encryptablePropertyDetector'. Initializing Default Property Detector
2021-03-31 18:28:21.757 INFO  org.springframework.boot.web.embedded.tomcat.TomcatWebServer - Tomcat initialized with port(s): 8021 (http)
2021-03-31 18:28:21.774 INFO  org.apache.coyote.http11.Http11NioProtocol - Initializing ProtocolHandler ["http-nio-8021"]
2021-03-31 18:28:21.775 INFO  org.apache.catalina.core.StandardService - Starting service [Tomcat]
2021-03-31 18:28:21.775 INFO  org.apache.catalina.core.StandardEngine - Starting Servlet engine: [Apache Tomcat/9.0.31]
2021-03-31 18:28:22.176 INFO  org.apache.catalina.core.ContainerBase.[Tomcat].[localhost].[/campus] - Initializing Spring embedded WebApplicationContext
2021-03-31 18:28:22.176 INFO  org.springframework.web.context.ContextLoader - Root WebApplicationContext: initialization completed in 5216 ms
2021-03-31 18:28:22.541 INFO  com.alibaba.druid.spring.boot.autoconfigure.DruidDataSourceAutoConfigure - Init DruidDataSource
2021-03-31 18:28:22.635 INFO  com.ulisesbocchio.jasyptspringboot.encryptor.DefaultLazyEncryptor - String Encryptor custom Bean not found with name 'jasyptStringEncryptor'. Initializing Default String Encryptor
2021-03-31 18:28:22.650 INFO  com.ulisesbocchio.jasyptspringboot.encryptor.DefaultLazyEncryptor - Encryptor config not found for property jasypt.encryptor.algorithm, using default value: PBEWithMD5AndDES
2021-03-31 18:28:22.651 INFO  com.ulisesbocchio.jasyptspringboot.encryptor.DefaultLazyEncryptor - Encryptor config not found for property jasypt.encryptor.keyObtentionIterations, using default value: 1000
2021-03-31 18:28:22.651 INFO  com.ulisesbocchio.jasyptspringboot.encryptor.DefaultLazyEncryptor - Encryptor config not found for property jasypt.encryptor.poolSize, using default value: 1
2021-03-31 18:28:22.651 INFO  com.ulisesbocchio.jasyptspringboot.encryptor.DefaultLazyEncryptor - Encryptor config not found for property jasypt.encryptor.providerName, using default value: null
2021-03-31 18:28:22.651 INFO  com.ulisesbocchio.jasyptspringboot.encryptor.DefaultLazyEncryptor - Encryptor config not found for property jasypt.encryptor.providerClassName, using default value: null
2021-03-31 18:28:22.651 INFO  com.ulisesbocchio.jasyptspringboot.encryptor.DefaultLazyEncryptor - Encryptor config not found for property jasypt.encryptor.saltGeneratorClassname, using default value: org.jasypt.salt.RandomSaltGenerator
2021-03-31 18:28:22.653 INFO  com.ulisesbocchio.jasyptspringboot.encryptor.DefaultLazyEncryptor - Encryptor config not found for property jasypt.encryptor.ivGeneratorClassname, using default value: org.jasypt.salt.NoOpIVGenerator
2021-03-31 18:28:22.654 INFO  com.ulisesbocchio.jasyptspringboot.encryptor.DefaultLazyEncryptor - Encryptor config not found for property jasypt.encryptor.stringOutputType, using default value: base64
2021-03-31 18:28:23.371 INFO  com.alibaba.druid.pool.DruidDataSource - {dataSource-1} inited
2021-03-31 18:28:25.993 INFO  springfox.documentation.spring.web.PropertySourcedRequestMappingHandlerMapping - Mapped URL path [/v2/api-docs] onto method [springfox.documentation.swagger2.web.Swagger2Controller#getDocumentation(String, HttpServletRequest)]
2021-03-31 18:28:26.154 INFO  org.springframework.scheduling.concurrent.ThreadPoolTaskExecutor - Initializing ExecutorService 'applicationTaskExecutor'
2021-03-31 18:28:26.623 INFO  org.quartz.impl.StdSchedulerFactory - Using default implementation for ThreadExecutor
2021-03-31 18:28:26.643 INFO  org.quartz.core.SchedulerSignalerImpl - Initialized Scheduler Signaller of type: class org.quartz.core.SchedulerSignalerImpl
2021-03-31 18:28:26.644 INFO  org.quartz.core.QuartzScheduler - Quartz Scheduler v.2.3.2 created.
2021-03-31 18:28:26.645 INFO  org.quartz.simpl.RAMJobStore - RAMJobStore initialized.
2021-03-31 18:28:26.646 INFO  org.quartz.core.QuartzScheduler - Scheduler meta-data: Quartz Scheduler (v2.3.2) 'quartzScheduler' with instanceId 'NON_CLUSTERED'
  Scheduler class: 'org.quartz.core.QuartzScheduler' - running locally.
  NOT STARTED.
  Currently in standby mode.
  Number of jobs executed: 0
  Using thread pool 'org.quartz.simpl.SimpleThreadPool' - with 10 threads.
  Using job-store 'org.quartz.simpl.RAMJobStore' - which does not support persistence. and is not clustered.

2021-03-31 18:28:26.646 INFO  org.quartz.impl.StdSchedulerFactory - Quartz scheduler 'quartzScheduler' initialized from an externally provided properties instance.
2021-03-31 18:28:26.646 INFO  org.quartz.impl.StdSchedulerFactory - Quartz scheduler version: 2.3.2
2021-03-31 18:28:26.646 INFO  org.quartz.core.QuartzScheduler - JobFactory set to: org.springframework.scheduling.quartz.SpringBeanJobFactory@455d04d2
2021-03-31 18:28:26.731 INFO  springfox.documentation.spring.web.plugins.DocumentationPluginsBootstrapper - Context refreshed
2021-03-31 18:28:26.761 INFO  springfox.documentation.spring.web.plugins.DocumentationPluginsBootstrapper - Found 1 custom documentation plugin(s)
2021-03-31 18:28:26.812 INFO  springfox.documentation.spring.web.scanners.ApiListingReferenceScanner - Scanning for api listing references
2021-03-31 18:28:26.839 INFO  org.springframework.scheduling.quartz.SchedulerFactoryBean - Starting Quartz Scheduler now
2021-03-31 18:28:26.839 INFO  org.quartz.core.QuartzScheduler - Scheduler quartzScheduler_$_NON_CLUSTERED started.
2021-03-31 18:28:27.393 INFO  com.huiyi.campus.netty.NWebSocketServer - netty websocket server 启动完毕......
2021-03-31 18:28:27.397 INFO  org.apache.coyote.http11.Http11NioProtocol - Starting ProtocolHandler ["http-nio-8021"]
2021-03-31 18:28:27.422 INFO  org.springframework.boot.web.embedded.tomcat.TomcatWebServer - Tomcat started on port(s): 8021 (http) with context path '/campus'
2021-03-31 18:28:27.426 INFO  com.huiyi.campus.CampusStartApplication - Started CampusStartApplication in 11.881 seconds (JVM running for 15.306)
2021-03-31 18:28:27.430 INFO  com.huiyi.campus.CampusStartApplication - 




                                                                                                                                   dddddddd
                          tttt                                                         tttt                                          d::::::d
                       ttt:::t                                                      ttt:::t                                          d::::::d
                       t:::::t                                                      t:::::t                                          d::::::d
                       t:::::t                                                      t:::::t                                          d:::::d 
    ssssssssss   ttttttt:::::ttttttt      aaaaaaaaaaaaa   rrrrr   rrrrrrrrr   ttttttt:::::ttttttt        eeeeeeeeeeee        ddddddddd:::::d 
  ss::::::::::s  t:::::::::::::::::t      a::::::::::::a  r::::rrr:::::::::r  t:::::::::::::::::t      ee::::::::::::ee    dd::::::::::::::d 
ss:::::::::::::s t:::::::::::::::::t      aaaaaaaaa:::::a r:::::::::::::::::r t:::::::::::::::::t     e::::::eeeee:::::ee d::::::::::::::::d 
s::::::ssss:::::stttttt:::::::tttttt               a::::a rr::::::rrrrr::::::rtttttt:::::::tttttt    e::::::e     e:::::ed:::::::ddddd:::::d 
 s:::::s  ssssss       t:::::t              aaaaaaa:::::a  r:::::r     r:::::r      t:::::t          e:::::::eeeee::::::ed::::::d    d:::::d 
   s::::::s            t:::::t            aa::::::::::::a  r:::::r     rrrrrrr      t:::::t          e:::::::::::::::::e d:::::d     d:::::d 
      s::::::s         t:::::t           a::::aaaa::::::a  r:::::r                  t:::::t          e::::::eeeeeeeeeee  d:::::d     d:::::d 
ssssss   s:::::s       t:::::t    tttttta::::a    a:::::a  r:::::r                  t:::::t    tttttte:::::::e           d:::::d     d:::::d 
s:::::ssss::::::s      t::::::tttt:::::ta::::a    a:::::a  r:::::r                  t::::::tttt:::::te::::::::e          d::::::ddddd::::::dd
s::::::::::::::s       tt::::::::::::::ta:::::aaaa::::::a  r:::::r                  tt::::::::::::::t e::::::::eeeeeeee   d:::::::::::::::::d
 s:::::::::::ss          tt:::::::::::tt a::::::::::aa:::a r:::::r                    tt:::::::::::tt  ee:::::::::::::e    d:::::::::ddd::::d
  sssssssssss              ttttttttttt    aaaaaaaaaa  aaaa rrrrrrr                      ttttttttttt      eeeeeeeeeeeeee     ddddddddd   ddddd





2021-03-31 18:28:43.550 INFO  org.quartz.core.QuartzScheduler - Scheduler quartzScheduler_$_NON_CLUSTERED paused.
2021-03-31 18:28:43.551 INFO  org.springframework.scheduling.quartz.SchedulerFactoryBean - Shutting down Quartz Scheduler
2021-03-31 18:28:43.551 INFO  org.quartz.core.QuartzScheduler - Scheduler quartzScheduler_$_NON_CLUSTERED shutting down.
2021-03-31 18:28:43.551 INFO  org.quartz.core.QuartzScheduler - Scheduler quartzScheduler_$_NON_CLUSTERED paused.
2021-03-31 18:28:43.551 INFO  org.quartz.core.QuartzScheduler - Scheduler quartzScheduler_$_NON_CLUSTERED shutdown complete.
2021-03-31 18:28:43.553 INFO  org.springframework.scheduling.concurrent.ThreadPoolTaskExecutor - Shutting down ExecutorService 'applicationTaskExecutor'
2021-03-31 18:28:43.591 INFO  com.alibaba.druid.pool.DruidDataSource - {dataSource-1} closing ...
2021-03-31 18:28:43.593 INFO  com.alibaba.druid.pool.DruidDataSource - {dataSource-1} closed
2021-03-31 18:28:58.852 INFO  com.huiyi.campus.CampusStartApplication - Starting CampusStartApplication on DESKTOP-T0CPH60 with PID 11632 (E:\qkl\zx\campus_health_system\campus_startup\target\classes started by wwwxi in E:\qkl\zx\campus_health_system)
2021-03-31 18:28:58.861 INFO  com.huiyi.campus.CampusStartApplication - The following profiles are active: datasource,cache
2021-03-31 18:29:00.660 INFO  org.springframework.data.repository.config.RepositoryConfigurationDelegate - Multiple Spring Data modules found, entering strict repository configuration mode!
2021-03-31 18:29:00.663 INFO  org.springframework.data.repository.config.RepositoryConfigurationDelegate - Bootstrapping Spring Data Redis repositories in DEFAULT mode.
2021-03-31 18:29:00.739 INFO  org.springframework.data.repository.config.RepositoryConfigurationDelegate - Finished Spring Data repository scanning in 47ms. Found 0 Redis repository interfaces.
2021-03-31 18:29:01.425 INFO  com.ulisesbocchio.jasyptspringboot.configuration.EnableEncryptablePropertiesBeanFactoryPostProcessor - Post-processing PropertySource instances
2021-03-31 18:29:01.558 INFO  com.ulisesbocchio.jasyptspringboot.EncryptablePropertySourceConverter - Converting PropertySource configurationProperties [org.springframework.boot.context.properties.source.ConfigurationPropertySourcesPropertySource] to AOP Proxy
2021-03-31 18:29:01.560 INFO  com.ulisesbocchio.jasyptspringboot.EncryptablePropertySourceConverter - Converting PropertySource servletConfigInitParams [org.springframework.core.env.PropertySource$StubPropertySource] to EncryptablePropertySourceWrapper
2021-03-31 18:29:01.560 INFO  com.ulisesbocchio.jasyptspringboot.EncryptablePropertySourceConverter - Converting PropertySource servletContextInitParams [org.springframework.core.env.PropertySource$StubPropertySource] to EncryptablePropertySourceWrapper
2021-03-31 18:29:01.561 INFO  com.ulisesbocchio.jasyptspringboot.EncryptablePropertySourceConverter - Converting PropertySource systemProperties [org.springframework.core.env.PropertiesPropertySource] to EncryptableMapPropertySourceWrapper
2021-03-31 18:29:01.561 INFO  com.ulisesbocchio.jasyptspringboot.EncryptablePropertySourceConverter - Converting PropertySource systemEnvironment [org.springframework.boot.env.SystemEnvironmentPropertySourceEnvironmentPostProcessor$OriginAwareSystemEnvironmentPropertySource] to EncryptableMapPropertySourceWrapper
2021-03-31 18:29:01.562 INFO  com.ulisesbocchio.jasyptspringboot.EncryptablePropertySourceConverter - Converting PropertySource random [org.springframework.boot.env.RandomValuePropertySource] to EncryptablePropertySourceWrapper
2021-03-31 18:29:01.562 INFO  com.ulisesbocchio.jasyptspringboot.EncryptablePropertySourceConverter - Converting PropertySource applicationConfig: [classpath:/application-cache.yml] [org.springframework.boot.env.OriginTrackedMapPropertySource] to EncryptableMapPropertySourceWrapper
2021-03-31 18:29:01.562 INFO  com.ulisesbocchio.jasyptspringboot.EncryptablePropertySourceConverter - Converting PropertySource applicationConfig: [classpath:/application-datasource.yml] [org.springframework.boot.env.OriginTrackedMapPropertySource] to EncryptableMapPropertySourceWrapper
2021-03-31 18:29:01.562 INFO  com.ulisesbocchio.jasyptspringboot.EncryptablePropertySourceConverter - Converting PropertySource applicationConfig: [classpath:/application.yml] [org.springframework.boot.env.OriginTrackedMapPropertySource] to EncryptableMapPropertySourceWrapper
2021-03-31 18:29:01.691 INFO  com.ulisesbocchio.jasyptspringboot.filter.DefaultLazyPropertyFilter - Property Filter custom Bean not found with name 'encryptablePropertyFilter'. Initializing Default Property Filter
2021-03-31 18:29:01.827 INFO  org.springframework.context.support.PostProcessorRegistrationDelegate$BeanPostProcessorChecker - Bean 'redisConfig' of type [com.huiyi.campus.common.config.redis.RedisConfig$$EnhancerBySpringCGLIB$$1f11c8ad] is not eligible for getting processed by all BeanPostProcessors (for example: not eligible for auto-proxying)
2021-03-31 18:29:02.064 INFO  com.ulisesbocchio.jasyptspringboot.resolver.DefaultLazyPropertyResolver - Property Resolver custom Bean not found with name 'encryptablePropertyResolver'. Initializing Default Property Resolver
2021-03-31 18:29:02.066 INFO  com.ulisesbocchio.jasyptspringboot.detector.DefaultLazyPropertyDetector - Property Detector custom Bean not found with name 'encryptablePropertyDetector'. Initializing Default Property Detector
2021-03-31 18:29:02.491 INFO  org.springframework.boot.web.embedded.tomcat.TomcatWebServer - Tomcat initialized with port(s): 8021 (http)
2021-03-31 18:29:02.512 INFO  org.apache.coyote.http11.Http11NioProtocol - Initializing ProtocolHandler ["http-nio-8021"]
2021-03-31 18:29:02.514 INFO  org.apache.catalina.core.StandardService - Starting service [Tomcat]
2021-03-31 18:29:02.514 INFO  org.apache.catalina.core.StandardEngine - Starting Servlet engine: [Apache Tomcat/9.0.31]
2021-03-31 18:29:02.839 INFO  org.apache.catalina.core.ContainerBase.[Tomcat].[localhost].[/campus] - Initializing Spring embedded WebApplicationContext
2021-03-31 18:29:02.839 INFO  org.springframework.web.context.ContextLoader - Root WebApplicationContext: initialization completed in 3772 ms
2021-03-31 18:29:03.248 INFO  com.alibaba.druid.spring.boot.autoconfigure.DruidDataSourceAutoConfigure - Init DruidDataSource
2021-03-31 18:29:03.341 INFO  com.ulisesbocchio.jasyptspringboot.encryptor.DefaultLazyEncryptor - String Encryptor custom Bean not found with name 'jasyptStringEncryptor'. Initializing Default String Encryptor
2021-03-31 18:29:03.360 INFO  com.ulisesbocchio.jasyptspringboot.encryptor.DefaultLazyEncryptor - Encryptor config not found for property jasypt.encryptor.algorithm, using default value: PBEWithMD5AndDES
2021-03-31 18:29:03.360 INFO  com.ulisesbocchio.jasyptspringboot.encryptor.DefaultLazyEncryptor - Encryptor config not found for property jasypt.encryptor.keyObtentionIterations, using default value: 1000
2021-03-31 18:29:03.360 INFO  com.ulisesbocchio.jasyptspringboot.encryptor.DefaultLazyEncryptor - Encryptor config not found for property jasypt.encryptor.poolSize, using default value: 1
2021-03-31 18:29:03.360 INFO  com.ulisesbocchio.jasyptspringboot.encryptor.DefaultLazyEncryptor - Encryptor config not found for property jasypt.encryptor.providerName, using default value: null
2021-03-31 18:29:03.360 INFO  com.ulisesbocchio.jasyptspringboot.encryptor.DefaultLazyEncryptor - Encryptor config not found for property jasypt.encryptor.providerClassName, using default value: null
2021-03-31 18:29:03.360 INFO  com.ulisesbocchio.jasyptspringboot.encryptor.DefaultLazyEncryptor - Encryptor config not found for property jasypt.encryptor.saltGeneratorClassname, using default value: org.jasypt.salt.RandomSaltGenerator
2021-03-31 18:29:03.362 INFO  com.ulisesbocchio.jasyptspringboot.encryptor.DefaultLazyEncryptor - Encryptor config not found for property jasypt.encryptor.ivGeneratorClassname, using default value: org.jasypt.salt.NoOpIVGenerator
2021-03-31 18:29:03.365 INFO  com.ulisesbocchio.jasyptspringboot.encryptor.DefaultLazyEncryptor - Encryptor config not found for property jasypt.encryptor.stringOutputType, using default value: base64
2021-03-31 18:29:03.997 INFO  com.alibaba.druid.pool.DruidDataSource - {dataSource-1} inited
2021-03-31 18:29:09.075 INFO  springfox.documentation.spring.web.PropertySourcedRequestMappingHandlerMapping - Mapped URL path [/v2/api-docs] onto method [springfox.documentation.swagger2.web.Swagger2Controller#getDocumentation(String, HttpServletRequest)]
2021-03-31 18:29:09.327 INFO  org.springframework.scheduling.concurrent.ThreadPoolTaskExecutor - Initializing ExecutorService 'applicationTaskExecutor'
2021-03-31 18:29:09.986 INFO  org.quartz.impl.StdSchedulerFactory - Using default implementation for ThreadExecutor
2021-03-31 18:29:10.013 INFO  org.quartz.core.SchedulerSignalerImpl - Initialized Scheduler Signaller of type: class org.quartz.core.SchedulerSignalerImpl
2021-03-31 18:29:10.013 INFO  org.quartz.core.QuartzScheduler - Quartz Scheduler v.2.3.2 created.
2021-03-31 18:29:10.014 INFO  org.quartz.simpl.RAMJobStore - RAMJobStore initialized.
2021-03-31 18:29:10.016 INFO  org.quartz.core.QuartzScheduler - Scheduler meta-data: Quartz Scheduler (v2.3.2) 'quartzScheduler' with instanceId 'NON_CLUSTERED'
  Scheduler class: 'org.quartz.core.QuartzScheduler' - running locally.
  NOT STARTED.
  Currently in standby mode.
  Number of jobs executed: 0
  Using thread pool 'org.quartz.simpl.SimpleThreadPool' - with 10 threads.
  Using job-store 'org.quartz.simpl.RAMJobStore' - which does not support persistence. and is not clustered.

2021-03-31 18:29:10.016 INFO  org.quartz.impl.StdSchedulerFactory - Quartz scheduler 'quartzScheduler' initialized from an externally provided properties instance.
2021-03-31 18:29:10.017 INFO  org.quartz.impl.StdSchedulerFactory - Quartz scheduler version: 2.3.2
2021-03-31 18:29:10.017 INFO  org.quartz.core.QuartzScheduler - JobFactory set to: org.springframework.scheduling.quartz.SpringBeanJobFactory@22172b00
2021-03-31 18:29:10.111 INFO  springfox.documentation.spring.web.plugins.DocumentationPluginsBootstrapper - Context refreshed
2021-03-31 18:29:10.169 INFO  springfox.documentation.spring.web.plugins.DocumentationPluginsBootstrapper - Found 1 custom documentation plugin(s)
2021-03-31 18:29:10.238 INFO  springfox.documentation.spring.web.scanners.ApiListingReferenceScanner - Scanning for api listing references
2021-03-31 18:29:10.265 INFO  org.springframework.scheduling.quartz.SchedulerFactoryBean - Starting Quartz Scheduler now
2021-03-31 18:29:10.265 INFO  org.quartz.core.QuartzScheduler - Scheduler quartzScheduler_$_NON_CLUSTERED started.
2021-03-31 18:29:10.826 INFO  com.huiyi.campus.netty.NWebSocketServer - netty websocket server 启动完毕......
2021-03-31 18:29:10.830 INFO  org.apache.coyote.http11.Http11NioProtocol - Starting ProtocolHandler ["http-nio-8021"]
2021-03-31 18:29:10.860 INFO  org.springframework.boot.web.embedded.tomcat.TomcatWebServer - Tomcat started on port(s): 8021 (http) with context path '/campus'
2021-03-31 18:29:10.864 INFO  com.huiyi.campus.CampusStartApplication - Started CampusStartApplication in 12.865 seconds (JVM running for 17.018)
2021-03-31 18:29:10.868 INFO  com.huiyi.campus.CampusStartApplication - 




                                                                                                                                   dddddddd
                          tttt                                                         tttt                                          d::::::d
                       ttt:::t                                                      ttt:::t                                          d::::::d
                       t:::::t                                                      t:::::t                                          d::::::d
                       t:::::t                                                      t:::::t                                          d:::::d 
    ssssssssss   ttttttt:::::ttttttt      aaaaaaaaaaaaa   rrrrr   rrrrrrrrr   ttttttt:::::ttttttt        eeeeeeeeeeee        ddddddddd:::::d 
  ss::::::::::s  t:::::::::::::::::t      a::::::::::::a  r::::rrr:::::::::r  t:::::::::::::::::t      ee::::::::::::ee    dd::::::::::::::d 
ss:::::::::::::s t:::::::::::::::::t      aaaaaaaaa:::::a r:::::::::::::::::r t:::::::::::::::::t     e::::::eeeee:::::ee d::::::::::::::::d 
s::::::ssss:::::stttttt:::::::tttttt               a::::a rr::::::rrrrr::::::rtttttt:::::::tttttt    e::::::e     e:::::ed:::::::ddddd:::::d 
 s:::::s  ssssss       t:::::t              aaaaaaa:::::a  r:::::r     r:::::r      t:::::t          e:::::::eeeee::::::ed::::::d    d:::::d 
   s::::::s            t:::::t            aa::::::::::::a  r:::::r     rrrrrrr      t:::::t          e:::::::::::::::::e d:::::d     d:::::d 
      s::::::s         t:::::t           a::::aaaa::::::a  r:::::r                  t:::::t          e::::::eeeeeeeeeee  d:::::d     d:::::d 
ssssss   s:::::s       t:::::t    tttttta::::a    a:::::a  r:::::r                  t:::::t    tttttte:::::::e           d:::::d     d:::::d 
s:::::ssss::::::s      t::::::tttt:::::ta::::a    a:::::a  r:::::r                  t::::::tttt:::::te::::::::e          d::::::ddddd::::::dd
s::::::::::::::s       tt::::::::::::::ta:::::aaaa::::::a  r:::::r                  tt::::::::::::::t e::::::::eeeeeeee   d:::::::::::::::::d
 s:::::::::::ss          tt:::::::::::tt a::::::::::aa:::a r:::::r                    tt:::::::::::tt  ee:::::::::::::e    d:::::::::ddd::::d
  sssssssssss              ttttttttttt    aaaaaaaaaa  aaaa rrrrrrr                      ttttttttttt      eeeeeeeeeeeeee     ddddddddd   ddddd





2021-03-31 18:30:15.601 INFO  org.apache.catalina.core.ContainerBase.[Tomcat].[localhost].[/campus] - Initializing Spring DispatcherServlet 'dispatcherServlet'
2021-03-31 18:30:15.602 INFO  org.springframework.web.servlet.DispatcherServlet - Initializing Servlet 'dispatcherServlet'
2021-03-31 18:30:15.616 INFO  org.springframework.web.servlet.DispatcherServlet - Completed initialization in 14 ms
2021-03-31 18:42:13.420 INFO  org.quartz.core.QuartzScheduler - Scheduler quartzScheduler_$_NON_CLUSTERED paused.
2021-03-31 18:42:13.428 INFO  org.springframework.scheduling.quartz.SchedulerFactoryBean - Shutting down Quartz Scheduler
2021-03-31 18:42:13.428 INFO  org.quartz.core.QuartzScheduler - Scheduler quartzScheduler_$_NON_CLUSTERED shutting down.
2021-03-31 18:42:13.428 INFO  org.quartz.core.QuartzScheduler - Scheduler quartzScheduler_$_NON_CLUSTERED paused.
2021-03-31 18:42:13.430 INFO  org.quartz.core.QuartzScheduler - Scheduler quartzScheduler_$_NON_CLUSTERED shutdown complete.
2021-03-31 18:42:13.440 INFO  org.springframework.scheduling.concurrent.ThreadPoolTaskExecutor - Shutting down ExecutorService 'applicationTaskExecutor'
2021-03-31 18:42:13.529 INFO  com.alibaba.druid.pool.DruidDataSource - {dataSource-1} closing ...
2021-03-31 18:42:13.537 INFO  com.alibaba.druid.pool.DruidDataSource - {dataSource-1} closed
2021-03-31 18:42:21.634 INFO  com.huiyi.campus.CampusStartApplication - Starting CampusStartApplication on DESKTOP-T0CPH60 with PID 14212 (E:\qkl\zx\campus_health_system\campus_startup\target\classes started by wwwxi in E:\qkl\zx\campus_health_system)
2021-03-31 18:42:21.639 INFO  com.huiyi.campus.CampusStartApplication - The following profiles are active: datasource,cache
2021-03-31 18:42:23.586 INFO  org.springframework.data.repository.config.RepositoryConfigurationDelegate - Multiple Spring Data modules found, entering strict repository configuration mode!
2021-03-31 18:42:23.589 INFO  org.springframework.data.repository.config.RepositoryConfigurationDelegate - Bootstrapping Spring Data Redis repositories in DEFAULT mode.
2021-03-31 18:42:23.658 INFO  org.springframework.data.repository.config.RepositoryConfigurationDelegate - Finished Spring Data repository scanning in 43ms. Found 0 Redis repository interfaces.
2021-03-31 18:42:24.243 INFO  com.ulisesbocchio.jasyptspringboot.configuration.EnableEncryptablePropertiesBeanFactoryPostProcessor - Post-processing PropertySource instances
2021-03-31 18:42:24.340 INFO  com.ulisesbocchio.jasyptspringboot.EncryptablePropertySourceConverter - Converting PropertySource configurationProperties [org.springframework.boot.context.properties.source.ConfigurationPropertySourcesPropertySource] to AOP Proxy
2021-03-31 18:42:24.342 INFO  com.ulisesbocchio.jasyptspringboot.EncryptablePropertySourceConverter - Converting PropertySource servletConfigInitParams [org.springframework.core.env.PropertySource$StubPropertySource] to EncryptablePropertySourceWrapper
2021-03-31 18:42:24.342 INFO  com.ulisesbocchio.jasyptspringboot.EncryptablePropertySourceConverter - Converting PropertySource servletContextInitParams [org.springframework.core.env.PropertySource$StubPropertySource] to EncryptablePropertySourceWrapper
2021-03-31 18:42:24.343 INFO  com.ulisesbocchio.jasyptspringboot.EncryptablePropertySourceConverter - Converting PropertySource systemProperties [org.springframework.core.env.PropertiesPropertySource] to EncryptableMapPropertySourceWrapper
2021-03-31 18:42:24.343 INFO  com.ulisesbocchio.jasyptspringboot.EncryptablePropertySourceConverter - Converting PropertySource systemEnvironment [org.springframework.boot.env.SystemEnvironmentPropertySourceEnvironmentPostProcessor$OriginAwareSystemEnvironmentPropertySource] to EncryptableMapPropertySourceWrapper
2021-03-31 18:42:24.343 INFO  com.ulisesbocchio.jasyptspringboot.EncryptablePropertySourceConverter - Converting PropertySource random [org.springframework.boot.env.RandomValuePropertySource] to EncryptablePropertySourceWrapper
2021-03-31 18:42:24.343 INFO  com.ulisesbocchio.jasyptspringboot.EncryptablePropertySourceConverter - Converting PropertySource applicationConfig: [classpath:/application-cache.yml] [org.springframework.boot.env.OriginTrackedMapPropertySource] to EncryptableMapPropertySourceWrapper
2021-03-31 18:42:24.343 INFO  com.ulisesbocchio.jasyptspringboot.EncryptablePropertySourceConverter - Converting PropertySource applicationConfig: [classpath:/application-datasource.yml] [org.springframework.boot.env.OriginTrackedMapPropertySource] to EncryptableMapPropertySourceWrapper
2021-03-31 18:42:24.343 INFO  com.ulisesbocchio.jasyptspringboot.EncryptablePropertySourceConverter - Converting PropertySource applicationConfig: [classpath:/application.yml] [org.springframework.boot.env.OriginTrackedMapPropertySource] to EncryptableMapPropertySourceWrapper
2021-03-31 18:42:24.438 INFO  com.ulisesbocchio.jasyptspringboot.filter.DefaultLazyPropertyFilter - Property Filter custom Bean not found with name 'encryptablePropertyFilter'. Initializing Default Property Filter
2021-03-31 18:42:24.534 INFO  org.springframework.context.support.PostProcessorRegistrationDelegate$BeanPostProcessorChecker - Bean 'redisConfig' of type [com.huiyi.campus.common.config.redis.RedisConfig$$EnhancerBySpringCGLIB$$da82721c] is not eligible for getting processed by all BeanPostProcessors (for example: not eligible for auto-proxying)
2021-03-31 18:42:24.689 INFO  com.ulisesbocchio.jasyptspringboot.resolver.DefaultLazyPropertyResolver - Property Resolver custom Bean not found with name 'encryptablePropertyResolver'. Initializing Default Property Resolver
2021-03-31 18:42:24.691 INFO  com.ulisesbocchio.jasyptspringboot.detector.DefaultLazyPropertyDetector - Property Detector custom Bean not found with name 'encryptablePropertyDetector'. Initializing Default Property Detector
2021-03-31 18:42:25.059 INFO  org.springframework.boot.web.embedded.tomcat.TomcatWebServer - Tomcat initialized with port(s): 8021 (http)
2021-03-31 18:42:25.083 INFO  org.apache.coyote.http11.Http11NioProtocol - Initializing ProtocolHandler ["http-nio-8021"]
2021-03-31 18:42:25.084 INFO  org.apache.catalina.core.StandardService - Starting service [Tomcat]
2021-03-31 18:42:25.084 INFO  org.apache.catalina.core.StandardEngine - Starting Servlet engine: [Apache Tomcat/9.0.31]
2021-03-31 18:42:25.921 INFO  org.apache.catalina.core.ContainerBase.[Tomcat].[localhost].[/campus] - Initializing Spring embedded WebApplicationContext
2021-03-31 18:42:25.921 INFO  org.springframework.web.context.ContextLoader - Root WebApplicationContext: initialization completed in 4116 ms
2021-03-31 18:42:26.502 INFO  com.alibaba.druid.spring.boot.autoconfigure.DruidDataSourceAutoConfigure - Init DruidDataSource
2021-03-31 18:42:26.683 INFO  com.ulisesbocchio.jasyptspringboot.encryptor.DefaultLazyEncryptor - String Encryptor custom Bean not found with name 'jasyptStringEncryptor'. Initializing Default String Encryptor
2021-03-31 18:42:26.735 INFO  com.ulisesbocchio.jasyptspringboot.encryptor.DefaultLazyEncryptor - Encryptor config not found for property jasypt.encryptor.algorithm, using default value: PBEWithMD5AndDES
2021-03-31 18:42:26.736 INFO  com.ulisesbocchio.jasyptspringboot.encryptor.DefaultLazyEncryptor - Encryptor config not found for property jasypt.encryptor.keyObtentionIterations, using default value: 1000
2021-03-31 18:42:26.736 INFO  com.ulisesbocchio.jasyptspringboot.encryptor.DefaultLazyEncryptor - Encryptor config not found for property jasypt.encryptor.poolSize, using default value: 1
2021-03-31 18:42:26.736 INFO  com.ulisesbocchio.jasyptspringboot.encryptor.DefaultLazyEncryptor - Encryptor config not found for property jasypt.encryptor.providerName, using default value: null
2021-03-31 18:42:26.736 INFO  com.ulisesbocchio.jasyptspringboot.encryptor.DefaultLazyEncryptor - Encryptor config not found for property jasypt.encryptor.providerClassName, using default value: null
2021-03-31 18:42:26.737 INFO  com.ulisesbocchio.jasyptspringboot.encryptor.DefaultLazyEncryptor - Encryptor config not found for property jasypt.encryptor.saltGeneratorClassname, using default value: org.jasypt.salt.RandomSaltGenerator
2021-03-31 18:42:26.741 INFO  com.ulisesbocchio.jasyptspringboot.encryptor.DefaultLazyEncryptor - Encryptor config not found for property jasypt.encryptor.ivGeneratorClassname, using default value: org.jasypt.salt.NoOpIVGenerator
2021-03-31 18:42:26.744 INFO  com.ulisesbocchio.jasyptspringboot.encryptor.DefaultLazyEncryptor - Encryptor config not found for property jasypt.encryptor.stringOutputType, using default value: base64
2021-03-31 18:42:27.214 INFO  com.alibaba.druid.pool.DruidDataSource - {dataSource-1} inited
2021-03-31 18:42:29.521 INFO  springfox.documentation.spring.web.PropertySourcedRequestMappingHandlerMapping - Mapped URL path [/v2/api-docs] onto method [springfox.documentation.swagger2.web.Swagger2Controller#getDocumentation(String, HttpServletRequest)]
2021-03-31 18:42:29.908 INFO  org.springframework.scheduling.concurrent.ThreadPoolTaskExecutor - Initializing ExecutorService 'applicationTaskExecutor'
2021-03-31 18:42:30.724 INFO  org.quartz.impl.StdSchedulerFactory - Using default implementation for ThreadExecutor
2021-03-31 18:42:30.747 INFO  org.quartz.core.SchedulerSignalerImpl - Initialized Scheduler Signaller of type: class org.quartz.core.SchedulerSignalerImpl
2021-03-31 18:42:30.747 INFO  org.quartz.core.QuartzScheduler - Quartz Scheduler v.2.3.2 created.
2021-03-31 18:42:30.748 INFO  org.quartz.simpl.RAMJobStore - RAMJobStore initialized.
2021-03-31 18:42:30.750 INFO  org.quartz.core.QuartzScheduler - Scheduler meta-data: Quartz Scheduler (v2.3.2) 'quartzScheduler' with instanceId 'NON_CLUSTERED'
  Scheduler class: 'org.quartz.core.QuartzScheduler' - running locally.
  NOT STARTED.
  Currently in standby mode.
  Number of jobs executed: 0
  Using thread pool 'org.quartz.simpl.SimpleThreadPool' - with 10 threads.
  Using job-store 'org.quartz.simpl.RAMJobStore' - which does not support persistence. and is not clustered.

2021-03-31 18:42:30.750 INFO  org.quartz.impl.StdSchedulerFactory - Quartz scheduler 'quartzScheduler' initialized from an externally provided properties instance.
2021-03-31 18:42:30.750 INFO  org.quartz.impl.StdSchedulerFactory - Quartz scheduler version: 2.3.2
2021-03-31 18:42:30.750 INFO  org.quartz.core.QuartzScheduler - JobFactory set to: org.springframework.scheduling.quartz.SpringBeanJobFactory@696105c4
2021-03-31 18:42:30.858 INFO  springfox.documentation.spring.web.plugins.DocumentationPluginsBootstrapper - Context refreshed
2021-03-31 18:42:30.889 INFO  springfox.documentation.spring.web.plugins.DocumentationPluginsBootstrapper - Found 1 custom documentation plugin(s)
2021-03-31 18:42:30.946 INFO  springfox.documentation.spring.web.scanners.ApiListingReferenceScanner - Scanning for api listing references
2021-03-31 18:42:30.976 INFO  org.springframework.scheduling.quartz.SchedulerFactoryBean - Starting Quartz Scheduler now
2021-03-31 18:42:30.976 INFO  org.quartz.core.QuartzScheduler - Scheduler quartzScheduler_$_NON_CLUSTERED started.
2021-03-31 18:42:31.604 INFO  com.huiyi.campus.netty.NWebSocketServer - netty websocket server 启动完毕......
2021-03-31 18:42:31.609 INFO  org.apache.coyote.http11.Http11NioProtocol - Starting ProtocolHandler ["http-nio-8021"]
2021-03-31 18:42:31.641 INFO  org.springframework.boot.web.embedded.tomcat.TomcatWebServer - Tomcat started on port(s): 8021 (http) with context path '/campus'
2021-03-31 18:42:31.644 INFO  com.huiyi.campus.CampusStartApplication - Started CampusStartApplication in 10.893 seconds (JVM running for 14.051)
2021-03-31 18:42:31.646 INFO  com.huiyi.campus.CampusStartApplication - 




                                                                                                                                   dddddddd
                          tttt                                                         tttt                                          d::::::d
                       ttt:::t                                                      ttt:::t                                          d::::::d
                       t:::::t                                                      t:::::t                                          d::::::d
                       t:::::t                                                      t:::::t                                          d:::::d 
    ssssssssss   ttttttt:::::ttttttt      aaaaaaaaaaaaa   rrrrr   rrrrrrrrr   ttttttt:::::ttttttt        eeeeeeeeeeee        ddddddddd:::::d 
  ss::::::::::s  t:::::::::::::::::t      a::::::::::::a  r::::rrr:::::::::r  t:::::::::::::::::t      ee::::::::::::ee    dd::::::::::::::d 
ss:::::::::::::s t:::::::::::::::::t      aaaaaaaaa:::::a r:::::::::::::::::r t:::::::::::::::::t     e::::::eeeee:::::ee d::::::::::::::::d 
s::::::ssss:::::stttttt:::::::tttttt               a::::a rr::::::rrrrr::::::rtttttt:::::::tttttt    e::::::e     e:::::ed:::::::ddddd:::::d 
 s:::::s  ssssss       t:::::t              aaaaaaa:::::a  r:::::r     r:::::r      t:::::t          e:::::::eeeee::::::ed::::::d    d:::::d 
   s::::::s            t:::::t            aa::::::::::::a  r:::::r     rrrrrrr      t:::::t          e:::::::::::::::::e d:::::d     d:::::d 
      s::::::s         t:::::t           a::::aaaa::::::a  r:::::r                  t:::::t          e::::::eeeeeeeeeee  d:::::d     d:::::d 
ssssss   s:::::s       t:::::t    tttttta::::a    a:::::a  r:::::r                  t:::::t    tttttte:::::::e           d:::::d     d:::::d 
s:::::ssss::::::s      t::::::tttt:::::ta::::a    a:::::a  r:::::r                  t::::::tttt:::::te::::::::e          d::::::ddddd::::::dd
s::::::::::::::s       tt::::::::::::::ta:::::aaaa::::::a  r:::::r                  tt::::::::::::::t e::::::::eeeeeeee   d:::::::::::::::::d
 s:::::::::::ss          tt:::::::::::tt a::::::::::aa:::a r:::::r                    tt:::::::::::tt  ee:::::::::::::e    d:::::::::ddd::::d
  sssssssssss              ttttttttttt    aaaaaaaaaa  aaaa rrrrrrr                      ttttttttttt      eeeeeeeeeeeeee     ddddddddd   ddddd





2021-03-31 18:43:36.518 INFO  org.apache.catalina.core.ContainerBase.[Tomcat].[localhost].[/campus] - Initializing Spring DispatcherServlet 'dispatcherServlet'
2021-03-31 18:43:36.518 INFO  org.springframework.web.servlet.DispatcherServlet - Initializing Servlet 'dispatcherServlet'
2021-03-31 18:43:36.532 INFO  org.springframework.web.servlet.DispatcherServlet - Completed initialization in 14 ms
